Log file open, 03/11/20 21:18:28
LogWindows: Failed to load 'aqProf.dll' (GetLastError=126)
LogWindows: File 'aqProf.dll' does not exist
LogWindows: Failed to load 'VtuneApi.dll' (GetLastError=126)
LogWindows: File 'VtuneApi.dll' does not exist
LogWindows: Failed to load 'VtuneApi32e.dll' (GetLastError=126)
LogWindows: File 'VtuneApi32e.dll' does not exist
LogConsoleResponse: Display: Failed to find resolution value strings in scalability ini. Falling back to default.
LogInit: Display: Running engine for game: Ficka
LogPlatformFile: Not using cached read wrapper
LogTaskGraph: Started task graph with 5 named threads and 35 total threads with 3 sets of task threads.
LogStats: Stats thread started at 0.113199
LogD3D11RHI: Loaded GFSDK_Aftermath_Lib.x64.dll
LogICUInternationalization: ICU TimeZone Detection - Raw Offset: -5:00, Platform Override: ''
LogPluginManager: Mounting plugin Paper2D
LogPluginManager: Mounting plugin AISupport
LogPluginManager: Mounting plugin LiveLink
LogPluginManager: Mounting plugin LightPropagationVolume
LogPluginManager: Mounting plugin ActorLayerUtilities
LogPluginManager: Mounting plugin AnimationSharing
LogPluginManager: Mounting plugin CLionSourceCodeAccess
LogPluginManager: Mounting plugin CodeLiteSourceCodeAccess
LogPluginManager: Mounting plugin GitSourceControl
LogPluginManager: Mounting plugin KDevelopSourceCodeAccess
LogPluginManager: Mounting plugin NullSourceCodeAccess
LogPluginManager: Mounting plugin PerforceSourceControl
LogPluginManager: Mounting plugin PlasticSourceControl
LogPluginManager: Mounting plugin SubversionSourceControl
LogPluginManager: Mounting plugin UObjectPlugin
LogPluginManager: Mounting plugin VisualStudioCodeSourceCodeAccess
LogPluginManager: Mounting plugin VisualStudioSourceCodeAccess
LogPluginManager: Mounting plugin XCodeSourceCodeAccess
LogPluginManager: Mounting plugin AssetManagerEditor
LogPluginManager: Mounting plugin CryptoKeys
LogPluginManager: Mounting plugin CurveEditorTools
LogPluginManager: Mounting plugin DataValidation
LogPluginManager: Mounting plugin FacialAnimation
LogPluginManager: Mounting plugin GameplayTagsEditor
LogPluginManager: Mounting plugin MacGraphicsSwitching
LogPluginManager: Mounting plugin MaterialAnalyzer
LogPluginManager: Mounting plugin MobileLauncherProfileWizard
LogPluginManager: Mounting plugin PluginBrowser
LogPluginManager: Mounting plugin SpeedTreeImporter
LogPluginManager: Mounting plugin DatasmithContent
LogPluginManager: Mounting plugin VariantManagerContent
LogPluginManager: Mounting plugin AlembicImporter
LogPluginManager: Mounting plugin AutomationUtils
LogPluginManager: Mounting plugin BackChannel
LogPluginManager: Mounting plugin CharacterAI
LogPluginManager: Mounting plugin GeometryCache
LogPluginManager: Mounting plugin PlatformCrypto
LogPluginManager: Mounting plugin ProxyLODPlugin
LogPluginManager: Mounting plugin SkeletalReduction
LogPluginManager: Mounting plugin MagicLeap
LogPluginManager: Mounting plugin MagicLeapMedia
LogPluginManager: Mounting plugin MLSDK
LogPluginManager: Mounting plugin AndroidMedia
LogPluginManager: Mounting plugin AvfMedia
LogPluginManager: Mounting plugin ImgMedia
LogPluginManager: Mounting plugin MediaCompositing
LogPluginManager: Mounting plugin MediaPlayerEditor
LogPluginManager: Mounting plugin WebMMedia
LogPluginManager: Mounting plugin WmfMedia
LogPluginManager: Mounting plugin TcpMessaging
LogPluginManager: Mounting plugin UdpMessaging
LogPluginManager: Mounting plugin ActorSequence
LogPluginManager: Mounting plugin LevelSequenceEditor
LogPluginManager: Mounting plugin MatineeToLevelSequence
LogPluginManager: Mounting plugin NetcodeUnitTest
LogPluginManager: Mounting plugin NUTUnrealEngine4
LogPluginManager: Mounting plugin OnlineSubsystemGooglePlay
LogPluginManager: Mounting plugin OnlineSubsystemIOS
LogPluginManager: Mounting plugin OnlineSubsystem
LogPluginManager: Mounting plugin OnlineSubsystemNull
LogPluginManager: Mounting plugin OnlineSubsystemUtils
LogPluginManager: Mounting plugin LauncherChunkInstaller
LogPluginManager: Mounting plugin AndroidDeviceProfileSelector
LogPluginManager: Mounting plugin AndroidMoviePlayer
LogPluginManager: Mounting plugin AndroidPermission
LogPluginManager: Mounting plugin AppleImageUtils
LogPluginManager: Mounting plugin AppleMoviePlayer
LogPluginManager: Mounting plugin AppleARKit
LogPluginManager: Mounting plugin GoogleARCore
LogPluginManager: Mounting plugin GoogleARCoreServices
LogPluginManager: Mounting plugin ArchVisCharacter
LogPluginManager: Mounting plugin AssetTags
LogPluginManager: Mounting plugin AudioCapture
LogPluginManager: Mounting plugin CableComponent
LogPluginManager: Mounting plugin CustomMeshComponent
LogPluginManager: Mounting plugin EditableMesh
LogPluginManager: Mounting plugin ExampleDeviceProfileSelector
LogPluginManager: Mounting plugin GoogleCloudMessaging
LogPluginManager: Mounting plugin IOSDeviceProfileSelector
LogPluginManager: Mounting plugin LinuxDeviceProfileSelector
LogPluginManager: Mounting plugin LocationServicesBPLibrary
LogPluginManager: Mounting plugin MobilePatchingUtils
LogPluginManager: Mounting plugin OculusVR
LogPluginManager: Mounting plugin PhysXVehicles
LogPluginManager: Mounting plugin PostSplashScreen
LogPluginManager: Mounting plugin ProceduralMeshComponent
LogPluginManager: Mounting plugin RuntimePhysXCooking
LogPluginManager: Mounting plugin SignificanceManager
LogPluginManager: Mounting plugin SteamVR
LogPluginManager: Mounting plugin WebMMoviePlayer
LogPluginManager: Mounting plugin WindowsMoviePlayer
LogPluginManager: Mounting plugin ScreenshotTools
LogPluginManager: Mounting plugin Takes
LogInit: Using libcurl 7.55.1-DEV
LogInit:  - built for x86_64-pc-win32
LogInit:  - supports SSL with OpenSSL/1.1.1
LogInit:  - supports HTTP deflate (compression) using libz 1.2.8
LogInit:  - other features:
LogInit:      CURL_VERSION_SSL
LogInit:      CURL_VERSION_LIBZ
LogInit:      CURL_VERSION_IPV6
LogInit:      CURL_VERSION_ASYNCHDNS
LogInit:      CURL_VERSION_LARGEFILE
LogInit:      CURL_VERSION_IDN
LogInit:  CurlRequestOptions (configurable via config and command line):
LogInit:  - bVerifyPeer = true  - Libcurl will verify peer certificate
LogInit:  - bUseHttpProxy = false  - Libcurl will NOT use HTTP proxy
LogInit:  - bDontReuseConnections = false  - Libcurl will reuse connections
LogInit:  - MaxHostConnections = 16  - Libcurl will limit the number of connections to a host
LogInit:  - LocalHostAddr = Default
LogInit:  - BufferSize = 65536
LogOnline: OSS: Creating online subsystem instance for: NULL
LogInit: WinSock: version 1.1 (2.2), MaxSocks=32767, MaxUdp=65467
LogOnline: OSS: TryLoadSubsystemAndSetDefault: Loaded subsystem for module [NULL]
LogInit: Build: ++UE4+Release-4.24-CL-10757647
LogInit: Engine Version: 4.24.1-10757647+++UE4+Release-4.24
LogInit: Compatible Engine Version: 4.24.0-10570792+++UE4+Release-4.24
LogInit: Net CL: 10570792
LogInit: OS: Windows 10 (Release 1903) (), CPU: Intel(R) Core(TM) i7-6800K CPU @ 3.40GHz, GPU: NVIDIA GeForce GTX 1080
LogInit: Compiled (64-bit): Dec 17 2019 02:08:03
LogInit: Compiled with Visual C++: 19.16.27032.01
LogInit: Build Configuration: Development
LogInit: Branch Name: ++UE4+Release-4.24
LogInit: Command Line: 
LogInit: Base Directory: D:/Programs/UE_4.24/Engine/Binaries/Win64/
LogInit: Installed Engine Build: 1
LogDevObjectVersion: Number of dev versions registered: 25
LogDevObjectVersion:   Dev-Blueprints (B0D832E4-1F89-4F0D-ACCF-7EB736FD4AA2): 10
LogDevObjectVersion:   Dev-Build (E1C64328-A22C-4D53-A36C-8E866417BD8C): 0
LogDevObjectVersion:   Dev-Core (375EC13C-06E4-48FB-B500-84F0262A717E): 3
LogDevObjectVersion:   Dev-Editor (E4B068ED-F494-42E9-A231-DA0B2E46BB41): 37
LogDevObjectVersion:   Dev-Framework (CFFC743F-43B0-4480-9391-14DF171D2073): 36
LogDevObjectVersion:   Dev-Mobile (B02B49B5-BB20-44E9-A304-32B752E40360): 2
LogDevObjectVersion:   Dev-Networking (A4E4105C-59A1-49B5-A7C5-40C4547EDFEE): 0
LogDevObjectVersion:   Dev-Online (39C831C9-5AE6-47DC-9A44-9C173E1C8E7C): 0
LogDevObjectVersion:   Dev-Physics (78F01B33-EBEA-4F98-B9B4-84EACCB95AA2): 2
LogDevObjectVersion:   Dev-Platform (6631380F-2D4D-43E0-8009-CF276956A95A): 0
LogDevObjectVersion:   Dev-Rendering (12F88B9F-8875-4AFC-A67C-D90C383ABD29): 36
LogDevObjectVersion:   Dev-Sequencer (7B5AE74C-D270-4C10-A958-57980B212A5A): 11
LogDevObjectVersion:   Dev-VR (D7296918-1DD6-4BDD-9DE2-64A83CC13884): 2
LogDevObjectVersion:   Dev-LoadTimes (C2A15278-BFE7-4AFE-6C17-90FF531DF755): 1
LogDevObjectVersion:   Private-Geometry (6EACA3D4-40EC-4CC1-B786-8BED09428FC5): 3
LogDevObjectVersion:   Dev-AnimPhys (29E575DD-E0A3-4627-9D10-D276232CDCEA): 17
LogDevObjectVersion:   Dev-Anim (AF43A65D-7FD3-4947-9873-3E8ED9C1BB05): 2
LogDevObjectVersion:   Dev-ReflectionCapture (6B266CEC-1EC7-4B8F-A30B-E4D90942FC07): 1
LogDevObjectVersion:   Dev-Automation (0DF73D61-A23F-47EA-B727-89E90C41499A): 1
LogDevObjectVersion:   FortniteMain (601D1886-AC64-4F84-AA16-D3DE0DEAC7D6): 31
LogDevObjectVersion:   Dev-Enterprise (9DFFBCD6-494F-0158-E221-12823C92A888): 8
LogDevObjectVersion:   Dev-Niagara (F2AED0AC-9AFE-416F-8664-AA7FFA26D6FC): 1
LogDevObjectVersion:   Dev-Destruction (174F1F0B-B4C6-45A5-B13F-2EE8D0FB917D): 9
LogDevObjectVersion:   Dev-Physics-Ext (35F94A83-E258-406C-A318-09F59610247C): 8
LogDevObjectVersion:   Dev-CineCamera (B2E18506-4273-CFC2-A54E-F4BB758BBA07): 1
LogInit: Presizing for max 25165824 objects, including 0 objects not considered by GC, pre-allocating 0 bytes for permanent pool.
LogInit: Object subsystem initialized
LogConfig: Setting CVar [[con.DebugEarlyDefault:1]]
LogConfig: Setting CVar [[r.setres:1280x720]]
[2020.03.12-01.18.28:410][  0]LogConfig: Setting CVar [[r.VSync:0]]
[2020.03.12-01.18.28:410][  0]LogConfig: Setting CVar [[r.RHICmdBypass:0]]
[2020.03.12-01.18.28:411][  0]LogConfig: Applying CVar settings from Section [/Script/Engine.RendererSettings] File [D:/ThesisFicka/Ficka/Saved/Config/Windows/Engine.ini]
[2020.03.12-01.18.28:411][  0]LogConfig: Setting CVar [[r.GPUCrashDebugging:0]]
[2020.03.12-01.18.28:411][  0]LogConfig: Applying CVar settings from Section [/Script/Engine.RendererOverrideSettings] File [D:/ThesisFicka/Ficka/Saved/Config/Windows/Engine.ini]
[2020.03.12-01.18.28:411][  0]LogConfig: Applying CVar settings from Section [/Script/Engine.StreamingSettings] File [D:/ThesisFicka/Ficka/Saved/Config/Windows/Engine.ini]
[2020.03.12-01.18.28:411][  0]LogConfig: Setting CVar [[s.MinBulkDataSizeForAsyncLoading:131072]]
[2020.03.12-01.18.28:411][  0]LogConfig: Setting CVar [[s.AsyncLoadingThreadEnabled:0]]
[2020.03.12-01.18.28:411][  0]LogConfig: Setting CVar [[s.EventDrivenLoaderEnabled:1]]
[2020.03.12-01.18.28:411][  0]LogConfig: Setting CVar [[s.WarnIfTimeLimitExceeded:0]]
[2020.03.12-01.18.28:411][  0]LogConfig: Setting CVar [[s.TimeLimitExceededMultiplier:1.5]]
[2020.03.12-01.18.28:411][  0]LogConfig: Setting CVar [[s.TimeLimitExceededMinTime:0.005]]
[2020.03.12-01.18.28:411][  0]LogConfig: Setting CVar [[s.UseBackgroundLevelStreaming:1]]
[2020.03.12-01.18.28:411][  0]LogConfig: Setting CVar [[s.PriorityAsyncLoadingExtraTime:15.0]]
[2020.03.12-01.18.28:411][  0]LogConfig: Setting CVar [[s.LevelStreamingActorsUpdateTimeLimit:5.0]]
[2020.03.12-01.18.28:411][  0]LogConfig: Setting CVar [[s.PriorityLevelStreamingActorsUpdateExtraTime:5.0]]
[2020.03.12-01.18.28:411][  0]LogConfig: Setting CVar [[s.LevelStreamingComponentsRegistrationGranularity:10]]
[2020.03.12-01.18.28:411][  0]LogConfig: Setting CVar [[s.UnregisterComponentsTimeLimit:1.0]]
[2020.03.12-01.18.28:411][  0]LogConfig: Setting CVar [[s.LevelStreamingComponentsUnregistrationGranularity:5]]
[2020.03.12-01.18.28:411][  0]LogConfig: Setting CVar [[s.FlushStreamingOnExit:1]]
[2020.03.12-01.18.28:411][  0]LogConfig: Applying CVar settings from Section [/Script/Engine.GarbageCollectionSettings] File [D:/ThesisFicka/Ficka/Saved/Config/Windows/Engine.ini]
[2020.03.12-01.18.28:411][  0]LogConfig: Setting CVar [[gc.MaxObjectsNotConsideredByGC:1]]
[2020.03.12-01.18.28:411][  0]LogConfig: Setting CVar [[gc.SizeOfPermanentObjectPool:0]]
[2020.03.12-01.18.28:411][  0]LogConfig: Setting CVar [[gc.FlushStreamingOnGC:0]]
[2020.03.12-01.18.28:411][  0]LogConfig: Setting CVar [[gc.NumRetriesBeforeForcingGC:10]]
[2020.03.12-01.18.28:411][  0]LogConfig: Setting CVar [[gc.AllowParallelGC:1]]
[2020.03.12-01.18.28:411][  0]LogConfig: Setting CVar [[gc.TimeBetweenPurgingPendingKillObjects:61.1]]
[2020.03.12-01.18.28:411][  0]LogConfig: Setting CVar [[gc.MaxObjectsInEditor:25165824]]
[2020.03.12-01.18.28:411][  0]LogConfig: Setting CVar [[gc.IncrementalBeginDestroyEnabled:1]]
[2020.03.12-01.18.28:411][  0]LogConfig: Setting CVar [[gc.CreateGCClusters:1]]
[2020.03.12-01.18.28:411][  0]LogConfig: Setting CVar [[gc.MinGCClusterSize:5]]
[2020.03.12-01.18.28:411][  0]LogConfig: Setting CVar [[gc.ActorClusteringEnabled:0]]
[2020.03.12-01.18.28:411][  0]LogConfig: Setting CVar [[gc.BlueprintClusteringEnabled:0]]
[2020.03.12-01.18.28:411][  0]LogConfig: Setting CVar [[gc.UseDisregardForGCOnDedicatedServers:0]]
[2020.03.12-01.18.28:411][  0]LogConfig: Applying CVar settings from Section [/Script/Engine.NetworkSettings] File [D:/ThesisFicka/Ficka/Saved/Config/Windows/Engine.ini]
[2020.03.12-01.18.28:411][  0]LogConfig: Applying CVar settings from Section [/Script/UnrealEd.CookerSettings] File [D:/ThesisFicka/Ficka/Saved/Config/Windows/Engine.ini]
[2020.03.12-01.18.28:418][  0]LogConfig: Applying CVar settings from Section [ViewDistanceQuality@3] File [D:/ThesisFicka/Ficka/Saved/Config/Windows/Scalability.ini]
[2020.03.12-01.18.28:418][  0]LogConfig: Setting CVar [[r.SkeletalMeshLODBias:0]]
[2020.03.12-01.18.28:418][  0]LogConfig: Setting CVar [[r.ViewDistanceScale:1.0]]
[2020.03.12-01.18.28:418][  0]LogConfig: Applying CVar settings from Section [AntiAliasingQuality@3] File [D:/ThesisFicka/Ficka/Saved/Config/Windows/Scalability.ini]
[2020.03.12-01.18.28:418][  0]LogConfig: Setting CVar [[r.PostProcessAAQuality:4]]
[2020.03.12-01.18.28:418][  0]LogConfig: Applying CVar settings from Section [ShadowQuality@3] File [D:/ThesisFicka/Ficka/Saved/Config/Windows/Scalability.ini]
[2020.03.12-01.18.28:418][  0]LogConfig: Setting CVar [[r.LightFunctionQuality:1]]
[2020.03.12-01.18.28:418][  0]LogConfig: Setting CVar [[r.ShadowQuality:5]]
[2020.03.12-01.18.28:418][  0]LogConfig: Setting CVar [[r.Shadow.CSM.MaxCascades:10]]
[2020.03.12-01.18.28:418][  0]LogConfig: Setting CVar [[r.Shadow.MaxResolution:2048]]
[2020.03.12-01.18.28:418][  0]LogConfig: Setting CVar [[r.Shadow.MaxCSMResolution:2048]]
[2020.03.12-01.18.28:418][  0]LogConfig: Setting CVar [[r.Shadow.RadiusThreshold:0.01]]
[2020.03.12-01.18.28:418][  0]LogConfig: Setting CVar [[r.Shadow.DistanceScale:1.0]]
[2020.03.12-01.18.28:418][  0]LogConfig: Setting CVar [[r.Shadow.CSM.TransitionScale:1.0]]
[2020.03.12-01.18.28:418][  0]LogConfig: Setting CVar [[r.Shadow.PreShadowResolutionFactor:1.0]]
[2020.03.12-01.18.28:418][  0]LogConfig: Setting CVar [[r.DistanceFieldShadowing:1]]
[2020.03.12-01.18.28:418][  0]LogConfig: Setting CVar [[r.DistanceFieldAO:1]]
[2020.03.12-01.18.28:418][  0]LogConfig: Setting CVar [[r.AOQuality:2]]
[2020.03.12-01.18.28:418][  0]LogConfig: Setting CVar [[r.VolumetricFog:1]]
[2020.03.12-01.18.28:418][  0]LogConfig: Setting CVar [[r.VolumetricFog.GridPixelSize:8]]
[2020.03.12-01.18.28:418][  0]LogConfig: Setting CVar [[r.VolumetricFog.GridSizeZ:128]]
[2020.03.12-01.18.28:418][  0]LogConfig: Setting CVar [[r.VolumetricFog.HistoryMissSupersampleCount:4]]
[2020.03.12-01.18.28:418][  0]LogConfig: Setting CVar [[r.LightMaxDrawDistanceScale:1]]
[2020.03.12-01.18.28:418][  0]LogConfig: Setting CVar [[r.CapsuleShadows:1]]
[2020.03.12-01.18.28:418][  0]LogConfig: Applying CVar settings from Section [PostProcessQuality@3] File [D:/ThesisFicka/Ficka/Saved/Config/Windows/Scalability.ini]
[2020.03.12-01.18.28:418][  0]LogConfig: Setting CVar [[r.MotionBlurQuality:4]]
[2020.03.12-01.18.28:418][  0]LogConfig: Setting CVar [[r.AmbientOcclusionMipLevelFactor:0.4]]
[2020.03.12-01.18.28:418][  0]LogConfig: Setting CVar [[r.AmbientOcclusionMaxQuality:100]]
[2020.03.12-01.18.28:418][  0]LogConfig: Setting CVar [[r.AmbientOcclusionLevels:-1]]
[2020.03.12-01.18.28:418][  0]LogConfig: Setting CVar [[r.AmbientOcclusionRadiusScale:1.0]]
[2020.03.12-01.18.28:418][  0]LogConfig: Setting CVar [[r.DepthOfFieldQuality:2]]
[2020.03.12-01.18.28:418][  0]LogConfig: Setting CVar [[r.RenderTargetPoolMin:400]]
[2020.03.12-01.18.28:418][  0]LogConfig: Setting CVar [[r.LensFlareQuality:2]]
[2020.03.12-01.18.28:418][  0]LogConfig: Setting CVar [[r.SceneColorFringeQuality:1]]
[2020.03.12-01.18.28:418][  0]LogConfig: Setting CVar [[r.EyeAdaptationQuality:2]]
[2020.03.12-01.18.28:418][  0]LogConfig: Setting CVar [[r.BloomQuality:5]]
[2020.03.12-01.18.28:418][  0]LogConfig: Setting CVar [[r.FastBlurThreshold:100]]
[2020.03.12-01.18.28:418][  0]LogConfig: Setting CVar [[r.Upscale.Quality:3]]
[2020.03.12-01.18.28:418][  0]LogConfig: Setting CVar [[r.Tonemapper.GrainQuantization:1]]
[2020.03.12-01.18.28:418][  0]LogConfig: Setting CVar [[r.LightShaftQuality:1]]
[2020.03.12-01.18.28:418][  0]LogConfig: Setting CVar [[r.Filter.SizeScale:1]]
[2020.03.12-01.18.28:418][  0]LogConfig: Setting CVar [[r.Tonemapper.Quality:5]]
[2020.03.12-01.18.28:418][  0]LogConfig: Setting CVar [[r.DOF.Gather.AccumulatorQuality:1        ; higher gathering accumulator quality]]
[2020.03.12-01.18.28:418][  0]LogConfig: Setting CVar [[r.DOF.Gather.PostfilterMethod:1          ; Median3x3 postfilering method]]
[2020.03.12-01.18.28:418][  0]LogConfig: Setting CVar [[r.DOF.Gather.EnableBokehSettings:0       ; no bokeh simulation when gathering]]
[2020.03.12-01.18.28:418][  0]LogConfig: Setting CVar [[r.DOF.Gather.RingCount:4                 ; medium number of samples when gathering]]
[2020.03.12-01.18.28:418][  0]LogConfig: Setting CVar [[r.DOF.Scatter.ForegroundCompositing:1    ; additive foreground scattering]]
[2020.03.12-01.18.28:418][  0]LogConfig: Setting CVar [[r.DOF.Scatter.BackgroundCompositing:2    ; additive background scattering]]
[2020.03.12-01.18.28:418][  0]LogConfig: Setting CVar [[r.DOF.Scatter.EnableBokehSettings:1      ; bokeh simulation when scattering]]
[2020.03.12-01.18.28:418][  0]LogConfig: Setting CVar [[r.DOF.Scatter.MaxSpriteRatio:0.1         ; only a maximum of 10% of scattered bokeh]]
[2020.03.12-01.18.28:418][  0]LogConfig: Setting CVar [[r.DOF.Recombine.Quality:1                ; cheap slight out of focus]]
[2020.03.12-01.18.28:418][  0]LogConfig: Setting CVar [[r.DOF.Recombine.EnableBokehSettings:0    ; no bokeh simulation on slight out of focus]]
[2020.03.12-01.18.28:418][  0]LogConfig: Setting CVar [[r.DOF.TemporalAAQuality:1                ; more stable temporal accumulation]]
[2020.03.12-01.18.28:418][  0]LogConfig: Setting CVar [[r.DOF.Kernel.MaxForegroundRadius:0.025]]
[2020.03.12-01.18.28:418][  0]LogConfig: Setting CVar [[r.DOF.Kernel.MaxBackgroundRadius:0.025]]
[2020.03.12-01.18.28:418][  0]LogConfig: Applying CVar settings from Section [TextureQuality@3] File [D:/ThesisFicka/Ficka/Saved/Config/Windows/Scalability.ini]
[2020.03.12-01.18.28:418][  0]LogConfig: Setting CVar [[r.Streaming.MipBias:0]]
[2020.03.12-01.18.28:418][  0]LogConfig: Setting CVar [[r.Streaming.AmortizeCPUToGPUCopy:0]]
[2020.03.12-01.18.28:418][  0]LogConfig: Setting CVar [[r.Streaming.MaxNumTexturesToStreamPerFrame:0]]
[2020.03.12-01.18.28:418][  0]LogConfig: Setting CVar [[r.Streaming.Boost:1]]
[2020.03.12-01.18.28:418][  0]LogConfig: Setting CVar [[r.MaxAnisotropy:8]]
[2020.03.12-01.18.28:418][  0]LogConfig: Setting CVar [[r.VT.MaxAnisotropy:8]]
[2020.03.12-01.18.28:418][  0]LogConfig: Setting CVar [[r.Streaming.LimitPoolSizeToVRAM:0]]
[2020.03.12-01.18.28:418][  0]LogConfig: Setting CVar [[r.Streaming.PoolSize:1000]]
[2020.03.12-01.18.28:418][  0]LogConfig: Setting CVar [[r.Streaming.MaxEffectiveScreenSize:0]]
[2020.03.12-01.18.28:418][  0]LogConfig: Applying CVar settings from Section [EffectsQuality@3] File [D:/ThesisFicka/Ficka/Saved/Config/Windows/Scalability.ini]
[2020.03.12-01.18.28:418][  0]LogConfig: Setting CVar [[r.TranslucencyLightingVolumeDim:64]]
[2020.03.12-01.18.28:418][  0]LogConfig: Setting CVar [[r.RefractionQuality:2]]
[2020.03.12-01.18.28:418][  0]LogConfig: Setting CVar [[r.SSR.Quality:3]]
[2020.03.12-01.18.28:418][  0]LogConfig: Setting CVar [[r.SSR.HalfResSceneColor:0]]
[2020.03.12-01.18.28:418][  0]LogConfig: Setting CVar [[r.SceneColorFormat:4]]
[2020.03.12-01.18.28:418][  0]LogConfig: Setting CVar [[r.DetailMode:2]]
[2020.03.12-01.18.28:418][  0]LogConfig: Setting CVar [[r.TranslucencyVolumeBlur:1]]
[2020.03.12-01.18.28:418][  0]LogConfig: Setting CVar [[r.MaterialQualityLevel:1 ; High quality]]
[2020.03.12-01.18.28:418][  0]LogConfig: Setting CVar [[r.SSS.Scale:1]]
[2020.03.12-01.18.28:418][  0]LogConfig: Setting CVar [[r.SSS.SampleSet:2]]
[2020.03.12-01.18.28:418][  0]LogConfig: Setting CVar [[r.SSS.Quality:1]]
[2020.03.12-01.18.28:418][  0]LogConfig: Setting CVar [[r.SSS.HalfRes:1]]
[2020.03.12-01.18.28:418][  0]LogConfig: Setting CVar [[r.SSGI.Quality:3]]
[2020.03.12-01.18.28:418][  0]LogConfig: Setting CVar [[r.EmitterSpawnRateScale:1.0]]
[2020.03.12-01.18.28:418][  0]LogConfig: Setting CVar [[r.ParticleLightQuality:2]]
[2020.03.12-01.18.28:418][  0]LogConfig: Setting CVar [[r.SkyAtmosphere.AerialPerspectiveLUT.FastApplyOnOpaque:1 ; Always have FastSkyLUT 1 in this case to avoid wrong sky]]
[2020.03.12-01.18.28:419][  0]LogConfig: Setting CVar [[r.SkyAtmosphere.AerialPerspectiveLUT.SampleCountPerSlice:1]]
[2020.03.12-01.18.28:419][  0]LogConfig: Setting CVar [[r.SkyAtmosphere.AerialPerspectiveLUT.DepthResolution:16.0]]
[2020.03.12-01.18.28:419][  0]LogConfig: Setting CVar [[r.SkyAtmosphere.FastSkyLUT:1]]
[2020.03.12-01.18.28:419][  0]LogConfig: Setting CVar [[r.SkyAtmosphere.FastSkyLUT.SampleCountMin:4.0]]
[2020.03.12-01.18.28:419][  0]LogConfig: Setting CVar [[r.SkyAtmosphere.FastSkyLUT.SampleCountMax:32.0]]
[2020.03.12-01.18.28:419][  0]LogConfig: Setting CVar [[r.SkyAtmosphere.SampleCountMin:4.0]]
[2020.03.12-01.18.28:419][  0]LogConfig: Setting CVar [[r.SkyAtmosphere.SampleCountMax:32.0]]
[2020.03.12-01.18.28:419][  0]LogConfig: Setting CVar [[r.SkyAtmosphere.TransmittanceLUT.UseSmallFormat:0]]
[2020.03.12-01.18.28:419][  0]LogConfig: Setting CVar [[r.SkyAtmosphere.TransmittanceLUT.SampleCount:10.0]]
[2020.03.12-01.18.28:419][  0]LogConfig: Setting CVar [[r.SkyAtmosphere.MultiScatteringLUT.SampleCount:15.0]]
[2020.03.12-01.18.28:419][  0]LogConfig: Applying CVar settings from Section [FoliageQuality@3] File [D:/ThesisFicka/Ficka/Saved/Config/Windows/Scalability.ini]
[2020.03.12-01.18.28:419][  0]LogConfig: Setting CVar [[foliage.DensityScale:1.0]]
[2020.03.12-01.18.28:419][  0]LogConfig: Setting CVar [[grass.DensityScale:1.0]]
[2020.03.12-01.18.28:419][  0]LogConfig: Applying CVar settings from Section [ShadingQuality@3] File [D:/ThesisFicka/Ficka/Saved/Config/Windows/Scalability.ini]
[2020.03.12-01.18.28:419][  0]LogConfig: Setting CVar [[r.HairStrands.SkyLighting.SampleCount:16]]
[2020.03.12-01.18.28:419][  0]LogConfig: Setting CVar [[r.HairStrands.SkyLighting.JitterIntegration:0]]
[2020.03.12-01.18.28:419][  0]LogConfig: Setting CVar [[r.HairStrands.SkyAO.SampleCount:16]]
[2020.03.12-01.18.28:419][  0]LogInit: Selected Device Profile: [Windows]
[2020.03.12-01.18.28:419][  0]LogInit: Applying CVar settings loaded from the selected device profile: [Windows]
[2020.03.12-01.18.28:421][  0]LogHAL: Display: Platform has ~ 32 GB [34266337280 / 34359738368 / 32], which maps to Largest [LargestMinGB=32, LargerMinGB=12, DefaultMinGB=8, SmallerMinGB=6, SmallestMinGB=0)
[2020.03.12-01.18.28:421][  0]LogInit: Going up to parent DeviceProfile []
[2020.03.12-01.18.28:421][  0]LogConfig: Applying CVar settings from Section [ViewDistanceQuality@3] File [D:/ThesisFicka/Ficka/Saved/Config/Windows/Scalability.ini]
[2020.03.12-01.18.28:421][  0]LogConfig: Setting CVar [[r.SkeletalMeshLODBias:0]]
[2020.03.12-01.18.28:421][  0]LogConfig: Setting CVar [[r.ViewDistanceScale:1.0]]
[2020.03.12-01.18.28:421][  0]LogConfig: Applying CVar settings from Section [AntiAliasingQuality@3] File [D:/ThesisFicka/Ficka/Saved/Config/Windows/Scalability.ini]
[2020.03.12-01.18.28:421][  0]LogConfig: Setting CVar [[r.PostProcessAAQuality:4]]
[2020.03.12-01.18.28:421][  0]LogConfig: Applying CVar settings from Section [ShadowQuality@3] File [D:/ThesisFicka/Ficka/Saved/Config/Windows/Scalability.ini]
[2020.03.12-01.18.28:421][  0]LogConfig: Setting CVar [[r.LightFunctionQuality:1]]
[2020.03.12-01.18.28:421][  0]LogConfig: Setting CVar [[r.ShadowQuality:5]]
[2020.03.12-01.18.28:421][  0]LogConfig: Setting CVar [[r.Shadow.CSM.MaxCascades:10]]
[2020.03.12-01.18.28:421][  0]LogConfig: Setting CVar [[r.Shadow.MaxResolution:2048]]
[2020.03.12-01.18.28:421][  0]LogConfig: Setting CVar [[r.Shadow.MaxCSMResolution:2048]]
[2020.03.12-01.18.28:421][  0]LogConfig: Setting CVar [[r.Shadow.RadiusThreshold:0.01]]
[2020.03.12-01.18.28:421][  0]LogConfig: Setting CVar [[r.Shadow.DistanceScale:1.0]]
[2020.03.12-01.18.28:421][  0]LogConfig: Setting CVar [[r.Shadow.CSM.TransitionScale:1.0]]
[2020.03.12-01.18.28:421][  0]LogConfig: Setting CVar [[r.Shadow.PreShadowResolutionFactor:1.0]]
[2020.03.12-01.18.28:421][  0]LogConfig: Setting CVar [[r.DistanceFieldShadowing:1]]
[2020.03.12-01.18.28:421][  0]LogConfig: Setting CVar [[r.DistanceFieldAO:1]]
[2020.03.12-01.18.28:421][  0]LogConfig: Setting CVar [[r.AOQuality:2]]
[2020.03.12-01.18.28:421][  0]LogConfig: Setting CVar [[r.VolumetricFog:1]]
[2020.03.12-01.18.28:421][  0]LogConfig: Setting CVar [[r.VolumetricFog.GridPixelSize:8]]
[2020.03.12-01.18.28:421][  0]LogConfig: Setting CVar [[r.VolumetricFog.GridSizeZ:128]]
[2020.03.12-01.18.28:421][  0]LogConfig: Setting CVar [[r.VolumetricFog.HistoryMissSupersampleCount:4]]
[2020.03.12-01.18.28:421][  0]LogConfig: Setting CVar [[r.LightMaxDrawDistanceScale:1]]
[2020.03.12-01.18.28:421][  0]LogConfig: Setting CVar [[r.CapsuleShadows:1]]
[2020.03.12-01.18.28:421][  0]LogConfig: Applying CVar settings from Section [PostProcessQuality@3] File [D:/ThesisFicka/Ficka/Saved/Config/Windows/Scalability.ini]
[2020.03.12-01.18.28:421][  0]LogConfig: Setting CVar [[r.MotionBlurQuality:4]]
[2020.03.12-01.18.28:421][  0]LogConfig: Setting CVar [[r.AmbientOcclusionMipLevelFactor:0.4]]
[2020.03.12-01.18.28:421][  0]LogConfig: Setting CVar [[r.AmbientOcclusionMaxQuality:100]]
[2020.03.12-01.18.28:421][  0]LogConfig: Setting CVar [[r.AmbientOcclusionLevels:-1]]
[2020.03.12-01.18.28:421][  0]LogConfig: Setting CVar [[r.AmbientOcclusionRadiusScale:1.0]]
[2020.03.12-01.18.28:421][  0]LogConfig: Setting CVar [[r.DepthOfFieldQuality:2]]
[2020.03.12-01.18.28:421][  0]LogConfig: Setting CVar [[r.RenderTargetPoolMin:400]]
[2020.03.12-01.18.28:422][  0]LogConfig: Setting CVar [[r.LensFlareQuality:2]]
[2020.03.12-01.18.28:422][  0]LogConfig: Setting CVar [[r.SceneColorFringeQuality:1]]
[2020.03.12-01.18.28:422][  0]LogConfig: Setting CVar [[r.EyeAdaptationQuality:2]]
[2020.03.12-01.18.28:422][  0]LogConfig: Setting CVar [[r.BloomQuality:5]]
[2020.03.12-01.18.28:422][  0]LogConfig: Setting CVar [[r.FastBlurThreshold:100]]
[2020.03.12-01.18.28:422][  0]LogConfig: Setting CVar [[r.Upscale.Quality:3]]
[2020.03.12-01.18.28:422][  0]LogConfig: Setting CVar [[r.Tonemapper.GrainQuantization:1]]
[2020.03.12-01.18.28:422][  0]LogConfig: Setting CVar [[r.LightShaftQuality:1]]
[2020.03.12-01.18.28:422][  0]LogConfig: Setting CVar [[r.Filter.SizeScale:1]]
[2020.03.12-01.18.28:422][  0]LogConfig: Setting CVar [[r.Tonemapper.Quality:5]]
[2020.03.12-01.18.28:422][  0]LogConfig: Setting CVar [[r.DOF.Gather.AccumulatorQuality:1        ; higher gathering accumulator quality]]
[2020.03.12-01.18.28:422][  0]LogConfig: Setting CVar [[r.DOF.Gather.PostfilterMethod:1          ; Median3x3 postfilering method]]
[2020.03.12-01.18.28:422][  0]LogConfig: Setting CVar [[r.DOF.Gather.EnableBokehSettings:0       ; no bokeh simulation when gathering]]
[2020.03.12-01.18.28:422][  0]LogConfig: Setting CVar [[r.DOF.Gather.RingCount:4                 ; medium number of samples when gathering]]
[2020.03.12-01.18.28:422][  0]LogConfig: Setting CVar [[r.DOF.Scatter.ForegroundCompositing:1    ; additive foreground scattering]]
[2020.03.12-01.18.28:422][  0]LogConfig: Setting CVar [[r.DOF.Scatter.BackgroundCompositing:2    ; additive background scattering]]
[2020.03.12-01.18.28:422][  0]LogConfig: Setting CVar [[r.DOF.Scatter.EnableBokehSettings:1      ; bokeh simulation when scattering]]
[2020.03.12-01.18.28:422][  0]LogConfig: Setting CVar [[r.DOF.Scatter.MaxSpriteRatio:0.1         ; only a maximum of 10% of scattered bokeh]]
[2020.03.12-01.18.28:422][  0]LogConfig: Setting CVar [[r.DOF.Recombine.Quality:1                ; cheap slight out of focus]]
[2020.03.12-01.18.28:422][  0]LogConfig: Setting CVar [[r.DOF.Recombine.EnableBokehSettings:0    ; no bokeh simulation on slight out of focus]]
[2020.03.12-01.18.28:422][  0]LogConfig: Setting CVar [[r.DOF.TemporalAAQuality:1                ; more stable temporal accumulation]]
[2020.03.12-01.18.28:422][  0]LogConfig: Setting CVar [[r.DOF.Kernel.MaxForegroundRadius:0.025]]
[2020.03.12-01.18.28:422][  0]LogConfig: Setting CVar [[r.DOF.Kernel.MaxBackgroundRadius:0.025]]
[2020.03.12-01.18.28:422][  0]LogConfig: Applying CVar settings from Section [TextureQuality@3] File [D:/ThesisFicka/Ficka/Saved/Config/Windows/Scalability.ini]
[2020.03.12-01.18.28:422][  0]LogConfig: Setting CVar [[r.Streaming.MipBias:0]]
[2020.03.12-01.18.28:422][  0]LogConfig: Setting CVar [[r.Streaming.AmortizeCPUToGPUCopy:0]]
[2020.03.12-01.18.28:422][  0]LogConfig: Setting CVar [[r.Streaming.MaxNumTexturesToStreamPerFrame:0]]
[2020.03.12-01.18.28:422][  0]LogConfig: Setting CVar [[r.Streaming.Boost:1]]
[2020.03.12-01.18.28:422][  0]LogConfig: Setting CVar [[r.MaxAnisotropy:8]]
[2020.03.12-01.18.28:422][  0]LogConfig: Setting CVar [[r.VT.MaxAnisotropy:8]]
[2020.03.12-01.18.28:422][  0]LogConfig: Setting CVar [[r.Streaming.LimitPoolSizeToVRAM:0]]
[2020.03.12-01.18.28:422][  0]LogConfig: Setting CVar [[r.Streaming.PoolSize:1000]]
[2020.03.12-01.18.28:422][  0]LogConfig: Setting CVar [[r.Streaming.MaxEffectiveScreenSize:0]]
[2020.03.12-01.18.28:422][  0]LogConfig: Applying CVar settings from Section [EffectsQuality@3] File [D:/ThesisFicka/Ficka/Saved/Config/Windows/Scalability.ini]
[2020.03.12-01.18.28:422][  0]LogConfig: Setting CVar [[r.TranslucencyLightingVolumeDim:64]]
[2020.03.12-01.18.28:422][  0]LogConfig: Setting CVar [[r.RefractionQuality:2]]
[2020.03.12-01.18.28:422][  0]LogConfig: Setting CVar [[r.SSR.Quality:3]]
[2020.03.12-01.18.28:422][  0]LogConfig: Setting CVar [[r.SSR.HalfResSceneColor:0]]
[2020.03.12-01.18.28:422][  0]LogConfig: Setting CVar [[r.SceneColorFormat:4]]
[2020.03.12-01.18.28:422][  0]LogConfig: Setting CVar [[r.DetailMode:2]]
[2020.03.12-01.18.28:422][  0]LogConfig: Setting CVar [[r.TranslucencyVolumeBlur:1]]
[2020.03.12-01.18.28:422][  0]LogConfig: Setting CVar [[r.MaterialQualityLevel:1 ; High quality]]
[2020.03.12-01.18.28:422][  0]LogConfig: Setting CVar [[r.SSS.Scale:1]]
[2020.03.12-01.18.28:422][  0]LogConfig: Setting CVar [[r.SSS.SampleSet:2]]
[2020.03.12-01.18.28:422][  0]LogConfig: Setting CVar [[r.SSS.Quality:1]]
[2020.03.12-01.18.28:422][  0]LogConfig: Setting CVar [[r.SSS.HalfRes:1]]
[2020.03.12-01.18.28:422][  0]LogConfig: Setting CVar [[r.SSGI.Quality:3]]
[2020.03.12-01.18.28:422][  0]LogConfig: Setting CVar [[r.EmitterSpawnRateScale:1.0]]
[2020.03.12-01.18.28:422][  0]LogConfig: Setting CVar [[r.ParticleLightQuality:2]]
[2020.03.12-01.18.28:422][  0]LogConfig: Setting CVar [[r.SkyAtmosphere.AerialPerspectiveLUT.FastApplyOnOpaque:1 ; Always have FastSkyLUT 1 in this case to avoid wrong sky]]
[2020.03.12-01.18.28:422][  0]LogConfig: Setting CVar [[r.SkyAtmosphere.AerialPerspectiveLUT.SampleCountPerSlice:1]]
[2020.03.12-01.18.28:422][  0]LogConfig: Setting CVar [[r.SkyAtmosphere.AerialPerspectiveLUT.DepthResolution:16.0]]
[2020.03.12-01.18.28:422][  0]LogConfig: Setting CVar [[r.SkyAtmosphere.FastSkyLUT:1]]
[2020.03.12-01.18.28:422][  0]LogConfig: Setting CVar [[r.SkyAtmosphere.FastSkyLUT.SampleCountMin:4.0]]
[2020.03.12-01.18.28:422][  0]LogConfig: Setting CVar [[r.SkyAtmosphere.FastSkyLUT.SampleCountMax:32.0]]
[2020.03.12-01.18.28:422][  0]LogConfig: Setting CVar [[r.SkyAtmosphere.SampleCountMin:4.0]]
[2020.03.12-01.18.28:422][  0]LogConfig: Setting CVar [[r.SkyAtmosphere.SampleCountMax:32.0]]
[2020.03.12-01.18.28:422][  0]LogConfig: Setting CVar [[r.SkyAtmosphere.TransmittanceLUT.UseSmallFormat:0]]
[2020.03.12-01.18.28:422][  0]LogConfig: Setting CVar [[r.SkyAtmosphere.TransmittanceLUT.SampleCount:10.0]]
[2020.03.12-01.18.28:422][  0]LogConfig: Setting CVar [[r.SkyAtmosphere.MultiScatteringLUT.SampleCount:15.0]]
[2020.03.12-01.18.28:422][  0]LogConfig: Applying CVar settings from Section [FoliageQuality@3] File [D:/ThesisFicka/Ficka/Saved/Config/Windows/Scalability.ini]
[2020.03.12-01.18.28:422][  0]LogConfig: Setting CVar [[foliage.DensityScale:1.0]]
[2020.03.12-01.18.28:422][  0]LogConfig: Setting CVar [[grass.DensityScale:1.0]]
[2020.03.12-01.18.28:422][  0]LogConfig: Applying CVar settings from Section [ShadingQuality@3] File [D:/ThesisFicka/Ficka/Saved/Config/Windows/Scalability.ini]
[2020.03.12-01.18.28:422][  0]LogConfig: Setting CVar [[r.HairStrands.SkyLighting.SampleCount:16]]
[2020.03.12-01.18.28:422][  0]LogConfig: Setting CVar [[r.HairStrands.SkyLighting.JitterIntegration:0]]
[2020.03.12-01.18.28:422][  0]LogConfig: Setting CVar [[r.HairStrands.SkyAO.SampleCount:16]]
[2020.03.12-01.18.28:422][  0]LogConfig: Applying CVar settings from Section [Startup] File [../../../Engine/Config/ConsoleVariables.ini]
[2020.03.12-01.18.28:423][  0]LogConfig: Setting CVar [[net.UseAdaptiveNetUpdateFrequency:0]]
[2020.03.12-01.18.28:423][  0]LogConfig: Setting CVar [[p.chaos.AllowCreatePhysxBodies:1]]
[2020.03.12-01.18.28:423][  0]LogConfig: Applying CVar settings from Section [ConsoleVariables] File [D:/ThesisFicka/Ficka/Saved/Config/Windows/Engine.ini]
[2020.03.12-01.18.28:423][  0]LogInit: Computer: DESKTOP-2KDI07U
[2020.03.12-01.18.28:423][  0]LogInit: User: Dominic
[2020.03.12-01.18.28:423][  0]LogInit: CPU Page size=4096, Cores=6
[2020.03.12-01.18.28:423][  0]LogInit: High frequency timer resolution =10.000000 MHz
[2020.03.12-01.18.28:423][  0]LogMemory: Memory total: Physical=31.9GB (32GB approx)
[2020.03.12-01.18.28:423][  0]LogMemory: Platform Memory Stats for Windows
[2020.03.12-01.18.28:423][  0]LogMemory: Process Physical Memory: 107.49 MB used, 107.50 MB peak
[2020.03.12-01.18.28:423][  0]LogMemory: Process Virtual Memory: 102.80 MB used, 102.80 MB peak
[2020.03.12-01.18.28:423][  0]LogMemory: Physical Memory: 7986.84 MB used,  24692.08 MB free, 32678.93 MB total
[2020.03.12-01.18.28:423][  0]LogMemory: Virtual Memory: 5162.14 MB used,  134212568.00 MB free, 134217728.00 MB total
[2020.03.12-01.18.28:428][  0]LogWindows: WindowsPlatformFeatures enabled
[2020.03.12-01.18.28:450][  0]LogInit: Using OS detected language (en-US).
[2020.03.12-01.18.28:450][  0]LogInit: Using OS detected locale (en-US).
[2020.03.12-01.18.28:456][  0]LogTextLocalizationManager: No specific localization for 'en-US' exists, so the 'en' localization will be used.
[2020.03.12-01.18.28:630][  0]LogInit: Setting process to per monitor DPI aware
[2020.03.12-01.18.28:669][  0]LogSlate: New Slate User Created.  User Index 0, Is Virtual User: 0
[2020.03.12-01.18.28:669][  0]LogSlate: Slate User Registered.  User Index 0, Is Virtual User: 0
[2020.03.12-01.18.28:850][  0]LogHMD: Failed to initialize OpenVR with code 126
[2020.03.12-01.18.28:850][  0]LogD3D11RHI: D3D11 min allowed feature level: 11_0
[2020.03.12-01.18.28:850][  0]LogD3D11RHI: D3D11 max allowed feature level: 11_0
[2020.03.12-01.18.28:850][  0]LogD3D11RHI: D3D11 adapters:
[2020.03.12-01.18.28:918][  0]LogD3D11RHI:    0. 'NVIDIA GeForce GTX 1080' (Feature Level 11_0)
[2020.03.12-01.18.28:918][  0]LogD3D11RHI:       8079/0/16339 MB DedicatedVideo/DedicatedSystem/SharedSystem, Outputs:2, VendorId:0x10de
[2020.03.12-01.18.28:921][  0]LogD3D11RHI:    1. 'Microsoft Basic Render Driver' (Feature Level 11_0)
[2020.03.12-01.18.28:921][  0]LogD3D11RHI:       0/0/16339 MB DedicatedVideo/DedicatedSystem/SharedSystem, Outputs:0, VendorId:0x1414
[2020.03.12-01.18.28:921][  0]LogD3D11RHI: Chosen D3D11 Adapter: 0
[2020.03.12-01.18.28:928][  0]LogD3D11RHI: Creating new Direct3DDevice
[2020.03.12-01.18.28:929][  0]LogD3D11RHI:     GPU DeviceId: 0x1b80 (for the marketing name, search the web for "GPU Device Id")
[2020.03.12-01.18.28:929][  0]LogWindows: EnumDisplayDevices:
[2020.03.12-01.18.28:929][  0]LogWindows:    0. 'NVIDIA GeForce GTX 1080' (P:1 D:1)
[2020.03.12-01.18.28:929][  0]LogWindows:    1. 'NVIDIA GeForce GTX 1080' (P:0 D:1)
[2020.03.12-01.18.28:930][  0]LogWindows:    2. 'NVIDIA GeForce GTX 1080' (P:0 D:0)
[2020.03.12-01.18.28:931][  0]LogWindows:    3. 'NVIDIA GeForce GTX 1080' (P:0 D:0)
[2020.03.12-01.18.28:931][  0]LogWindows: DebugString: FoundDriverCount:4 
[2020.03.12-01.18.28:931][  0]LogD3D11RHI:     Adapter Name: NVIDIA GeForce GTX 1080
[2020.03.12-01.18.28:931][  0]LogD3D11RHI:   Driver Version: 441.66 (internal:26.21.14.4166, unified:441.66)
[2020.03.12-01.18.28:931][  0]LogD3D11RHI:      Driver Date: 12-6-2019
[2020.03.12-01.18.28:931][  0]LogRHI: Texture pool is 5655 MB (70% of 8079 MB)
[2020.03.12-01.18.28:979][  0]LogD3D11RHI: RHI has support for 64 bit atomics
[2020.03.12-01.18.28:979][  0]LogD3D11RHI: Async texture creation enabled
[2020.03.12-01.18.28:992][  0]LogD3D11RHI: GPU Timing Frequency: 1000.000000 (Debug: 2 1)
[2020.03.12-01.18.29:414][  0]LogTargetPlatformManager: Display: Loaded TargetPlatform 'AllDesktop'
[2020.03.12-01.18.29:443][  0]LogTargetPlatformManager: Display: Loaded TargetPlatform 'Android'
[2020.03.12-01.18.29:443][  0]LogTargetPlatformManager: Display: Loaded TargetPlatform 'Android_ASTC'
[2020.03.12-01.18.29:443][  0]LogTargetPlatformManager: Display: Loaded TargetPlatform 'Android_ATC'
[2020.03.12-01.18.29:443][  0]LogTargetPlatformManager: Display: Loaded TargetPlatform 'Android_DXT'
[2020.03.12-01.18.29:443][  0]LogTargetPlatformManager: Display: Loaded TargetPlatform 'Android_ETC1'
[2020.03.12-01.18.29:443][  0]LogTargetPlatformManager: Display: Loaded TargetPlatform 'Android_ETC1a'
[2020.03.12-01.18.29:443][  0]LogTargetPlatformManager: Display: Loaded TargetPlatform 'Android_ETC2'
[2020.03.12-01.18.29:443][  0]LogTargetPlatformManager: Display: Loaded TargetPlatform 'Android_PVRTC'
[2020.03.12-01.18.29:443][  0]LogTargetPlatformManager: Display: Loaded TargetPlatform 'AndroidClient'
[2020.03.12-01.18.29:443][  0]LogTargetPlatformManager: Display: Loaded TargetPlatform 'Android_ASTCClient'
[2020.03.12-01.18.29:443][  0]LogTargetPlatformManager: Display: Loaded TargetPlatform 'Android_ATCClient'
[2020.03.12-01.18.29:443][  0]LogTargetPlatformManager: Display: Loaded TargetPlatform 'Android_DXTClient'
[2020.03.12-01.18.29:443][  0]LogTargetPlatformManager: Display: Loaded TargetPlatform 'Android_ETC1Client'
[2020.03.12-01.18.29:443][  0]LogTargetPlatformManager: Display: Loaded TargetPlatform 'Android_ETC1aClient'
[2020.03.12-01.18.29:443][  0]LogTargetPlatformManager: Display: Loaded TargetPlatform 'Android_ETC2Client'
[2020.03.12-01.18.29:443][  0]LogTargetPlatformManager: Display: Loaded TargetPlatform 'Android_PVRTCClient'
[2020.03.12-01.18.29:443][  0]LogTargetPlatformManager: Display: Loaded TargetPlatform 'Android_Multi'
[2020.03.12-01.18.29:443][  0]LogTargetPlatformManager: Display: Loaded TargetPlatform 'Android_MultiClient'
[2020.03.12-01.18.29:462][  0]LogTargetPlatformManager: Display: Loaded TargetPlatform 'IOSClient'
[2020.03.12-01.18.29:462][  0]LogTargetPlatformManager: Display: Loaded TargetPlatform 'IOS'
[2020.03.12-01.18.29:469][  0]LogTargetPlatformManager: Display: Loaded TargetPlatform 'LinuxNoEditor'
[2020.03.12-01.18.29:475][  0]LogTargetPlatformManager: Display: Loaded TargetPlatform 'LinuxClient'
[2020.03.12-01.18.29:482][  0]LogTargetPlatformManager: Display: Loaded TargetPlatform 'LinuxServer'
[2020.03.12-01.18.29:489][  0]LogTargetPlatformManager: Display: Loaded TargetPlatform 'LinuxAArch64NoEditor'
[2020.03.12-01.18.29:496][  0]LogTargetPlatformManager: Display: Loaded TargetPlatform 'LinuxAArch64Client'
[2020.03.12-01.18.29:504][  0]LogTargetPlatformManager: Display: Loaded TargetPlatform 'LinuxAArch64Server'
[2020.03.12-01.18.29:527][  0]LogTargetPlatformManager: Display: Loaded TargetPlatform 'Lumin'
[2020.03.12-01.18.29:527][  0]LogTargetPlatformManager: Display: Loaded TargetPlatform 'LuminClient'
[2020.03.12-01.18.29:540][  0]LogTargetPlatformManager: Display: Loaded TargetPlatform 'TVOSClient'
[2020.03.12-01.18.29:540][  0]LogTargetPlatformManager: Display: Loaded TargetPlatform 'TVOS'
[2020.03.12-01.18.29:547][  0]LogTargetPlatformManager: Display: Loaded TargetPlatform 'WindowsNoEditor'
[2020.03.12-01.18.29:555][  0]LogTargetPlatformManager: Display: Loaded TargetPlatform 'Windows'
[2020.03.12-01.18.29:561][  0]LogTargetPlatformManager: Display: Loaded TargetPlatform 'WindowsClient'
[2020.03.12-01.18.29:568][  0]LogTargetPlatformManager: Display: Loaded TargetPlatform 'WindowsServer'
[2020.03.12-01.18.29:568][  0]LogTargetPlatformManager: Display: Building Assets For Windows
[2020.03.12-01.18.29:573][  0]LogAudioDebug: Display: Lib vorbis DLL was dynamically loaded.
[2020.03.12-01.18.29:603][  0]LogShaderCompilers: Guid format shader working directory is 16 characters bigger than the processId version (../../../../../ThesisFicka/Ficka/Intermediate/Shaders/WorkingDirectory/7040/).
[2020.03.12-01.18.29:603][  0]LogShaderCompilers: Cleaned the shader compiler working directory 'C:/Users/Dominic/AppData/Local/Temp/UnrealShaderWorkingDir/C6DF06AD4145B2BB60606E876A765AB2/'.
[2020.03.12-01.18.29:603][  0]LogXGEController: Cleaning working directory: C:/Users/Dominic/AppData/Local/Temp/UnrealXGEWorkingDir/
[2020.03.12-01.18.29:604][  0]LogXGEController: Cannot use XGE Controller as Incredibuild is not installed on this machine.
[2020.03.12-01.18.29:604][  0]LogShaderCompilers: Cannot use XGE Shader Compiler as Incredibuild is not installed on this machine.
[2020.03.12-01.18.29:604][  0]LogShaderCompilers: Display: Using Local Shader Compiler.
[2020.03.12-01.18.30:318][  0]LogDerivedDataCache: Display: Max Cache Size: 512 MB
[2020.03.12-01.18.30:382][  0]LogDerivedDataCache: Loaded boot cache 0.06s 78MB C:/Users/Dominic/AppData/Local/UnrealEngine/4.24/DerivedDataCache/Boot.ddc.
[2020.03.12-01.18.30:382][  0]LogDerivedDataCache: Display: Loaded Boot cache: C:/Users/Dominic/AppData/Local/UnrealEngine/4.24/DerivedDataCache/Boot.ddc
[2020.03.12-01.18.30:382][  0]LogDerivedDataCache: FDerivedDataBackendGraph:  Pak pak cache file ../../../../../ThesisFicka/Ficka/DerivedDataCache/DDC.ddp not found, will not use a pak cache.
[2020.03.12-01.18.30:382][  0]LogDerivedDataCache: Unable to find inner node Pak for hierarchical cache Hierarchy.
[2020.03.12-01.18.30:383][  0]LogDerivedDataCache: FDerivedDataBackendGraph:  CompressedPak pak cache file ../../../../../ThesisFicka/Ficka/DerivedDataCache/Compressed.ddp not found, will not use a pak cache.
[2020.03.12-01.18.30:383][  0]LogDerivedDataCache: Unable to find inner node CompressedPak for hierarchical cache Hierarchy.
[2020.03.12-01.18.30:392][  0]LogDerivedDataCache: Display: Pak cache opened for reading ../../../Engine/DerivedDataCache/Compressed.ddp.
[2020.03.12-01.18.30:392][  0]LogDerivedDataCache: FDerivedDataBackendGraph:  EnterprisePak pak cache file ../../../Enterprise/DerivedDataCache/Compressed.ddp not found, will not use a pak cache.
[2020.03.12-01.18.30:392][  0]LogDerivedDataCache: Unable to find inner node EnterprisePak for hierarchical cache Hierarchy.
[2020.03.12-01.18.30:394][  0]LogDerivedDataCache: Using Local data cache path C:/Users/Dominic/AppData/Local/UnrealEngine/Common/DerivedDataCache: Writable
[2020.03.12-01.18.30:394][  0]LogDerivedDataCache: Shared data cache path not found in *engine.ini, will not use an Shared cache.
[2020.03.12-01.18.30:394][  0]LogDerivedDataCache: Unable to find inner node Shared for hierarchical cache Hierarchy.
[2020.03.12-01.18.30:418][  0]LogMaterial: Verifying Global Shaders for PCD3D_SM5
[2020.03.12-01.18.30:420][  0]LogSlate: Using FreeType 2.10.0
[2020.03.12-01.18.30:421][  0]LogSlate: SlateFontServices - WITH_FREETYPE: 1, WITH_HARFBUZZ: 1
[2020.03.12-01.18.30:544][  0]LogAssetRegistry: FAssetRegistry took 0.0029 seconds to start up
[2020.03.12-01.18.30:821][  0]LogInit: Selected Device Profile: [Windows]
[2020.03.12-01.18.30:978][  0]LogMeshReduction: Using QuadricMeshReduction for automatic static mesh reduction
[2020.03.12-01.18.30:978][  0]LogMeshReduction: Using SimplygonMeshReduction for automatic skeletal mesh reduction
[2020.03.12-01.18.30:978][  0]LogMeshReduction: Using ProxyLODMeshReduction for automatic mesh merging
[2020.03.12-01.18.30:978][  0]LogMeshReduction: No distributed automatic mesh merging module available
[2020.03.12-01.18.30:978][  0]LogMeshMerging: No distributed automatic mesh merging module available
[2020.03.12-01.18.30:994][  0]LogNetVersion: Ficka 1.0.0, NetCL: 10570792, EngineNetVer: 13, GameNetVer: 0 (Checksum: 4207498835)
[2020.03.12-01.18.32:833][  0]LogPackageLocalizationCache: Processed 14 localized package path(s) for 1 prioritized culture(s) in 0.060661 seconds
[2020.03.12-01.18.32:839][  0]LogUObjectArray: 47448 objects as part of root set at end of initial load.
[2020.03.12-01.18.32:839][  0]LogUObjectAllocator: 8286104 out of 0 bytes used by permanent object pool.
[2020.03.12-01.18.32:839][  0]LogUObjectArray: CloseDisregardForGC: 0/0 objects in disregard for GC pool
[2020.03.12-01.18.33:275][  0]LogTcpMessaging: Initializing TcpMessaging bridge
[2020.03.12-01.18.33:279][  0]LogUdpMessaging: Initializing bridge on interface 0.0.0.0:0 to multicast group 230.0.0.1:6666.
[2020.03.12-01.18.33:361][  0]SourceControl: Source control is disabled
[2020.03.12-01.18.33:361][  0]SourceControl: Source control is disabled
[2020.03.12-01.18.33:362][  0]SourceControl: Source control is disabled
[2020.03.12-01.18.33:364][  0]SourceControl: Source control is disabled
[2020.03.12-01.18.33:365][  0]SourceControl: Source control is disabled
[2020.03.12-01.18.33:470][  0]LogAndroidPermission: UAndroidPermissionCallbackProxy::GetInstance
[2020.03.12-01.18.33:489][  0]LogAudioCaptureCore: Display: No Audio Capture implementations found. Audio input will be silent.
[2020.03.12-01.18.33:489][  0]LogAudioCaptureCore: Display: No Audio Capture implementations found. Audio input will be silent.
[2020.03.12-01.18.33:577][  0]LogOcInput: OculusInput pre-init called
[2020.03.12-01.18.33:585][  0]LogWindows: Failed to load 'OVRPlugin.dll' (GetLastError=126)
[2020.03.12-01.18.33:585][  0]LogWindows: File 'OVRPlugin.dll' does not exist
[2020.03.12-01.18.33:656][  0]LogEngine: Initializing Engine...
[2020.03.12-01.18.33:696][  0]LogHMD: Failed to initialize OpenVR with code 126
[2020.03.12-01.18.33:697][  0]LogStats: UGameplayTagsManager::InitializeManager -  0.000 s
[2020.03.12-01.18.34:022][  0]LogInit: Initializing FReadOnlyCVARCache
[2020.03.12-01.18.34:028][  0]LogAIModule: Creating AISystem for world Untitled
[2020.03.12-01.18.34:043][  0]LogAudioMixer: Display: Audio Mixer Platform Settings:
[2020.03.12-01.18.34:043][  0]LogAudioMixer: Display: 	Sample Rate:						  48000
[2020.03.12-01.18.34:043][  0]LogAudioMixer: Display: 	Callback Buffer Frame Size Requested: 1024
[2020.03.12-01.18.34:043][  0]LogAudioMixer: Display: 	Callback Buffer Frame Size To Use:	  1024
[2020.03.12-01.18.34:043][  0]LogAudioMixer: Display: 	Number of buffers to queue:			  2
[2020.03.12-01.18.34:043][  0]LogAudioMixer: Display: 	Max Channels (voices):				  32
[2020.03.12-01.18.34:043][  0]LogAudioMixer: Display: 	Number of Async Source Workers:		  0
[2020.03.12-01.18.34:043][  0]LogAudio: Display: AudioDevice MaxSources: 32
[2020.03.12-01.18.34:044][  0]LogAudio: Display: Using built-in audio occlusion.
[2020.03.12-01.18.34:044][  0]LogAudioMixer: Display: Initializing audio mixer.
[2020.03.12-01.18.34:135][  0]LogAudioMixer: Display: Audio Device Output Speaker Info:
[2020.03.12-01.18.34:135][  0]LogAudioMixer: Display: Name: Headphones (Realtek High Definition Audio)
[2020.03.12-01.18.34:135][  0]LogAudioMixer: Display: Is Default: Yes
[2020.03.12-01.18.34:135][  0]LogAudioMixer: Display: Sample Rate: 48000
[2020.03.12-01.18.34:135][  0]LogAudioMixer: Display: Channel Count Used: 2
[2020.03.12-01.18.34:135][  0]LogAudioMixer: Display: Device Channel Count: 2
[2020.03.12-01.18.34:135][  0]LogAudioMixer: Display: Channel Order:
[2020.03.12-01.18.34:136][  0]LogAudioMixer: Display: 0: FrontLeft
[2020.03.12-01.18.34:136][  0]LogAudioMixer: Display: 1: FrontRight
[2020.03.12-01.18.34:176][  0]LogAudioMixer: Display: Using Audio Device Headphones (Realtek High Definition Audio)
[2020.03.12-01.18.34:181][  0]LogInit: FAudioDevice initialized.
[2020.03.12-01.18.34:181][  0]LogNetVersion: Set ProjectVersion to 1.0.0.0. Version Checksum will be recalculated on next use.
[2020.03.12-01.18.34:263][  0]LogDerivedDataCache: Saved boot cache 0.08s 78MB C:/Users/Dominic/AppData/Local/UnrealEngine/4.24/DerivedDataCache/Boot.ddc.
[2020.03.12-01.18.34:267][  0]LogInit: Texture streaming: Enabled
[2020.03.12-01.18.34:280][  0]LogEngineSessionManager: EngineSessionManager initialized
[2020.03.12-01.18.34:280][  0]LogEngineSessionManager: EngineSessionManager sent abnormal shutdown report. Type=Crashed, SessionId={05FB47A7-4AB7-0FBA-8AD2-098F420CCFAC}
[2020.03.12-01.18.34:280][  0]LogEditorSessionSummary: Verbose: Initializing EditorSessionSummaryWriter for editor session tracking
[2020.03.12-01.18.34:284][  0]LogEditorSessionSummary: EditorSessionSummaryWriter initialized
[2020.03.12-01.18.34:329][  0]LogInit: Transaction tracking system initialized
[2020.03.12-01.18.34:340][  0]BlueprintLog: New page: Editor Load
[2020.03.12-01.18.34:380][  0]LocalizationService: Localization service is disabled
[2020.03.12-01.18.34:657][  0]LogCook: Display: Max memory allowance for cook 16384mb min free memory 0mb
[2020.03.12-01.18.34:657][  0]LogCook: Display: Mobile HDR setting 1
[2020.03.12-01.18.34:925][  0]LogFileCache: Scanning file cache for directory 'D:/ThesisFicka/Ficka/Content/' took 0.10s
[2020.03.12-01.18.38:692][  0]SourceControl: Source control is disabled
[2020.03.12-01.18.38:692][  0]Cmd: MAP LOAD FILE="../../../Engine/Content/Maps/Templates/Template_Default.umap" TEMPLATE=1 SHOWPROGRESS=1 FEATURELEVEL=3
[2020.03.12-01.18.38:693][  0]LightingResults: New page: Lighting Build
[2020.03.12-01.18.38:693][  0]LogWorld: UWorld::CleanupWorld for Untitled, bSessionEnded=true, bCleanupResources=true
[2020.03.12-01.18.38:693][  0]LogSlate: InvalidateAllWidgets triggered.  All widgets were invalidated
[2020.03.12-01.18.38:694][  0]MapCheck: New page: Map Check
[2020.03.12-01.18.38:694][  0]LightingResults: New page: Lighting Build
[2020.03.12-01.18.38:728][  0]LogUObjectHash: Compacting FUObjectHashTables data took   1.92ms
[2020.03.12-01.18.38:812][  0]LogAIModule: Creating AISystem for world Untitled_1
[2020.03.12-01.18.38:815][  0]LogEditorServer: Finished looking for orphan Actors (0.000 secs)
[2020.03.12-01.18.38:850][  0]LogUObjectHash: Compacting FUObjectHashTables data took   2.09ms
[2020.03.12-01.18.38:850][  0]Cmd: MAP CHECKDEP NOCLEARLOG
[2020.03.12-01.18.38:850][  0]MapCheck: Map check complete: 0 Error(s), 0 Warning(s), took 0.095ms to complete.
[2020.03.12-01.18.38:850][  0]LogFileHelpers: Loading map 'Template_Default' took 0.158
[2020.03.12-01.18.39:004][  0]LogSlate: Updating window title bar state: overlay mode, drag disabled, window buttons hidden, title bar hidden
[2020.03.12-01.18.39:010][  0]LogSlate: Updating window title bar state: overlay mode, drag disabled, window buttons hidden, title bar hidden
[2020.03.12-01.18.39:016][  0]LogSlate: Updating window title bar state: overlay mode, drag disabled, window buttons hidden, title bar hidden
[2020.03.12-01.18.39:022][  0]LogSlate: Updating window title bar state: overlay mode, drag disabled, window buttons hidden, title bar hidden
[2020.03.12-01.18.39:037][  0]LogCollectionManager: Loaded 0 collections in 0.010456 seconds
[2020.03.12-01.18.39:049][  0]LogFileCache: Scanning file cache for directory 'D:/ThesisFicka/Ficka/Saved/Collections/' took 0.00s
[2020.03.12-01.18.39:049][  0]LogFileCache: Scanning file cache for directory 'D:/ThesisFicka/Ficka/Content/Developers/Dominic/Collections/' took 0.00s
[2020.03.12-01.18.39:049][  0]LogFileCache: Scanning file cache for directory 'D:/ThesisFicka/Ficka/Content/Collections/' took 0.00s
[2020.03.12-01.18.39:049][  0]LogContentBrowser: Native class hierarchy populated in 0.0083 seconds. Added 3117 classes and 767 folders.
[2020.03.12-01.18.39:051][  0]LogContentBrowser: Native class hierarchy updated for 'WidgetCarousel' in 0.0002 seconds. Added 0 classes and 0 folders.
[2020.03.12-01.18.39:334][  0]LogContentBrowser: Native class hierarchy updated for 'AddContentDialog' in 0.0002 seconds. Added 0 classes and 0 folders.
[2020.03.12-01.18.39:340][  0]LogContentBrowser: Native class hierarchy updated for 'SceneOutliner' in 0.0002 seconds. Added 2 classes and 3 folders.
[2020.03.12-01.18.39:357][  0]LogContentBrowser: Native class hierarchy updated for 'WorldBrowser' in 0.0003 seconds. Added 2 classes and 3 folders.
[2020.03.12-01.18.39:441][  0]LogSlate: Took 0.000242 seconds to synchronously load lazily loaded font '../../../Engine/Content/Slate/Fonts/Roboto-Regular.ttf' (155K)
[2020.03.12-01.18.39:444][  0]LogSlate: Took 0.000209 seconds to synchronously load lazily loaded font '../../../Engine/Content/Slate/Fonts/Roboto-Bold.ttf' (160K)
[2020.03.12-01.18.39:448][  0]LogSlate: Took 0.000170 seconds to synchronously load lazily loaded font '../../../Engine/Content/Editor/Slate/Fonts/FontAwesome.ttf' (139K)
[2020.03.12-01.18.39:528][  0]LogRenderer: Reallocating scene render targets to support 1108x500 Format 10 NumSamples 1 (Frame:1).
[2020.03.12-01.18.39:616][  0]LogContentBrowser: Native class hierarchy updated for 'HierarchicalLODOutliner' in 0.0002 seconds. Added 0 classes and 0 folders.
[2020.03.12-01.18.39:616][  0]LogLoad: (Engine Initialization) Total time: 19.43 seconds
[2020.03.12-01.18.39:616][  0]LogLoad: (Engine Initialization) Total Blueprint compile time: 0.00 seconds
[2020.03.12-01.18.39:660][  0]LogAssetRegistry: Asset discovery search completed in 9.1170 seconds
[2020.03.12-01.18.39:664][  0]LogCollectionManager: Fixed up redirectors for 0 collections in 0.000007 seconds (updated 0 objects)
[2020.03.12-01.18.39:665][  0]LogContentStreaming: Texture pool size now 1000 MB
[2020.03.12-01.18.39:680][  0]LogSlate: Took 0.000197 seconds to synchronously load lazily loaded font '../../../Engine/Content/Slate/Fonts/Roboto-Light.ttf' (167K)
[2020.03.12-01.20.50:292][975]LogUObjectHash: Compacting FUObjectHashTables data took   0.65ms
[2020.03.12-01.20.50:324][975]LogSlate: Window 'Ficka - Unreal Editor' being destroyed
[2020.03.12-01.20.50:325][975]LogWindowsTextInputMethodSystem: Display: IME system now deactivated.
[2020.03.12-01.20.50:538][976]Cmd: QUIT_EDITOR
[2020.03.12-01.20.50:538][976]LogCore: Engine exit requested (reason: UUnrealEdEngine::CloseEditor())
[2020.03.12-01.20.50:547][976]LogCore: Engine exit requested (reason: EngineExit() was called; note: exit was already requested)
[2020.03.12-01.20.50:572][976]LogAudioMixer: Display: No commands were queued while flushing the source manager.
[2020.03.12-01.20.50:718][976]LogExit: Preparing to exit.
[2020.03.12-01.20.51:539][976]LogWorld: UWorld::CleanupWorld for None, bSessionEnded=true, bCleanupResources=true
[2020.03.12-01.20.51:539][976]LogExit: Editor shut down
[2020.03.12-01.20.51:539][976]LogExit: Transaction tracking system shut down
[2020.03.12-01.20.51:543][976]LogDemo: Cleaned up 0 splitscreen connections with owner deletion
[2020.03.12-01.20.52:123][976]LogExit: Object subsystem successfully closed.
[2020.03.12-01.20.52:146][976]LogShaderCompilers: Display: Shaders left to compile 0
[2020.03.12-01.20.52:444][976]LogModuleManager: Shutting down and abandoning module HierarchicalLODOutliner (730)
[2020.03.12-01.20.52:444][976]LogModuleManager: Shutting down and abandoning module SceneOutliner (726)
[2020.03.12-01.20.52:444][976]LogModuleManager: Shutting down and abandoning module AddContentDialog (724)
[2020.03.12-01.20.52:445][976]LogModuleManager: Shutting down and abandoning module WidgetCarousel (723)
[2020.03.12-01.20.52:445][976]LogModuleManager: Shutting down and abandoning module EditorWidgets (720)
[2020.03.12-01.20.52:445][976]LogModuleManager: Shutting down and abandoning module CollectionManager (718)
[2020.03.12-01.20.52:445][976]LogModuleManager: Shutting down and abandoning module HierarchicalLODUtilities (716)
[2020.03.12-01.20.52:445][976]LogModuleManager: Shutting down and abandoning module StatsViewer (714)
[2020.03.12-01.20.52:445][976]LogModuleManager: Shutting down and abandoning module VirtualTexturingEditor (712)
[2020.03.12-01.20.52:445][976]LogModuleManager: Shutting down and abandoning module FoliageEdit (710)
[2020.03.12-01.20.52:446][976]LogModuleManager: Shutting down and abandoning module LandscapeEditor (708)
[2020.03.12-01.20.52:446][976]LogModuleManager: Shutting down and abandoning module MeshPaintMode (706)
[2020.03.12-01.20.52:446][976]LogModuleManager: Shutting down and abandoning module SceneDepthPickerMode (704)
[2020.03.12-01.20.52:446][976]LogModuleManager: Shutting down and abandoning module ActorPickerMode (702)
[2020.03.12-01.20.52:446][976]LogModuleManager: Shutting down and abandoning module GeometryMode (700)
[2020.03.12-01.20.52:446][976]LogModuleManager: Shutting down and abandoning module TextureAlignMode (698)
[2020.03.12-01.20.52:446][976]LogModuleManager: Shutting down and abandoning module BspMode (696)
[2020.03.12-01.20.52:446][976]LogModuleManager: Shutting down and abandoning module PIEPreviewDeviceProfileSelector (694)
[2020.03.12-01.20.52:459][976]LogModuleManager: Shutting down and abandoning module SequenceRecorderSections (692)
[2020.03.12-01.20.52:459][976]LogModuleManager: Shutting down and abandoning module AutomationWorker (690)
[2020.03.12-01.20.52:460][976]LogModuleManager: Shutting down and abandoning module TakeRecorderSources (688)
[2020.03.12-01.20.52:460][976]LogModuleManager: Shutting down and abandoning module TakeRecorder (687)
[2020.03.12-01.20.52:460][976]LogModuleManager: Shutting down and abandoning module TakeTrackRecorders (684)
[2020.03.12-01.20.52:460][976]LogModuleManager: Shutting down and abandoning module TakesCore (682)
[2020.03.12-01.20.52:460][976]LogModuleManager: Shutting down and abandoning module SteamVREditor (680)
[2020.03.12-01.20.52:460][976]LogModuleManager: Shutting down and abandoning module OculusMR (678)
[2020.03.12-01.20.52:460][976]LogModuleManager: Shutting down and abandoning module AudioCaptureEditor (676)
[2020.03.12-01.20.52:460][976]LogModuleManager: Shutting down and abandoning module MatineeToLevelSequence (674)
[2020.03.12-01.20.52:460][976]LogModuleManager: Shutting down and abandoning module LevelSequenceEditor (672)
[2020.03.12-01.20.52:470][976]LogModuleManager: Shutting down and abandoning module PlacementMode (671)
[2020.03.12-01.20.52:470][976]LogModuleManager: Shutting down and abandoning module MaterialEditor (670)
[2020.03.12-01.20.52:470][976]LogModuleManager: Shutting down and abandoning module ActorSequenceEditor (666)
[2020.03.12-01.20.52:482][976]LogModuleManager: Shutting down and abandoning module WmfMediaFactory (664)
[2020.03.12-01.20.52:483][976]LogModuleManager: Shutting down and abandoning module WmfMediaEditor (662)
[2020.03.12-01.20.52:483][976]LogModuleManager: Shutting down and abandoning module WebMMediaFactory (660)
[2020.03.12-01.20.52:483][976]LogModuleManager: Shutting down and abandoning module WebMMediaEditor (658)
[2020.03.12-01.20.52:483][976]LogModuleManager: Shutting down and abandoning module WebMMedia (656)
[2020.03.12-01.20.52:483][976]LogModuleManager: Shutting down and abandoning module MediaPlayerEditor (654)
[2020.03.12-01.20.52:483][976]LogModuleManager: Shutting down and abandoning module MediaCompositingEditor (652)
[2020.03.12-01.20.52:483][976]LogModuleManager: Shutting down and abandoning module SequenceRecorder (651)
[2020.03.12-01.20.52:483][976]LogModuleManager: Shutting down and abandoning module OpenExrWrapper (648)
[2020.03.12-01.20.52:483][976]LogModuleManager: Shutting down and abandoning module ImgMediaFactory (646)
[2020.03.12-01.20.52:483][976]LogModuleManager: Shutting down and abandoning module ImgMediaEditor (644)
[2020.03.12-01.20.52:483][976]LogModuleManager: Shutting down and abandoning module AvfMediaFactory (642)
[2020.03.12-01.20.52:483][976]LogModuleManager: Shutting down and abandoning module AvfMediaEditor (640)
[2020.03.12-01.20.52:483][976]LogModuleManager: Shutting down and abandoning module AndroidMediaFactory (638)
[2020.03.12-01.20.52:483][976]LogModuleManager: Shutting down and abandoning module AndroidMediaEditor (636)
[2020.03.12-01.20.52:483][976]LogModuleManager: Shutting down and abandoning module MagicLeapMediaCodecFactory (634)
[2020.03.12-01.20.52:483][976]LogModuleManager: Shutting down and abandoning module MagicLeapMediaFactory (632)
[2020.03.12-01.20.52:483][976]LogModuleManager: Shutting down and abandoning module MagicLeapMediaEditor (630)
[2020.03.12-01.20.52:483][976]LogModuleManager: Shutting down and abandoning module CharacterAI (628)
[2020.03.12-01.20.52:483][976]LogModuleManager: Shutting down and abandoning module SmartSnapping (626)
[2020.03.12-01.20.52:483][976]LogModuleManager: Shutting down and abandoning module SessionServices (624)
[2020.03.12-01.20.52:483][976]LogModuleManager: Shutting down and abandoning module MeshPaint (622)
[2020.03.12-01.20.52:490][976]LogModuleManager: Shutting down and abandoning module ViewportSnapping (620)
[2020.03.12-01.20.52:490][976]LogModuleManager: Shutting down and abandoning module ViewportInteraction (618)
[2020.03.12-01.20.52:490][976]LogModuleManager: Shutting down and abandoning module ClothPainter (616)
[2020.03.12-01.20.52:490][976]LogModuleManager: Shutting down and abandoning module SkeletalMeshEditor (615)
[2020.03.12-01.20.52:490][976]LogModuleManager: Shutting down and abandoning module LogVisualizer (612)
[2020.03.12-01.20.52:561][976]LogModuleManager: Shutting down and abandoning module IntroTutorials (610)
[2020.03.12-01.20.52:573][976]LogModuleManager: Shutting down and abandoning module GameProjectGeneration (609)
[2020.03.12-01.20.52:573][976]LogModuleManager: Shutting down and abandoning module LuminPlatformEditor (606)
[2020.03.12-01.20.52:573][976]LogModuleManager: Shutting down and abandoning module IOSPlatformEditor (604)
[2020.03.12-01.20.52:573][976]LogModuleManager: Shutting down and abandoning module AndroidPlatformEditor (602)
[2020.03.12-01.20.52:573][976]LogModuleManager: Shutting down and abandoning module AndroidDeviceDetection (601)
[2020.03.12-01.20.53:486][976]LogModuleManager: Shutting down and abandoning module WindowsPlatformEditor (598)
[2020.03.12-01.20.53:486][976]LogModuleManager: Shutting down and abandoning module LuminRuntimeSettings (596)
[2020.03.12-01.20.53:486][976]LogModuleManager: Shutting down and abandoning module IOSRuntimeSettings (594)
[2020.03.12-01.20.53:486][976]LogModuleManager: Shutting down and abandoning module AndroidRuntimeSettings (592)
[2020.03.12-01.20.53:487][976]LogModuleManager: Shutting down and abandoning module EditorInteractiveToolsFramework (590)
[2020.03.12-01.20.53:487][976]LogModuleManager: Shutting down and abandoning module TimeManagementEditor (588)
[2020.03.12-01.20.53:487][976]LogModuleManager: Shutting down and abandoning module InputBindingEditor (586)
[2020.03.12-01.20.53:487][976]LogModuleManager: Shutting down and abandoning module MergeActors (584)
[2020.03.12-01.20.53:502][976]LogModuleManager: Shutting down and abandoning module LocalizationDashboard (582)
[2020.03.12-01.20.53:502][976]LogModuleManager: Shutting down and abandoning module LocalizationService (581)
[2020.03.12-01.20.53:502][976]LogModuleManager: Shutting down and abandoning module HardwareTargeting (578)
[2020.03.12-01.20.53:502][976]LogModuleManager: Shutting down and abandoning module DeviceProfileEditor (576)
[2020.03.12-01.20.53:502][976]LogModuleManager: Shutting down and abandoning module UndoHistory (574)
[2020.03.12-01.20.53:502][976]LogModuleManager: Shutting down and abandoning module XmlParser (572)
[2020.03.12-01.20.53:502][976]LogModuleManager: Shutting down and abandoning module Blutility (570)
[2020.03.12-01.20.53:502][976]LogModuleManager: Shutting down and abandoning module ProjectSettingsViewer (568)
[2020.03.12-01.20.53:503][976]LogModuleManager: Shutting down and abandoning module ProjectTargetPlatformEditor (567)
[2020.03.12-01.20.53:503][976]LogModuleManager: Shutting down and abandoning module EditorSettingsViewer (564)
[2020.03.12-01.20.53:503][976]LogModuleManager: Shutting down and abandoning module SettingsEditor (562)
[2020.03.12-01.20.53:503][976]LogModuleManager: Shutting down and abandoning module ProjectLauncher (560)
[2020.03.12-01.20.53:503][976]LogModuleManager: Shutting down and abandoning module SessionFrontend (558)
[2020.03.12-01.20.53:503][976]LogModuleManager: Shutting down and abandoning module ProfilerClient (556)
[2020.03.12-01.20.53:503][976]LogModuleManager: Shutting down and abandoning module DeviceManager (554)
[2020.03.12-01.20.53:503][976]LogModuleManager: Shutting down and abandoning module TargetDeviceServices (553)
[2020.03.12-01.20.53:535][976]LogModuleManager: Shutting down and abandoning module AutomationController (550)
[2020.03.12-01.20.53:535][976]LogModuleManager: Shutting down and abandoning module AutomationWindow (548)
[2020.03.12-01.20.53:556][976]LogModuleManager: Shutting down and abandoning module Layers (546)
[2020.03.12-01.20.53:556][976]LogModuleManager: Shutting down and abandoning module ComponentVisualizers (544)
[2020.03.12-01.20.53:556][976]LogModuleManager: Shutting down and abandoning module DetailCustomizations (542)
[2020.03.12-01.20.53:556][976]LogModuleManager: Shutting down and abandoning module PackagesDialog (540)
[2020.03.12-01.20.53:577][976]LogModuleManager: Shutting down and abandoning module AnimationBlueprintEditor (538)
[2020.03.12-01.20.53:598][976]LogModuleManager: Shutting down and abandoning module Persona (536)
[2020.03.12-01.20.53:599][976]LogModuleManager: Shutting down and abandoning module AdvancedPreviewScene (535)
[2020.03.12-01.20.53:599][976]LogModuleManager: Shutting down and abandoning module AnimGraph (533)
[2020.03.12-01.20.53:599][976]LogModuleManager: Shutting down and abandoning module Kismet (530)
[2020.03.12-01.20.53:599][976]LogModuleManager: Shutting down and abandoning module KismetWidgets (529)
[2020.03.12-01.20.53:599][976]LogModuleManager: Shutting down and abandoning module GraphEditor (526)
[2020.03.12-01.20.53:599][976]LogModuleManager: Shutting down and abandoning module StructViewer (524)
[2020.03.12-01.20.53:599][976]LogModuleManager: Shutting down and abandoning module ClassViewer (522)
[2020.03.12-01.20.53:599][976]LogModuleManager: Shutting down and abandoning module Toolbox (520)
[2020.03.12-01.20.53:599][976]LogModuleManager: Shutting down and abandoning module ModuleUI (518)
[2020.03.12-01.20.53:599][976]LogModuleManager: Shutting down and abandoning module OutputLog (516)
[2020.03.12-01.20.53:599][976]LogModuleManager: Shutting down and abandoning module GammaUI (514)
[2020.03.12-01.20.53:599][976]LogModuleManager: Shutting down and abandoning module Documentation (512)
[2020.03.12-01.20.53:599][976]LogModuleManager: Shutting down and abandoning module ToolMenus (510)
[2020.03.12-01.20.53:599][976]LogModuleManager: Shutting down and abandoning module LiveCoding (508)
[2020.03.12-01.20.53:599][976]LogModuleManager: Shutting down and abandoning module LevelSequence (506)
[2020.03.12-01.20.53:599][976]LogModuleManager: Shutting down and abandoning module MovieSceneTracks (504)
[2020.03.12-01.20.53:599][976]LogModuleManager: Shutting down and abandoning module MovieScene (502)
[2020.03.12-01.20.53:599][976]LogModuleManager: Shutting down and abandoning module StreamingPauseRendering (500)
[2020.03.12-01.20.53:599][976]LogModuleManager: Shutting down and abandoning module LauncherPlatform (498)
[2020.03.12-01.20.53:599][976]LogModuleManager: Shutting down and abandoning module AnalyticsET (496)
[2020.03.12-01.20.53:599][976]LogModuleManager: Shutting down and abandoning module PortalServices (494)
[2020.03.12-01.20.53:599][976]LogModuleManager: Shutting down and abandoning module PortalRpc (492)
[2020.03.12-01.20.53:599][976]LogModuleManager: Shutting down and abandoning module MessagingRpc (490)
[2020.03.12-01.20.53:599][976]LogModuleManager: Shutting down and abandoning module AudioMixerXAudio2 (488)
[2020.03.12-01.20.53:599][976]LogModuleManager: Shutting down and abandoning module AIModule (486)
[2020.03.12-01.20.53:599][976]LogModuleManager: Shutting down and abandoning module GameplayDebugger (485)
[2020.03.12-01.20.53:599][976]LogModuleManager: Shutting down and abandoning module AITestSuite (483)
[2020.03.12-01.20.53:599][976]LogModuleManager: Shutting down and abandoning module NavigationSystem (481)
[2020.03.12-01.20.53:599][976]LogModuleManager: Shutting down and abandoning module ImageWriteQueue (478)
[2020.03.12-01.20.53:603][976]LogModuleManager: Shutting down and abandoning module ProfilerService (476)
[2020.03.12-01.20.53:642][976]LogModuleManager: Shutting down and abandoning module TaskGraph (474)
[2020.03.12-01.20.53:643][976]LogModuleManager: Shutting down and abandoning module ScreenshotTools (472)
[2020.03.12-01.20.53:643][976]LogModuleManager: Shutting down and abandoning module ProceduralMeshComponentEditor (470)
[2020.03.12-01.20.53:643][976]LogModuleManager: Shutting down and abandoning module ProceduralMeshComponent (468)
[2020.03.12-01.20.53:643][976]LogModuleManager: Shutting down and abandoning module OculusEditor (466)
[2020.03.12-01.20.53:643][976]LogModuleManager: Shutting down and abandoning module OculusInput (464)
[2020.03.12-01.20.53:643][976]LogModuleManager: Shutting down and abandoning module MobilePatchingUtils (462)
[2020.03.12-01.20.53:643][976]LogModuleManager: Shutting down and abandoning module EditableMesh (460)
[2020.03.12-01.20.53:643][976]LogModuleManager: Shutting down and abandoning module CustomMeshComponent (458)
[2020.03.12-01.20.53:643][976]LogModuleManager: Shutting down and abandoning module CableComponent (456)
[2020.03.12-01.20.53:643][976]LogModuleManager: Shutting down and abandoning module AudioCapture (454)
[2020.03.12-01.20.53:643][976]LogModuleManager: Shutting down and abandoning module AudioCaptureRtAudio (453)
[2020.03.12-01.20.53:643][976]LogModuleManager: Shutting down and abandoning module AssetTags (450)
[2020.03.12-01.20.53:643][976]LogModuleManager: Shutting down and abandoning module ArchVisCharacter (448)
[2020.03.12-01.20.53:643][976]LogModuleManager: Shutting down and abandoning module GoogleARCoreServices (446)
[2020.03.12-01.20.53:643][976]LogModuleManager: Shutting down and abandoning module GoogleARCoreBase (444)
[2020.03.12-01.20.53:643][976]LogModuleManager: Shutting down and abandoning module AppleImageUtilsBlueprintSupport (442)
[2020.03.12-01.20.53:643][976]LogModuleManager: Shutting down and abandoning module AppleImageUtils (440)
[2020.03.12-01.20.53:643][976]LogModuleManager: Shutting down and abandoning module AndroidPermission (438)
[2020.03.12-01.20.53:643][976]LogModuleManager: Shutting down and abandoning module NUTUnrealEngine4 (436)
[2020.03.12-01.20.53:643][976]LogModuleManager: Shutting down and abandoning module NetcodeUnitTest (434)
[2020.03.12-01.20.53:643][976]LogModuleManager: Shutting down and abandoning module MediaCompositing (432)
[2020.03.12-01.20.53:643][976]LogModuleManager: Shutting down and abandoning module ImgMedia (430)
[2020.03.12-01.20.53:643][976]LogModuleManager: Shutting down and abandoning module MagicLeapHelperVulkan (428)
[2020.03.12-01.20.53:643][976]LogModuleManager: Shutting down and abandoning module MagicLeapHelperOpenGL (426)
[2020.03.12-01.20.53:643][976]LogModuleManager: Shutting down and abandoning module MagicLeapAudio (424)
[2020.03.12-01.20.53:643][976]LogModuleManager: Shutting down and abandoning module GeometryCacheTracks (422)
[2020.03.12-01.20.53:643][976]LogModuleManager: Shutting down and abandoning module GeometryCacheSequencer (420)
[2020.03.12-01.20.53:643][976]LogModuleManager: Shutting down and abandoning module BackChannel (418)
[2020.03.12-01.20.53:643][976]LogModuleManager: Shutting down and abandoning module AutomationUtilsEditor (416)
[2020.03.12-01.20.53:643][976]LogModuleManager: Shutting down and abandoning module AutomationUtils (414)
[2020.03.12-01.20.53:643][976]LogModuleManager: Shutting down and abandoning module AlembicImporter (412)
[2020.03.12-01.20.53:646][976]LogModuleManager: Shutting down and abandoning module AlembicLibrary (411)
[2020.03.12-01.20.53:646][976]LogModuleManager: Shutting down and abandoning module GeometryCache (410)
[2020.03.12-01.20.53:646][976]LogModuleManager: Shutting down and abandoning module GeometryCacheEd (409)
[2020.03.12-01.20.53:646][976]LogModuleManager: Shutting down and abandoning module VariantManagerContentEditor (404)
[2020.03.12-01.20.53:646][976]LogModuleManager: Shutting down and abandoning module DatasmithContentEditor (402)
[2020.03.12-01.20.53:646][976]LogModuleManager: Shutting down and abandoning module SpeedTreeImporter (400)
[2020.03.12-01.20.53:646][976]LogModuleManager: Shutting down and abandoning module PluginBrowser (398)
[2020.03.12-01.20.53:646][976]LogModuleManager: Shutting down and abandoning module MobileLauncherProfileWizard (396)
[2020.03.12-01.20.53:650][976]LogModuleManager: Shutting down and abandoning module MaterialAnalyzer (394)
[2020.03.12-01.20.53:650][976]LogModuleManager: Shutting down and abandoning module CurveEditorTools (392)
[2020.03.12-01.20.53:650][976]LogModuleManager: Shutting down and abandoning module CryptoKeysOpenSSL (390)
[2020.03.12-01.20.53:650][976]LogModuleManager: Shutting down and abandoning module CryptoKeys (388)
[2020.03.12-01.20.53:650][976]LogModuleManager: Shutting down and abandoning module VisualStudioSourceCodeAccess (386)
[2020.03.12-01.20.53:650][976]LogModuleManager: Shutting down and abandoning module VisualStudioCodeSourceCodeAccess (384)
[2020.03.12-01.20.53:650][976]LogModuleManager: Shutting down and abandoning module UObjectPlugin (382)
[2020.03.12-01.20.53:650][976]LogModuleManager: Shutting down and abandoning module SubversionSourceControl (380)
[2020.03.12-01.20.53:650][976]LogModuleManager: Shutting down and abandoning module PlasticSourceControl (378)
[2020.03.12-01.20.53:651][976]LogModuleManager: Shutting down and abandoning module PerforceSourceControl (376)
[2020.03.12-01.20.53:651][976]LogModuleManager: Shutting down and abandoning module GitSourceControl (374)
[2020.03.12-01.20.53:651][976]LogModuleManager: Shutting down and abandoning module SourceControl (373)
[2020.03.12-01.20.53:651][976]LogModuleManager: Shutting down and abandoning module CLionSourceCodeAccess (370)
[2020.03.12-01.20.53:651][976]LogModuleManager: Shutting down and abandoning module AnimationSharingEd (368)
[2020.03.12-01.20.53:651][976]LogModuleManager: Shutting down and abandoning module ActorLayerUtilitiesEditor (366)
[2020.03.12-01.20.53:651][976]LogModuleManager: Shutting down and abandoning module ActorLayerUtilities (364)
[2020.03.12-01.20.53:651][976]LogModuleManager: Shutting down and abandoning module LightPropagationVolumeEditor (362)
[2020.03.12-01.20.53:651][976]LogModuleManager: Shutting down and abandoning module LiveLinkSequencer (360)
[2020.03.12-01.20.53:651][976]LogModuleManager: Shutting down and abandoning module LiveLinkMovieScene (358)
[2020.03.12-01.20.53:651][976]LogModuleManager: Shutting down and abandoning module LiveLinkGraphNode (356)
[2020.03.12-01.20.53:651][976]LogModuleManager: Shutting down and abandoning module LiveLinkEditor (354)
[2020.03.12-01.20.53:651][976]LogModuleManager: Shutting down and abandoning module LiveLinkComponents (352)
[2020.03.12-01.20.53:651][976]LogModuleManager: Shutting down and abandoning module LiveLink (350)
[2020.03.12-01.20.54:395][976]LogModuleManager: Shutting down and abandoning module PaperTiledImporter (348)
[2020.03.12-01.20.54:395][976]LogModuleManager: Shutting down and abandoning module PaperSpriteSheetImporter (346)
[2020.03.12-01.20.54:395][976]LogModuleManager: Shutting down and abandoning module Paper2DEditor (344)
[2020.03.12-01.20.54:396][976]LogModuleManager: Shutting down and abandoning module SignificanceManager (342)
[2020.03.12-01.20.54:396][976]LogModuleManager: Shutting down and abandoning module RuntimePhysXCooking (340)
[2020.03.12-01.20.54:396][976]LogModuleManager: Shutting down and abandoning module PhysXVehiclesEditor (338)
[2020.03.12-01.20.54:396][976]LogModuleManager: Shutting down and abandoning module LocationServicesBPLibrary (334)
[2020.03.12-01.20.54:396][976]LogModuleManager: Shutting down and abandoning module ActorSequence (332)
[2020.03.12-01.20.54:396][976]LogModuleManager: Shutting down and abandoning module UdpMessaging (330)
[2020.03.12-01.20.54:497][976]LogModuleManager: Shutting down and abandoning module TcpMessaging (328)
[2020.03.12-01.20.54:597][976]LogModuleManager: Shutting down and abandoning module MagicLeapPrivileges (326)
[2020.03.12-01.20.54:597][976]LogModuleManager: Shutting down and abandoning module MagicLeapPlanes (324)
[2020.03.12-01.20.54:597][976]LogMagicLeapPlanes: Planes tracker already destroyed.
[2020.03.12-01.20.54:597][976]LogModuleManager: Shutting down and abandoning module MagicLeapIdentity (322)
[2020.03.12-01.20.54:597][976]LogModuleManager: Shutting down and abandoning module MagicLeapSecureStorage (320)
[2020.03.12-01.20.54:597][976]LogModuleManager: Shutting down and abandoning module MagicLeapImageTracker (318)
[2020.03.12-01.20.54:597][976]LogModuleManager: Shutting down and abandoning module MagicLeapHandTracking (316)
[2020.03.12-01.20.54:597][976]LogModuleManager: Shutting down and abandoning module MagicLeapHandMeshing (314)
[2020.03.12-01.20.54:597][976]LogModuleManager: Shutting down and abandoning module MagicLeapEyeTracker (312)
[2020.03.12-01.20.54:597][976]LogModuleManager: Shutting down and abandoning module MagicLeapController (310)
[2020.03.12-01.20.54:597][976]LogSlate: Slate User Destroyed.  User Index 0, Is Virtual User: 0
[2020.03.12-01.20.54:597][976]LogModuleManager: Shutting down and abandoning module MagicLeapARPin (308)
[2020.03.12-01.20.54:597][976]LogModuleManager: Shutting down and abandoning module MagicLeapAR (306)
[2020.03.12-01.20.54:597][976]LogModuleManager: Shutting down and abandoning module GameplayTagsEditor (304)
[2020.03.12-01.20.54:663][976]LogModuleManager: Shutting down and abandoning module FacialAnimationEditor (302)
[2020.03.12-01.20.54:663][976]LogModuleManager: Shutting down and abandoning module FacialAnimation (300)
[2020.03.12-01.20.54:663][976]LogModuleManager: Shutting down and abandoning module DataValidation (298)
[2020.03.12-01.20.54:663][976]LogModuleManager: Shutting down and abandoning module AssetManagerEditor (296)
[2020.03.12-01.20.54:673][976]LogModuleManager: Shutting down and abandoning module LevelEditor (295)
[2020.03.12-01.20.54:674][976]LogModuleManager: Shutting down and abandoning module PixelInspectorModule (294)
[2020.03.12-01.20.54:674][976]LogModuleManager: Shutting down and abandoning module CommonMenuExtensions (292)
[2020.03.12-01.20.54:674][976]LogModuleManager: Shutting down and abandoning module MainFrame (290)
[2020.03.12-01.20.54:674][976]LogModuleManager: Shutting down and abandoning module HotReload (289)
[2020.03.12-01.20.54:674][976]LogModuleManager: Shutting down and abandoning module ContentBrowser (285)
[2020.03.12-01.20.54:675][976]LogModuleManager: Shutting down and abandoning module TreeMap (283)
[2020.03.12-01.20.54:675][976]LogModuleManager: Shutting down and abandoning module AnimationSharing (280)
[2020.03.12-01.20.54:675][976]LogModuleManager: Shutting down and abandoning module LightPropagationVolumeRuntime (278)
[2020.03.12-01.20.54:675][976]LogModuleManager: Shutting down and abandoning module Paper2D (276)
[2020.03.12-01.20.54:675][976]LogModuleManager: Shutting down and abandoning module WindowsMoviePlayer (274)
[2020.03.12-01.20.54:675][976]LogModuleManager: Shutting down and abandoning module WebMMoviePlayer (272)
[2020.03.12-01.20.54:675][976]LogModuleManager: Shutting down and abandoning module NetworkReplayStreaming (270)
[2020.03.12-01.20.54:675][976]LogModuleManager: Shutting down and abandoning module PacketHandler (268)
[2020.03.12-01.20.54:675][976]LogModuleManager: Shutting down and abandoning module ClothingSystemEditor (266)
[2020.03.12-01.20.54:675][976]LogModuleManager: Shutting down and abandoning module ClothingSystemRuntimeNv (264)
[2020.03.12-01.20.54:675][976]LogModuleManager: Shutting down and abandoning module MediaAssets (262)
[2020.03.12-01.20.54:675][976]LogModuleManager: Shutting down and abandoning module Overlay (260)
[2020.03.12-01.20.54:675][976]LogModuleManager: Shutting down and abandoning module OverlayEditor (259)
[2020.03.12-01.20.54:675][976]LogModuleManager: Shutting down and abandoning module VREditor (256)
[2020.03.12-01.20.54:676][976]LogModuleManager: Shutting down and abandoning module StringTableEditor (254)
[2020.03.12-01.20.54:688][976]LogModuleManager: Shutting down and abandoning module GameplayTasksEditor (252)
[2020.03.12-01.20.54:688][976]LogModuleManager: Shutting down and abandoning module BehaviorTreeEditor (250)
[2020.03.12-01.20.54:693][976]LogModuleManager: Shutting down and abandoning module FunctionalTesting (248)
[2020.03.12-01.20.54:693][976]LogModuleManager: Shutting down and abandoning module CollisionAnalyzer (246)
[2020.03.12-01.20.54:693][976]LogModuleManager: Shutting down and abandoning module WorkspaceMenuStructure (245)
[2020.03.12-01.20.54:693][976]LogModuleManager: Shutting down and abandoning module UMG (242)
[2020.03.12-01.20.54:693][976]LogModuleManager: Shutting down and abandoning module UMGEditor (241)
[2020.03.12-01.20.54:693][976]LogModuleManager: Shutting down and abandoning module MessageLog (239)
[2020.03.12-01.20.54:693][976]LogModuleManager: Shutting down and abandoning module SlateReflector (234)
[2020.03.12-01.20.54:706][976]LogModuleManager: Shutting down and abandoning module Slate (232)
[2020.03.12-01.20.54:706][976]LogModuleManager: Shutting down and abandoning module SlateCore (230)
[2020.03.12-01.20.54:706][976]LogModuleManager: Shutting down and abandoning module LandscapeEditorUtilities (228)
[2020.03.12-01.20.54:706][976]LogModuleManager: Shutting down and abandoning module UnrealEd (226)
[2020.03.12-01.20.54:706][976]LogModuleManager: Shutting down and abandoning module MRMesh (224)
[2020.03.12-01.20.54:706][976]LogModuleManager: Shutting down and abandoning module SourceCodeAccess (222)
[2020.03.12-01.20.54:706][976]LogModuleManager: Shutting down and abandoning module HeadMountedDisplay (220)
[2020.03.12-01.20.54:706][976]LogModuleManager: Shutting down and abandoning module XAudio2 (218)
[2020.03.12-01.20.54:706][976]LogModuleManager: Shutting down and abandoning module Networking (216)
[2020.03.12-01.20.54:706][976]LogModuleManager: Shutting down and abandoning module Core (214)
[2020.03.12-01.20.54:706][976]LogModuleManager: Shutting down and abandoning module MovieSceneTools (212)
[2020.03.12-01.20.54:706][976]LogModuleManager: Shutting down and abandoning module CurveEditor (211)
[2020.03.12-01.20.54:707][976]LogModuleManager: Shutting down and abandoning module Sequencer (209)
[2020.03.12-01.20.54:707][976]LogModuleManager: Shutting down and abandoning module EditorStyle (208)
[2020.03.12-01.20.54:707][976]LogModuleManager: Shutting down and abandoning module KismetCompiler (204)
[2020.03.12-01.20.54:707][976]LogModuleManager: Shutting down and abandoning module MeshUtilities (202)
[2020.03.12-01.20.54:708][976]LogModuleManager: Shutting down and abandoning module MeshMergeUtilities (201)
[2020.03.12-01.20.54:708][976]LogModuleManager: Shutting down and abandoning module MeshReductionInterface (200)
[2020.03.12-01.20.54:708][976]LogModuleManager: Shutting down and abandoning module MeshBoneReduction (199)
[2020.03.12-01.20.54:708][976]LogModuleManager: Shutting down and abandoning module SkeletalMeshReduction (197)
[2020.03.12-01.20.54:708][976]LogModuleManager: Shutting down and abandoning module ProxyLODMeshReduction (195)
[2020.03.12-01.20.54:708][976]LogModuleManager: Shutting down and abandoning module QuadricMeshReduction (193)
[2020.03.12-01.20.54:708][976]LogModuleManager: Shutting down and abandoning module MaterialBaking (189)
[2020.03.12-01.20.54:717][976]LogModuleManager: Shutting down and abandoning module NullInstallBundleManager (184)
[2020.03.12-01.20.54:717][976]LogModuleManager: Shutting down and abandoning module DerivedDataCache (182)
[2020.03.12-01.20.54:717][976]LogDerivedDataCache: Shutdown
[2020.03.12-01.20.54:717][976]LogModuleManager: Shutting down and abandoning module XGEController (180)
[2020.03.12-01.20.54:717][976]LogXGEController: Cleaning working directory: C:/Users/Dominic/AppData/Local/Temp/UnrealXGEWorkingDir/
[2020.03.12-01.20.54:717][976]LogModuleManager: Shutting down and abandoning module TargetPlatform (178)
[2020.03.12-01.20.54:717][976]LogModuleManager: Shutting down and abandoning module VulkanShaderFormat (177)
[2020.03.12-01.20.54:717][976]LogModuleManager: Shutting down and abandoning module ShaderFormatVectorVM (175)
[2020.03.12-01.20.54:717][976]LogModuleManager: Shutting down and abandoning module ShaderFormatOpenGL (173)
[2020.03.12-01.20.54:726][976]LogModuleManager: Shutting down and abandoning module ShaderFormatD3D (171)
[2020.03.12-01.20.54:726][976]LogModuleManager: Shutting down and abandoning module MetalShaderFormat (169)
[2020.03.12-01.20.54:732][976]LogModuleManager: Shutting down and abandoning module TextureFormatUncompressed (167)
[2020.03.12-01.20.54:732][976]LogModuleManager: Shutting down and abandoning module TextureFormatPVR (165)
[2020.03.12-01.20.54:732][976]LogModuleManager: Shutting down and abandoning module TextureFormatDXT (163)
[2020.03.12-01.20.54:732][976]LogModuleManager: Shutting down and abandoning module TextureFormatIntelISPCTexComp (161)
[2020.03.12-01.20.54:732][976]LogModuleManager: Shutting down and abandoning module TextureFormatASTC (159)
[2020.03.12-01.20.54:732][976]LogModuleManager: Shutting down and abandoning module ImageWrapper (158)
[2020.03.12-01.20.54:732][976]LogModuleManager: Shutting down and abandoning module TextureFormatAndroid (155)
[2020.03.12-01.20.54:732][976]LogModuleManager: Shutting down and abandoning module AudioFormatOpus (153)
[2020.03.12-01.20.54:732][976]LogModuleManager: Shutting down and abandoning module AudioFormatOgg (151)
[2020.03.12-01.20.54:732][976]LogModuleManager: Shutting down and abandoning module AudioFormatADPCM (149)
[2020.03.12-01.20.54:732][976]LogModuleManager: Shutting down and abandoning module WindowsServerTargetPlatform (147)
[2020.03.12-01.20.54:732][976]LogModuleManager: Shutting down and abandoning module WindowsClientTargetPlatform (145)
[2020.03.12-01.20.54:732][976]LogModuleManager: Shutting down and abandoning module WindowsTargetPlatform (143)
[2020.03.12-01.20.54:732][976]LogModuleManager: Shutting down and abandoning module WindowsNoEditorTargetPlatform (141)
[2020.03.12-01.20.54:732][976]LogModuleManager: Shutting down and abandoning module TVOSTargetPlatform (139)
[2020.03.12-01.20.54:732][976]LogModuleManager: Shutting down and abandoning module LuminTargetPlatform (137)
[2020.03.12-01.20.54:733][976]LogModuleManager: Shutting down and abandoning module LinuxAArch64ServerTargetPlatform (135)
[2020.03.12-01.20.54:733][976]LogModuleManager: Shutting down and abandoning module LinuxAArch64ClientTargetPlatform (133)
[2020.03.12-01.20.54:733][976]LogModuleManager: Shutting down and abandoning module LinuxAArch64NoEditorTargetPlatform (131)
[2020.03.12-01.20.54:733][976]LogModuleManager: Shutting down and abandoning module LinuxServerTargetPlatform (129)
[2020.03.12-01.20.54:733][976]LogModuleManager: Shutting down and abandoning module LinuxClientTargetPlatform (127)
[2020.03.12-01.20.54:733][976]LogModuleManager: Shutting down and abandoning module LinuxNoEditorTargetPlatform (125)
[2020.03.12-01.20.54:733][976]LogModuleManager: Shutting down and abandoning module Messaging (123)
[2020.03.12-01.20.54:733][976]LogModuleManager: Shutting down and abandoning module IOSTargetPlatform (121)
[2020.03.12-01.20.54:734][976]LogModuleManager: Shutting down and abandoning module AndroidTargetPlatform (119)
[2020.03.12-01.20.54:738][976]LogModuleManager: Shutting down and abandoning module AllDesktopTargetPlatform (117)
[2020.03.12-01.20.54:739][976]LogModuleManager: Shutting down and abandoning module InputCore (114)
[2020.03.12-01.20.54:739][976]LogModuleManager: Shutting down and abandoning module Settings (112)
[2020.03.12-01.20.54:739][976]LogModuleManager: Shutting down and abandoning module DirectoryWatcher (110)
[2020.03.12-01.20.54:739][976]LogModuleManager: Shutting down and abandoning module PhysXCooking (108)
[2020.03.12-01.20.54:739][976]LogModuleManager: Shutting down and abandoning module ChaosSolvers (106)
[2020.03.12-01.20.54:739][976]LogModuleManager: Shutting down and abandoning module FieldSystemEngine (105)
[2020.03.12-01.20.54:739][976]LogModuleManager: Shutting down and abandoning module Chaos (102)
[2020.03.12-01.20.54:739][976]LogModuleManager: Shutting down and abandoning module WindowsPlatformFeatures (100)
[2020.03.12-01.20.54:739][976]LogModuleManager: Shutting down and abandoning module GameplayMediaEncoder (99)
[2020.03.12-01.20.54:746][976]LogModuleManager: Shutting down and abandoning module SteamVRInputDevice (96)
[2020.03.12-01.20.54:746][976]LogModuleManager: Shutting down and abandoning module SteamVRInput (94)
[2020.03.12-01.20.54:747][976]LogModuleManager: Shutting down and abandoning module SteamVR (92)
[2020.03.12-01.20.54:747][976]LogHMD: Freeing OpenVRDLLHandle.
[2020.03.12-01.20.54:747][976]LogModuleManager: Shutting down and abandoning module OculusHMD (90)
[2020.03.12-01.20.54:747][976]LogModuleManager: Shutting down and abandoning module ExampleDeviceProfileSelector (88)
[2020.03.12-01.20.54:747][976]LogModuleManager: Shutting down and abandoning module GoogleARCoreRendering (86)
[2020.03.12-01.20.54:747][976]LogModuleManager: Shutting down and abandoning module AppleARKitPoseTrackingLiveLink (84)
[2020.03.12-01.20.54:747][976]LogModuleManager: Shutting down and abandoning module AppleARKit (82)
[2020.03.12-01.20.54:747][976]LogModuleManager: Shutting down and abandoning module AugmentedReality (81)
[2020.03.12-01.20.54:747][976]LogModuleManager: Shutting down and abandoning module LauncherChunkInstaller (78)
[2020.03.12-01.20.54:747][976]LogModuleManager: Shutting down and abandoning module OnlineBlueprintSupport (76)
[2020.03.12-01.20.54:747][976]LogModuleManager: Shutting down and abandoning module OnlineSubsystem (72)
[2020.03.12-01.20.54:748][976]LogModuleManager: Shutting down and abandoning module XMPP (67)
[2020.03.12-01.20.54:748][976]LogModuleManager: Shutting down and abandoning module WebSockets (66)
[2020.03.12-01.20.54:761][976]LogModuleManager: Shutting down and abandoning module HTTP (63)
[2020.03.12-01.20.54:761][976]LogHttp: Display: Http module shutting down, but needs to wait on 1 outstanding Http requests:
[2020.03.12-01.20.54:761][976]LogHttp: Display: 	verb=[POST] url=[https://datarouter.ol.epicgames.com/datarouter/api/v1/public/data?SessionID=%7B2DA0CC27-4744-01B0-234E-BDBA251879CE%7D&AppID=UEEditor.Rocket.Release&AppVersion=4.24.1-10757647%2B%2B%2BUE4%2BRelease-4.24&UserID=0283d6394d686aa2afb88d96202b1ce0%7C566c607c1b59481d86259c79bc76198b%7C80179440-da9e-4d9c-8567-d7e27094ce93&AppEnvironment=datacollector-binary&UploadType=eteventstream] refs=[1] status=Processing
[2020.03.12-01.20.54:795][976]LogModuleManager: Shutting down and abandoning module SSL (62)
[2020.03.12-01.20.54:796][976]LogModuleManager: Shutting down and abandoning module WmfMedia (58)
[2020.03.12-01.20.54:797][976]LogModuleManager: Shutting down and abandoning module Media (57)
[2020.03.12-01.20.54:797][976]LogModuleManager: Shutting down and abandoning module MagicLeap (54)
[2020.03.12-01.20.54:798][976]LogModuleManager: Shutting down and abandoning module VariantManagerContent (52)
[2020.03.12-01.20.54:798][976]LogModuleManager: Shutting down and abandoning module DatasmithContent (50)
[2020.03.12-01.20.54:798][976]LogModuleManager: Shutting down and abandoning module AISupportModule (48)
[2020.03.12-01.20.54:798][976]LogModuleManager: Shutting down and abandoning module DesktopPlatform (46)
[2020.03.12-01.20.54:798][976]LogModuleManager: Shutting down and abandoning module PlatformCryptoOpenSSL (44)
[2020.03.12-01.20.54:798][976]LogModuleManager: Shutting down and abandoning module PlatformCryptoTypes (42)
[2020.03.12-01.20.54:798][976]LogModuleManager: Shutting down and abandoning module PlatformCrypto (40)
[2020.03.12-01.20.54:798][976]LogModuleManager: Shutting down and abandoning module AnimationModifiers (38)
[2020.03.12-01.20.54:808][976]LogModuleManager: Shutting down and abandoning module PropertyEditor (37)
[2020.03.12-01.20.54:808][976]LogModuleManager: Shutting down and abandoning module AudioEditor (34)
[2020.03.12-01.20.54:818][976]LogModuleManager: Shutting down and abandoning module TextureCompressor (32)
[2020.03.12-01.20.54:819][976]LogModuleManager: Shutting down and abandoning module RenderCore (30)
[2020.03.12-01.20.54:819][976]LogModuleManager: Shutting down and abandoning module Landscape (28)
[2020.03.12-01.20.54:819][976]LogModuleManager: Shutting down and abandoning module SlateRHIRenderer (26)
[2020.03.12-01.20.54:819][976]LogModuleManager: Shutting down and abandoning module OpenGLDrv (24)
[2020.03.12-01.20.54:826][976]LogModuleManager: Shutting down and abandoning module D3D11RHI (22)
[2020.03.12-01.20.54:827][976]LogModuleManager: Shutting down and abandoning module AnimGraphRuntime (20)
[2020.03.12-01.20.54:827][976]LogModuleManager: Shutting down and abandoning module Renderer (18)
[2020.03.12-01.20.54:827][976]LogModuleManager: Shutting down and abandoning module Engine (16)
[2020.03.12-01.20.54:827][976]LogModuleManager: Shutting down and abandoning module CoreUObject (14)
[2020.03.12-01.20.54:827][976]LogModuleManager: Shutting down and abandoning module NetworkFile (12)
[2020.03.12-01.20.54:827][976]LogModuleManager: Shutting down and abandoning module CookedIterativeFile (10)
[2020.03.12-01.20.54:827][976]LogModuleManager: Shutting down and abandoning module StreamingFile (8)
[2020.03.12-01.20.54:827][976]LogModuleManager: Shutting down and abandoning module SandboxFile (6)
[2020.03.12-01.20.54:827][976]LogModuleManager: Shutting down and abandoning module PakFile (4)
[2020.03.12-01.20.54:827][976]LogModuleManager: Shutting down and abandoning module RSA (3)
[2020.03.12-01.20.54:827][976]LogD3D11RHI: Shutdown
[2020.03.12-01.20.54:827][976]LogD3D11RHI: CleanupD3DDevice
[2020.03.12-01.20.54:839][976]LogExit: Exiting.
[2020.03.12-01.20.54:858][976]Log file closed, 03/11/20 21:20:54
