"../../../Engine/Content/Tutorial/Mobile/TutorialAssets/IOS.uasset" 0
"../../../Engine/Content/Tutorial/Mobile/CreatingSigningCertAndProvisionTutorial.uasset" 1
"../../../Engine/Content/EngineResources/DefaultTextureCube.uasset" 2
"../../../Engine/Content/EngineResources/DefaultTexture.uasset" 3
"../../../Engine/Content/EngineResources/Black.uasset" 4
"../../../Engine/Content/EngineResources/DefaultVolumeTexture2D.uasset" 5
"../../../Engine/Content/EngineResources/DefaultVolumeTexture.uasset" 6
"../../../Engine/Content/EngineResources/StreamingPauseIcon.uasset" 7
"../../../Engine/Content/EngineResources/M_StreamingPause.uasset" 8
"../../../Engine/Content/EngineResources/GradientTexture0.uasset" 9
"../../../Engine/Content/EditorLandscapeResources/DataLayer.uasset" 10
"../../../Engine/Content/EditorLandscapeResources/LandscapeGizmo_Mat.uasset" 11
"../../../Engine/Content/EditorLandscapeResources/LandscapeGizmo_Mat_Copied.uasset" 12
"../../../Engine/Content/EditorLandscapeResources/SplineEditorMeshMat.uasset" 13
"../../../Engine/Content/EditorLandscapeResources/SplineEditorMesh.uasset" 14
"../../../Engine/Content/EditorLandscapeResources/LandscapeGizmoHeight_Mat.uasset" 15
"../../../Engine/Content/EditorLandscapeResources/DefaultAlphaTexture.uasset" 16
"../../../Engine/Content/EditorSounds/Notifications/CompileSuccess.uasset" 17
"../../../Engine/Content/EditorSounds/Notifications/CompileSuccess_Cue.uasset" 18
"../../../Engine/Content/EditorSounds/Notifications/CompileFailed.uasset" 19
"../../../Engine/Content/EditorSounds/Notifications/CompileFailed_Cue.uasset" 20
"../../../Engine/Content/EditorSounds/Notifications/CompileStart_Cue.uasset" 21
"../../../Engine/Content/EditorMeshes/EditorCube.uasset" 22
"../../../Engine/Content/EditorMeshes/EditorPlane.uasset" 23
"../../../Engine/Content/EditorResources/MatineeCam_D.uasset" 24
"../../../Engine/Content/EditorMaterials/MatineeCam_mat.uasset" 25
"../../../Engine/Content/EditorMeshes/MatineeCam_SM.uasset" 26
"../../../Engine/Content/EditorMeshes/EditorCylinder.uasset" 27
"../../../Engine/Content/EditorMaterials/Thumbnails/SkySphereMaterial.uasset" 28
"../../../Engine/Content/EditorMeshes/EditorSkySphere.uasset" 29
"../../../Engine/Content/Functions/Engine_MaterialFunctions01/Opacity/CameraDepthFade.uasset" 30
"../../../Engine/Content/EngineMaterials/T_Default_Material_Grid_M.uasset" 31
"../../../Engine/Content/EngineMaterials/T_Default_Material_Grid_N.uasset" 32
"../../../Engine/Content/EngineMaterials/WorldGridMaterial.uasset" 33
"../../../Engine/Content/EditorMeshes/PlanarReflectionPlane.uasset" 34
"../../../Engine/Content/EditorMeshes/EditorSphere.uasset" 35
"../../../Engine/Content/EditorMaterials/Camera/CineMat.uasset" 36
"../../../Engine/Content/EditorMaterials/Camera/MI_CineMat_Rig.uasset" 37
"../../../Engine/Content/EditorMeshes/Camera/SM_CraneRig_Body.uasset" 38
"../../../Engine/Content/EditorMeshes/Camera/SM_RailRig_Mount.uasset" 39
"../../../Engine/Content/EditorMaterials/Camera/MI_CineMat_CameraBody.uasset" 40
"../../../Engine/Content/EngineDebugMaterials/M_SimpleOpaque.uasset" 41
"../../../Engine/Content/EditorMaterials/Camera/MI_CineMat_CamViewFinder.uasset" 42
"../../../Engine/Content/EditorMeshes/Camera/SM_CineCam.uasset" 43
"../../../Engine/Content/EditorMeshes/Camera/SM_CraneRig_Base.uasset" 44
"../../../Engine/Content/EditorMeshes/Camera/SM_CraneRig_Mount.uasset" 45
"../../../Engine/Content/EditorMeshes/Camera/SM_CraneRig_Arm.uasset" 46
"../../../Engine/Content/EditorMeshes/Camera/SM_RailRig_Track.uasset" 47
"../../../Engine/Content/EditorMeshes/ColorCalibrator/M_ChromeBall.uasset" 48
"../../../Engine/Content/EngineFonts/Faces/DroidSansFallback.uasset" 49
"../../../Engine/Content/EngineFonts/Faces/RobotoTiny.uasset" 50
"../../../Engine/Content/EngineFonts/RobotoTiny.uasset" 51
"../../../Engine/Content/EngineFonts/SmallFont.uasset" 52
"../../../Engine/Content/EngineFonts/Faces/RobotoBold.uasset" 53
"../../../Engine/Content/EngineFonts/Faces/RobotoBoldItalic.uasset" 54
"../../../Engine/Content/EngineFonts/Faces/RobotoItalic.uasset" 55
"../../../Engine/Content/EngineFonts/Faces/RobotoLight.uasset" 56
"../../../Engine/Content/EngineFonts/Faces/RobotoRegular.uasset" 57
"../../../Engine/Content/EngineFonts/Roboto.uasset" 58
"../../../Engine/Content/EngineFonts/TinyFont.uasset" 59
"../../../Engine/Content/EngineDamageTypes/DmgTypeBP_Environmental.uasset" 60
"../../../Engine/Content/ArtTools/RenderToTexture/Meshes/S_1_Unit_Plane.uasset" 61
"../../../Engine/Content/Animation/DefaultAnimCurveCompressionSettings.uasset" 62
"../../../Engine/Content/EngineResources/WhiteSquareTexture.uasset" 63
"../../../Engine/Content/EngineMaterials/Widget3DPassThrough.uasset" 64
"../../../Engine/Content/EngineMaterials/Widget3DPassThrough_Masked.uasset" 65
"../../../Engine/Content/EngineMaterials/WeightMapPlaceholderTexture.uasset" 66
"../../../Engine/Content/EngineMaterials/Widget3DPassThrough_Translucent.uasset" 67
"../../../Engine/Content/EngineMaterials/Widget3DPassThrough_Translucent_OneSided.uasset" 68
"../../../Engine/Content/EngineMaterials/PaperDiffuse.uasset" 69
"../../../Engine/Content/EngineMaterials/BlinkingCaret.uasset" 70
"../../../Engine/Content/EngineMaterials/EditorBrushMaterial.uasset" 71
"../../../Engine/Content/EngineMaterials/PaperNormal.uasset" 72
"../../../Engine/Content/Functions/Engine_MaterialFunctions02/WorldPositionOffset/CameraOffset.uasset" 73
"../../../Engine/Content/EngineMaterials/PhAT_JointLimitMaterial.uasset" 74
"../../../Engine/Content/EngineMaterials/GizmoMaterial.uasset" 75
"../../../Engine/Content/EngineMaterials/DefaultNormal.uasset" 76
"../../../Engine/Content/Functions/Engine_MaterialFunctions02/Utility/BreakOutFloat2Components.uasset" 77
"../../../Engine/Content/EngineMaterials/HighResScreenshotCaptureRegion.uasset" 78
"../../../Engine/Content/EngineMaterials/LandscapeHolePhysicalMaterial.uasset" 79
"../../../Engine/Content/EngineMaterials/BlueNoise.uasset" 80
"../../../Engine/Content/EngineMaterials/DefaultWhiteGrid_Low.uasset" 81
"../../../Engine/Content/EngineMaterials/EmissiveMeshMaterial.uasset" 82
"../../../Engine/Content/EngineMaterials/Widget3DPassThrough_Opaque.uasset" 83
"../../../Engine/Content/EngineMaterials/Widget3DPassThrough_Masked_OneSided.uasset" 84
"../../../Engine/Content/EngineMaterials/Good64x64TilingNoiseHighFreq.uasset" 85
"../../../Engine/Content/EngineMaterials/DefaultBloomKernel.uasset" 86
"../../../Engine/Content/EngineMaterials/HighResolutionScreenshotMaskFunction.uasset" 87
"../../../Engine/Content/EngineMaterials/HighResScreenshot.uasset" 88
"../../../Engine/Content/EngineMaterials/RemoveSurfaceMaterial.uasset" 89
"../../../Engine/Content/EngineMaterials/DefaultDiffuse.uasset" 90
"../../../Engine/Content/EngineMaterials/DefaultDeferredDecalMaterial.uasset" 91
"../../../Engine/Content/EngineMaterials/HairDefaultMaterial.uasset" 92
"../../../Engine/Content/EngineMaterials/DefaultPostProcessMaterial.uasset" 93
"../../../Engine/Content/Functions/Engine_MaterialFunctions01/ImageAdjustment/sRGBToLinear.uasset" 94
"../../../Engine/Content/Functions/Engine_MaterialFunctions02/Utility/BreakOutFloat3Components.uasset" 95
"../../../Engine/Content/Functions/Engine_MaterialFunctions02/Utility/MakeFloat3.uasset" 96
"../../../Engine/Content/EngineMaterials/Widget3DCameraPassThrough_Opaque_OneSided.uasset" 97
"../../../Engine/Content/EngineMaterials/BaseFlattenDiffuseMap.uasset" 98
"../../../Engine/Content/EngineMaterials/BaseFlattenEmissiveMap.uasset" 99
"../../../Engine/Content/EngineMaterials/BaseFlattenGrayscaleMap.uasset" 100
"../../../Engine/Content/EngineMaterials/BaseFlattenNormalMap.uasset" 101
"../../../Engine/Content/EngineMaterials/BaseFlattenMaterial.uasset" 102
"../../../Engine/Content/EngineMaterials/InvalidLightmapSettings.uasset" 103
"../../../Engine/Content/EngineMaterials/M_InvalidLightmapSettings.uasset" 104
"../../../Engine/Content/EngineMaterials/HighResScreenshotMask.uasset" 105
"../../../Engine/Content/EngineFonts/RobotoDistanceField.uasset" 106
"../../../Engine/Content/EngineMaterials/DefaultTextMaterialOpaque.uasset" 107
"../../../Engine/Content/Functions/Engine_MaterialFunctions02/Utility/MakeFloat2.uasset" 108
"../../../Engine/Content/EngineMaterials/HairColorMap.uasset" 109
"../../../Engine/Content/EngineMaterials/HairDebugColor.uasset" 110
"../../../Engine/Content/EngineMaterials/HairDebugMaterial.uasset" 111
"../../../Engine/Content/EngineMaterials/PreintegratedSkinBRDF.uasset" 112
"../../../Engine/Content/EngineMaterials/DefaultVirtualTextureMaterial.uasset" 113
"../../../Engine/Content/EngineMaterials/Widget3DPassThrough_Opaque_OneSided.uasset" 114
"../../../Engine/Content/EngineMaterials/PhysMat_Rubber.uasset" 115
"../../../Engine/Content/EngineMaterials/DefaultBokeh.uasset" 116
"../../../Engine/Content/EngineMaterials/DefaultLightFunctionMaterial.uasset" 117
"../../../Engine/Content/EngineMaterials/Grid_N.uasset" 118
"../../../Engine/Content/EngineDebugMaterials/DebugEditorMaterial.uasset" 119
"../../../Engine/Content/Functions/Engine_MaterialFunctions01/Shading/ConvertFromDiffSpec.uasset" 120
"../../../Engine/Content/EngineDebugMaterials/VertexColorMaterial.uasset" 121
"../../../Engine/Content/EngineDebugMaterials/GeomMaterial.uasset" 122
"../../../Engine/Content/EngineDebugMaterials/WireframeMaterial.uasset" 123
"../../../Engine/Content/EngineDebugMaterials/HeatmapGradient.uasset" 124
"../../../Engine/Content/EngineDebugMaterials/BoneWeightMaterial.uasset" 125
"../../../Engine/Content/Functions/Engine_MaterialFunctions02/Utility/CameraDirectionVector.uasset" 126
"../../../Engine/Content/EngineDebugMaterials/VolumeToRender.uasset" 127
"../../../Engine/Content/EngineDebugMaterials/M_VolumeRenderSphereTracePP.uasset" 128
"../../../Engine/Content/EngineDebugMaterials/VertexColorViewMode_BlueOnly.uasset" 129
"../../../Engine/Content/EngineDebugMaterials/LevelColorationLitMaterial.uasset" 130
"../../../Engine/Content/EngineDebugMaterials/VertexColorViewMode_AlphaAsColor.uasset" 131
"../../../Engine/Content/EngineDebugMaterials/VertexColorViewMode_RedOnly.uasset" 132
"../../../Engine/Content/EngineDebugMaterials/ShadedLevelColorationUnlitMateri.uasset" 133
"../../../Engine/Content/EngineDebugMaterials/ClothMaterial.uasset" 134
"../../../Engine/Content/EngineDebugMaterials/ClothMaterial_WF.uasset" 135
"../../../Engine/Content/EngineDebugMaterials/VertexColorViewMode_GreenOnly.uasset" 136
"../../../Engine/Content/EngineMaterials/DefaultWhiteGrid.uasset" 137
"../../../Engine/Content/EngineDebugMaterials/MAT_LevelColorationLitLightmapUV.uasset" 138
"../../../Engine/Content/EngineDebugMaterials/DebugMeshMaterial.uasset" 139
"../../../Engine/Content/EngineDebugMaterials/VertexColorViewMode_ColorOnly.uasset" 140
"../../../Engine/Content/EngineDebugMaterials/M_SimpleTranslucent.uasset" 141
"../../../Engine/Content/EngineDebugMaterials/LevelColorationUnlitMaterial.uasset" 142
"../../../Engine/Content/EngineDebugMaterials/ShadedLevelColorationLitMaterial.uasset" 143
"../../../Engine/Content/EditorResources/S_Emitter.uasset" 144
"../../../Engine/Content/EditorResources/S_LevelSequence.uasset" 145
"../../../Engine/Content/EditorResources/S_Thruster.uasset" 146
"../../../Engine/Content/EditorResources/S_WindDirectional.uasset" 147
"../../../Engine/Content/EditorResources/S_KBSJoint.uasset" 148
"../../../Engine/Content/EditorResources/S_ReflActorIcon.uasset" 149
"../../../Engine/Content/EditorResources/Bad.uasset" 150
"../../../Engine/Content/EditorResources/S_SkyAtmosphere.uasset" 151
"../../../Engine/Content/EditorResources/S_DecalActorIcon.uasset" 152
"../../../Engine/Content/EditorResources/SmallFont.uasset" 153
"../../../Engine/Content/EditorResources/S_Player.uasset" 154
"../../../Engine/Content/EditorResources/S_KPrismatic.uasset" 155
"../../../Engine/Content/EditorResources/S_Note.uasset" 156
"../../../Engine/Content/EditorResources/S_VectorFieldVol.uasset" 157
"../../../Engine/Content/EditorResources/S_Solver.uasset" 158
"../../../Engine/Content/EditorResources/S_NavP.uasset" 159
"../../../Engine/Content/EditorResources/S_KHinge.uasset" 160
"../../../Engine/Content/EditorResources/S_ExpoHeightFog.uasset" 161
"../../../Engine/Content/EditorResources/S_FTest.uasset" 162
"../../../Engine/Content/EditorResources/S_PortalActorIcon2.uasset" 163
"../../../Engine/Content/EditorResources/SceneManager.uasset" 164
"../../../Engine/Content/EditorResources/S_TextRenderActorIcon.uasset" 165
"../../../Engine/Content/EditorResources/S_RadForce.uasset" 166
"../../../Engine/Content/EditorResources/S_Terrain.uasset" 167
"../../../Engine/Content/EditorResources/S_Trigger.uasset" 168
"../../../Engine/Content/EditorResources/S_Actor.uasset" 169
"../../../Engine/Content/EditorResources/EmptyActor.uasset" 170
"../../../Engine/Content/EditorResources/BSPVertex.uasset" 171
"../../../Engine/Content/EditorResources/MatInstActSprite.uasset" 172
"../../../Engine/Content/EditorResources/SequenceRecorder/Countdown.uasset" 173
"../../../Engine/Content/EditorResources/SequenceRecorder/RecordingIndicator.uasset" 174
"../../../Engine/Content/EditorResources/AudioIcons/S_AudioComponent_AutoActivate.uasset" 175
"../../../Engine/Content/EditorResources/AI/S_NavLink.uasset" 176
"../../../Engine/Content/EditorResources/Spline/T_Loft_Spline.uasset" 177
"../../../Engine/Content/EditorResources/LightIcons/S_LightError.uasset" 178
"../../../Engine/Content/EditorResources/LightIcons/S_LightSpot.uasset" 179
"../../../Engine/Content/EditorResources/LightIcons/S_LightSpotMove.uasset" 180
"../../../Engine/Content/EditorResources/LightIcons/SkyLight.uasset" 181
"../../../Engine/Content/EditorResources/LightIcons/S_LightPoint.uasset" 182
"../../../Engine/Content/EditorResources/LightIcons/S_LightPointMove.uasset" 183
"../../../Engine/Content/EditorResources/LightIcons/S_LightDirectional.uasset" 184
"../../../Engine/Content/EditorResources/LightIcons/S_LightDirectionalMove.uasset" 185
"../../../Engine/Content/BasicShapes/Cube.uasset" 186
"../../../Engine/Content/Functions/Engine_MaterialFunctions01/Texturing/ScaleUVsByCenter.uasset" 187
"../../../Engine/Content/Functions/Engine_MaterialFunctions02/ScreenResolution.uasset" 188
"../../../Engine/Content/Functions/Engine_MaterialFunctions02/Texturing/ScreenAlignedUVs.uasset" 189
"../../../Engine/Content/EngineMaterials/MiniFont.uasset" 190
"../../../Engine/Content/BufferVisualization/CustomStencil.uasset" 191
"../../../Engine/Content/BufferVisualization/LightingModel.uasset" 192
"../../../Engine/Content/BufferVisualization/SubsurfaceColor.uasset" 193
"../../../Engine/Content/BufferVisualization/WorldNormal.uasset" 194
"../../../Engine/Content/Functions/Engine_MaterialFunctions02/Utility/VectorLength.uasset" 195
"../../../Engine/Content/BufferVisualization/SceneDepthWorldUnits.uasset" 196
"../../../Engine/Content/BufferVisualization/Opacity.uasset" 197
"../../../Engine/Content/BufferVisualization/SeparateTranslucencyRGB.uasset" 198
"../../../Engine/Content/BufferVisualization/BaseColor.uasset" 199
"../../../Engine/Content/BufferVisualization/Metallic.uasset" 200
"../../../Engine/Content/BufferVisualization/Velocity.uasset" 201
"../../../Engine/Content/BufferVisualization/MaterialAO.uasset" 202
"../../../Engine/Content/BufferVisualization/SeparateTranslucencyA.uasset" 203
"../../../Engine/Content/BufferVisualization/SceneDepth.uasset" 204
"../../../Engine/Content/BufferVisualization/Specular.uasset" 205
"../../../Engine/Content/BufferVisualization/PostTonemapHDRColor.uasset" 206
"../../../Engine/Content/BufferVisualization/SceneColor.uasset" 207
"../../../Engine/Content/BufferVisualization/PreTonemapHDRColor.uasset" 208
"../../../Engine/Content/BufferVisualization/FinalImage.uasset" 209
"../../../Engine/Content/EngineMaterials/DefaultPhysicalMaterial.uasset" 210
"../../../Engine/Content/BufferVisualization/AmbientOcclusion.uasset" 211
"../../../Engine/Content/BufferVisualization/CustomDepth.uasset" 212
"../../../Engine/Content/BufferVisualization/Roughness.uasset" 213
"../../../Engine/Content/BufferVisualization/CustomDepthWorldUnits.uasset" 214
"../../../Engine/Content/Functions/Engine_MaterialFunctions01/Shading/PowerToRoughness.uasset" 215
"../../../Engine/Content/EditorMaterials/Tick.uasset" 216
"../../../Engine/Content/EditorMaterials/Tick_Mat.uasset" 217
"../../../Engine/Content/EditorMaterials/WidgetMaterial_X.uasset" 218
"../../../Engine/Content/EditorMaterials/WidgetMaterial_Z.uasset" 219
"../../../Engine/Content/EditorMaterials/PreviewShadowIndicator.uasset" 220
"../../../Engine/Content/EditorMaterials/PreviewShadowIndicatorMaterial.uasset" 221
"../../../Engine/Content/EditorMaterials/WidgetMaterial.uasset" 222
"../../../Engine/Content/EditorMaterials/PhAT_NoCollisionMaterial.uasset" 223
"../../../Engine/Content/EditorMaterials/PhAT_BoneSelectedMaterial.uasset" 224
"../../../Engine/Content/EditorMaterials/Cross.uasset" 225
"../../../Engine/Content/EditorMaterials/Cross_Mat.uasset" 226
"../../../Engine/Content/Functions/Engine_MaterialFunctions01/Texturing/TextureCropping.uasset" 227
"../../../Engine/Content/Functions/Engine_MaterialFunctions01/Texturing/ComputeMipLevel.uasset" 228
"../../../Engine/Content/Functions/Engine_MaterialFunctions02/ExampleContent/DebugNumberStrip.uasset" 229
"../../../Engine/Content/Functions/Engine_MaterialFunctions02/ExampleContent/Textures/DebugNumberPeriod.uasset" 230
"../../../Engine/Content/Functions/Engine_MaterialFunctions02/Utility/DebugScalarValues.uasset" 231
"../../../Engine/Content/Functions/Engine_MaterialFunctions02/Utility/DebugFloat2Values.uasset" 232
"../../../Engine/Content/Functions/Engine_MaterialFunctions02/ExampleContent/Textures/flipbook.uasset" 233
"../../../Engine/Content/Functions/Engine_MaterialFunctions02/Texturing/FlipBook.uasset" 234
"../../../Engine/Content/Functions/Engine_MaterialFunctions02/Utility/Sign.uasset" 235
"../../../Engine/Content/Functions/Engine_MaterialFunctions02/Utility/Round.uasset" 236
"../../../Engine/Content/EditorResources/T_EditorHelp.uasset" 237
"../../../Engine/Content/EditorMaterials/HelpActorMaterial.uasset" 238
"../../../Engine/Content/EditorMaterials/WidgetMaterial_Y.uasset" 239
"../../../Engine/Content/EditorMaterials/TargetIcon.uasset" 240
"../../../Engine/Content/EditorMaterials/WidgetVertexColorMaterial.uasset" 241
"../../../Engine/Content/EditorMaterials/WidgetMaterial_Current.uasset" 242
"../../../Engine/Content/EditorMaterials/CompositeARGBLayer.uasset" 243
"../../../Engine/Content/EditorMaterials/TilingAALineIntegral.uasset" 244
"../../../Engine/Content/EditorMaterials/TilingAALineBoxFiltered.uasset" 245
"../../../Engine/Content/Functions/Engine_MaterialFunctions03/Procedurals/ComputeFilterWidth.uasset" 246
"../../../Engine/Content/EditorMaterials/TilingAADots.uasset" 247
"../../../Engine/Content/EngineMaterials/BlendFunc_DefBase.uasset" 248
"../../../Engine/Content/EngineMaterials/BlendFunc_DefBlend.uasset" 249
"../../../Engine/Content/Functions/Engine_MaterialFunctions03/Blends/Blend_Screen.uasset" 250
"../../../Engine/Content/EditorMaterials/TilingAAGrid.uasset" 251
"../../../Engine/Content/EditorMaterials/LevelGridMaterial.uasset" 252
"../../../Engine/Content/EditorMaterials/MAT_Groups_Toggle.uasset" 253
"../../../Engine/Content/EditorMaterials/PhAT_ElemSelectedMaterial.uasset" 254
"../../../Engine/Content/EditorMaterials/WidgetGridVertexColorMaterial.uasset" 255
"../../../Engine/Content/EditorMaterials/WidgetGridVertexColorMaterial_Ma.uasset" 256
"../../../Engine/Content/EditorMaterials/PhAT_UnselectedMaterial.uasset" 257
"../../../Engine/Content/EditorMaterials/MAT_Groups_Visibility.uasset" 258
"../../../Engine/Content/EditorMaterials/MakeCompositeARGBLayer.uasset" 259
"../../../Engine/Content/EditorResources/LevelGrid1DStripes.uasset" 260
"../../../Engine/Content/EditorMaterials/TextureGridCascaded1D.uasset" 261
"../../../Engine/Content/EditorMaterials/TextureGridCascaded2D.uasset" 262
"../../../Engine/Content/EditorMaterials/LevelGridMaterial2.uasset" 263
"../../../Engine/Content/EditorMaterials/ParticleSystems/PSysThumbnail_NoImage.uasset" 264
"../../../Engine/Content/EditorMaterials/ParticleSystems/PSysThumbnail_OOD.uasset" 265
"../../../Engine/Content/EditorMaterials/MatineeGroups/MAT_Groups_Vector.uasset" 266
"../../../Engine/Content/EditorMaterials/MatineeGroups/MAT_ColorTrack.uasset" 267
"../../../Engine/Content/EditorMaterials/MatineeGroups/MAT_Groups_AudioMaster.uasset" 268
"../../../Engine/Content/EditorMaterials/MatineeGroups/MAT_Groups_Sound.uasset" 269
"../../../Engine/Content/EditorMaterials/MatineeGroups/MAT_Groups_Float.uasset" 270
"../../../Engine/Content/EditorMaterials/MatineeGroups/MAT_Groups_Director.uasset" 271
"../../../Engine/Content/EditorMaterials/MatineeGroups/MAT_Groups_Move.uasset" 272
"../../../Engine/Content/EditorMaterials/MatineeGroups/MAT_Groups_Event.uasset" 273
"../../../Engine/Content/EditorMaterials/MatineeGroups/MAT_Groups_Fade.uasset" 274
"../../../Engine/Content/EditorMaterials/MatineeGroups/MAT_Groups_Anim.uasset" 275
"../../../Engine/Content/EditorMaterials/MatineeGroups/MAT_Groups_Slomo.uasset" 276
"../../../Engine/Content/EngineMaterials/Grid.uasset" 277
"../../../Engine/Content/EditorMaterials/Thumbnails/FloorPlaneMaterial.uasset" 278
"../../../Engine/Content/EngineSounds/Master.uasset" 279
"../../../Engine/Content/EngineMaterials/DefaultMaterial.uasset" 280
"../../../Engine/Content/EngineMeshes/Cylinder.uasset" 281
"../../../Engine/Content/EngineMeshes/Sphere.uasset" 282
"../../../Engine/Content/VREditor/LaserPointer/VR_LaserPower_01.uasset" 283
"../../../Engine/Content/VREditor/TransformGizmo/TransformGizmoMaterial.uasset" 284
"../../../Engine/Content/VREditor/TransformGizmo/TranslucentTransformGizmoMaterial.uasset" 285
"../../../Engine/Content/VREditor/TransformGizmo/PlaneTranslationHandle.uasset" 286
"../../../Engine/Content/VREditor/TransformGizmo/Main.uasset" 287
"../../../Engine/Content/VREditor/TransformGizmo/Xray.uasset" 288
"../../../Engine/Content/VREditor/TransformGizmo/SM_Sequencer_Key.uasset" 289
"../../../Engine/Content/VREditor/TransformGizmo/BoundingBoxCorner.uasset" 290
"../../../Engine/Content/VREditor/TransformGizmo/SM_Sequencer_Node.uasset" 291
"../../../Engine/Content/VREditor/TransformGizmo/BoundingBoxEdge.uasset" 292
"../../../Engine/Content/MapTemplates/Sky/DaylightAmbientCubemap.uasset" 293
"../../../../../../shianneschrum/Desktop/ThesisFicka/Ficka/Content/Custom/Images/SunAndWave.uasset" 294
"../../../../../../shianneschrum/Desktop/ThesisFicka/Ficka/Content/Custom/Images/SunDataAsset.uasset" 295
"../../../../../../shianneschrum/Desktop/ThesisFicka/Ficka/Content/HandheldARBP/D_ARSessionConfig.uasset" 296
"../../../Engine/Content/EditorBlueprintResources/StandardMacros.uasset" 297
"../../../../../../shianneschrum/Desktop/ThesisFicka/Ficka/Content/Custom/Meshes/Dolphin/Dolphin_Root_Skeleton.uasset" 298
"../../../Engine/Content/Functions/Engine_MaterialFunctions01/Density/ExponentialDensity.uasset" 299
"../../../Engine/Content/Functions/Engine_MaterialFunctions01/Gradient/RadialGradientExponential.uasset" 300
"../../../../../../shianneschrum/Desktop/ThesisFicka/Ficka/Content/Custom/Texture/PolyTex_RGB.uasset" 301
"../../../../../../shianneschrum/Desktop/ThesisFicka/Ficka/Content/Custom/Particle/Splash_M.uasset" 302
"../../../../../../shianneschrum/Desktop/ThesisFicka/Ficka/Content/Custom/Particle/Splash_FX.uasset" 303
"../../../../../../shianneschrum/Desktop/ThesisFicka/Ficka/Content/Custom/Meshes/Dolphin/Dolphin_Jump01_Anim.uasset" 304
"../../../../../../shianneschrum/Desktop/ThesisFicka/Ficka/Content/Custom/Meshes/Dolphin/Dolphin_Jump02_Anim.uasset" 305
"../../../../../../shianneschrum/Desktop/ThesisFicka/Ficka/Content/Custom/Meshes/Dolphin/Dolphin_Jump03_Anim.uasset" 306
"../../../../../../shianneschrum/Desktop/ThesisFicka/Ficka/Content/Custom/Meshes/Dolphin/Dolphin_Spin_Anim.uasset" 307
"../../../../../../shianneschrum/Desktop/ThesisFicka/Ficka/Content/Custom/SFX/Dolphins_Clicks.uasset" 308
"../../../../../../shianneschrum/Desktop/ThesisFicka/Ficka/Content/Custom/SFX/Dolphins_Clicks_Cue.uasset" 309
"../../../../../../shianneschrum/Desktop/ThesisFicka/Ficka/Content/Custom/Meshes/Dolphin/Dolphin_Swim_Anim.uasset" 310
"../../../../../../shianneschrum/Desktop/ThesisFicka/Ficka/Content/Custom/Meshes/Dolphin/Dolphin_Root_Skeleton_AnimBlueprint.uasset" 311
"../../../../../../shianneschrum/Desktop/ThesisFicka/Ficka/Content/Custom/Meshes/Boat/Oar_Row_Skeleton.uasset" 312
"../../../../../../shianneschrum/Desktop/ThesisFicka/Ficka/Content/Custom/Meshes/Boat/Oar_Row_Anim.uasset" 313
"../../../../../../shianneschrum/Desktop/ThesisFicka/Ficka/Content/Custom/Meshes/Chair/Chair_Skeleton.uasset" 314
"../../../../../../shianneschrum/Desktop/ThesisFicka/Ficka/Content/Custom/Meshes/Chair/Chair_Anim.uasset" 315
"../../../../../../shianneschrum/Desktop/ThesisFicka/Ficka/Content/Custom/Meshes/Fish/Fish_Skeleton.uasset" 316
"../../../../../../shianneschrum/Desktop/ThesisFicka/Ficka/Content/Custom/Meshes/Fish/Fish_Swim_Anim.uasset" 317
"../../../../../../shianneschrum/Desktop/ThesisFicka/Ficka/Content/Custom/Meshes/Rod/Rod_Skeleton.uasset" 318
"../../../../../../shianneschrum/Desktop/ThesisFicka/Ficka/Content/Custom/Meshes/Rod/Rod_Casting_Anim.uasset" 319
"../../../../../../shianneschrum/Desktop/ThesisFicka/Ficka/Content/Custom/Meshes/Sun/Sun_Shine_Point7_Skeleton.uasset" 320
"../../../../../../shianneschrum/Desktop/ThesisFicka/Ficka/Content/Custom/Meshes/Sun/Sun_Shine_Point7_Anim.uasset" 321
"../../../../../../shianneschrum/Desktop/ThesisFicka/Ficka/Content/Custom/Meshes/Trees/Tree01/Tree01_Skeleton.uasset" 322
"../../../../../../shianneschrum/Desktop/ThesisFicka/Ficka/Content/Custom/Meshes/Trees/Tree01/Tree01_Enter_Anim.uasset" 323
"../../../../../../shianneschrum/Desktop/ThesisFicka/Ficka/Content/Custom/Meshes/Trees/Tree02/Tree02_Skeleton.uasset" 324
"../../../../../../shianneschrum/Desktop/ThesisFicka/Ficka/Content/Custom/Meshes/Trees/Tree02/Tree02_Enter_Anim.uasset" 325
"../../../../../../shianneschrum/Desktop/ThesisFicka/Ficka/Content/Custom/Meshes/Umbrella/Umbrella_Skeleton.uasset" 326
"../../../../../../shianneschrum/Desktop/ThesisFicka/Ficka/Content/Custom/Meshes/Umbrella/Umbrella_Anim.uasset" 327
"../../../../../../shianneschrum/Desktop/ThesisFicka/Ficka/Content/Custom/Blueprints/Scenes/ParentScene_BP.uasset" 328
"../../../../../../shianneschrum/Desktop/ThesisFicka/Ficka/Content/Custom/Meshes/Chair/Cloth_OrangeBURNT.uasset" 329
"../../../../../../shianneschrum/Desktop/ThesisFicka/Ficka/Content/Custom/Meshes/Chair/Chair_Stripes.uasset" 330
"../../../../../../shianneschrum/Desktop/ThesisFicka/Ficka/Content/Custom/Meshes/Chair/Cloth_Stripes.uasset" 331
"../../../../../../shianneschrum/Desktop/ThesisFicka/Ficka/Content/Custom/Meshes/Chair/Wood.uasset" 332
"../../../../../../shianneschrum/Desktop/ThesisFicka/Ficka/Content/Custom/Meshes/Fish/Textures/Fish_Blue_Color.uasset" 333
"../../../../../../shianneschrum/Desktop/ThesisFicka/Ficka/Content/Custom/Meshes/Fish/Textures/Fish_Blue_Normal.uasset" 334
"../../../../../../shianneschrum/Desktop/ThesisFicka/Ficka/Content/Custom/Meshes/Fish/Textures/Fish_Blue_ORM.uasset" 335
"../../../../../../shianneschrum/Desktop/ThesisFicka/Ficka/Content/Custom/Meshes/Fish/M_Fish_Blue.uasset" 336
"../../../../../../shianneschrum/Desktop/ThesisFicka/Ficka/Content/Custom/Meshes/Fish/Textures/Fish_Green_Color.uasset" 337
"../../../../../../shianneschrum/Desktop/ThesisFicka/Ficka/Content/Custom/Meshes/Fish/Textures/Fish_Green_Normal.uasset" 338
"../../../../../../shianneschrum/Desktop/ThesisFicka/Ficka/Content/Custom/Meshes/Fish/Textures/Fish_Green_ORM.uasset" 339
"../../../../../../shianneschrum/Desktop/ThesisFicka/Ficka/Content/Custom/Meshes/Fish/M_Fish_Green.uasset" 340
"../../../../../../shianneschrum/Desktop/ThesisFicka/Ficka/Content/Custom/Meshes/Fish/Textures/Fish_Yellow_Color.uasset" 341
"../../../../../../shianneschrum/Desktop/ThesisFicka/Ficka/Content/Custom/Meshes/Fish/Textures/Fish_Yellow_Normal.uasset" 342
"../../../../../../shianneschrum/Desktop/ThesisFicka/Ficka/Content/Custom/Meshes/Fish/Textures/Fish_Yellow_ORM.uasset" 343
"../../../../../../shianneschrum/Desktop/ThesisFicka/Ficka/Content/Custom/Meshes/Fish/M_Fish_Yellow.uasset" 344
"../../../Engine/Content/Functions/Engine_MaterialFunctions01/Gradient/LinearGradient.uasset" 345
"../../../Engine/Content/Functions/Engine_MaterialFunctions01/WorldPositionOffset/SimpleGrassWind.uasset" 346
"../../../../../../shianneschrum/Desktop/ThesisFicka/Ficka/Content/Custom/SubstanceTextures/Leaves/PalmLeaf_Opacity.uasset" 347
"../../../../../../shianneschrum/Desktop/ThesisFicka/Ficka/Content/Custom/SubstanceTextures/Leaves/Tree_Leaf_Leaf_001_BaseColor.uasset" 348
"../../../../../../shianneschrum/Desktop/ThesisFicka/Ficka/Content/Custom/SubstanceTextures/Leaves/Tree_Leaf_Leaf_001_Normal.uasset" 349
"../../../../../../shianneschrum/Desktop/ThesisFicka/Ficka/Content/Custom/SubstanceTextures/Leaves/Tree_Leaf_Leaf_001_OcclusionRoughnessMetallic.uasset" 350
"../../../../../../shianneschrum/Desktop/ThesisFicka/Ficka/Content/Custom/SubstanceTextures/Leaves/PalmLeaf_MAT.uasset" 351
"../../../Engine/Content/Functions/Engine_MaterialFunctions02/ObjectLocalBounds.uasset" 352
"../../../Engine/Content/Functions/Engine_MaterialFunctions02/Texturing/CustomRotator.uasset" 353
"../../../Engine/Content/Functions/Engine_MaterialFunctions02/UVs/BoundingBoxBased_0-1_UVW.uasset" 354
"../../../../../../shianneschrum/Desktop/ThesisFicka/Ficka/Content/Custom/Materials/RGBColorPicker_MF.uasset" 355
"../../../../../../shianneschrum/Desktop/ThesisFicka/Ficka/Content/Custom/SubstanceTextures/Sand/LandMesh_DefaultMaterial_BaseColor.uasset" 356
"../../../../../../shianneschrum/Desktop/ThesisFicka/Ficka/Content/Custom/SubstanceTextures/Sand/LandMesh_DefaultMaterial_Normal.uasset" 357
"../../../../../../shianneschrum/Desktop/ThesisFicka/Ficka/Content/Custom/SubstanceTextures/Sand/LandMesh_DefaultMaterial_OcclusionRoughnessMetallic.uasset" 358
"../../../../../../shianneschrum/Desktop/ThesisFicka/Ficka/Content/WaterMaterials/Textures/T_Caustics.uasset" 359
"../../../../../../shianneschrum/Desktop/ThesisFicka/Ficka/Content/WaterMaterials/Textures/T_Ocean_Foam.uasset" 360
"../../../../../../shianneschrum/Desktop/ThesisFicka/Ficka/Content/Custom/Materials/Sand_M.uasset" 361
"../../../../../../shianneschrum/Desktop/ThesisFicka/Ficka/Content/Custom/Materials/Sand_M_Inst.uasset" 362
"../../../../../../shianneschrum/Desktop/ThesisFicka/Ficka/Content/Custom/Meshes/SurfBoard/Textures/Surfboard_low_Surfboard_BaseColor.uasset" 363
"../../../../../../shianneschrum/Desktop/ThesisFicka/Ficka/Content/Custom/Meshes/SurfBoard/Textures/Surfboard_low_Surfboard_Normal.uasset" 364
"../../../../../../shianneschrum/Desktop/ThesisFicka/Ficka/Content/Custom/Meshes/SurfBoard/Textures/Surfboard_low_Surfboard_OcclusionRoughnessMetallic.uasset" 365
"../../../../../../shianneschrum/Desktop/ThesisFicka/Ficka/Content/Custom/Meshes/SurfBoard/Materials/SurfBoard_M.uasset" 366
"../../../../../../shianneschrum/Desktop/ThesisFicka/Ficka/Content/Custom/Meshes/SurfBoard/Textures/Surfboard_low_Surfboard_BaseColor__1_.uasset" 367
"../../../../../../shianneschrum/Desktop/ThesisFicka/Ficka/Content/Custom/Meshes/SurfBoard/Materials/SurfBoard_02_MI.uasset" 368
"../../../../../../shianneschrum/Desktop/ThesisFicka/Ficka/Content/Custom/Meshes/SurfBoard/Textures/Surfboard_low_Surfboard_BaseColor__2_.uasset" 369
"../../../../../../shianneschrum/Desktop/ThesisFicka/Ficka/Content/Custom/Meshes/SurfBoard/Materials/SurfBoard_03_MI.uasset" 370
"../../../../../../shianneschrum/Desktop/ThesisFicka/Ficka/Content/Custom/Meshes/Trees/Materials/M_Leaf_Green01.uasset" 371
"../../../../../../shianneschrum/Desktop/ThesisFicka/Ficka/Content/Custom/Meshes/Trees/Materials/M_Leaf_Green02_Inst.uasset" 372
"../../../../../../shianneschrum/Desktop/ThesisFicka/Ficka/Content/Custom/Meshes/BeachHouse/Texture/HouseUnwrappedTest1_Front_BaseColor.uasset" 373
"../../../../../../shianneschrum/Desktop/ThesisFicka/Ficka/Content/Custom/Meshes/BeachHouse/Texture/HouseUnwrappedTest1_Front_Normal.uasset" 374
"../../../../../../shianneschrum/Desktop/ThesisFicka/Ficka/Content/Custom/Meshes/BeachHouse/Texture/HouseUnwrappedTest1_Front_OcclusionRoughnessMetallic.uasset" 375
"../../../../../../shianneschrum/Desktop/ThesisFicka/Ficka/Content/Custom/Meshes/BeachHouse/Materials/HouseFront_M.uasset" 376
"../../../../../../shianneschrum/Desktop/ThesisFicka/Ficka/Content/Custom/Meshes/BeachHouse/Texture/HouseUnwrappedTest1_Hay_BaseColor.uasset" 377
"../../../../../../shianneschrum/Desktop/ThesisFicka/Ficka/Content/Custom/Meshes/BeachHouse/Texture/HouseUnwrappedTest1_Hay_Normal.uasset" 378
"../../../../../../shianneschrum/Desktop/ThesisFicka/Ficka/Content/Custom/Meshes/BeachHouse/Texture/HouseUnwrappedTest1_Hay_OcclusionRoughnessMetallic.uasset" 379
"../../../../../../shianneschrum/Desktop/ThesisFicka/Ficka/Content/Custom/Meshes/BeachHouse/Materials/HouseHay_M.uasset" 380
"../../../../../../shianneschrum/Desktop/ThesisFicka/Ficka/Content/Custom/Meshes/BeachHouse/Texture/HouseUnwrappedTest1_lambert8_BaseColor.uasset" 381
"../../../../../../shianneschrum/Desktop/ThesisFicka/Ficka/Content/Custom/Meshes/BeachHouse/Texture/HouseUnwrappedTest1_lambert8_Normal.uasset" 382
"../../../../../../shianneschrum/Desktop/ThesisFicka/Ficka/Content/Custom/Meshes/BeachHouse/Texture/HouseUnwrappedTest1_lambert8_OcclusionRoughnessMetallic.uasset" 383
"../../../../../../shianneschrum/Desktop/ThesisFicka/Ficka/Content/Custom/Meshes/BeachHouse/Materials/HouseLambert_M.uasset" 384
"../../../../../../shianneschrum/Desktop/ThesisFicka/Ficka/Content/Custom/Meshes/BeachHouse/Texture/HouseUnwrappedTest1_PadioWoos_BaseColor.uasset" 385
"../../../../../../shianneschrum/Desktop/ThesisFicka/Ficka/Content/Custom/Meshes/BeachHouse/Texture/HouseUnwrappedTest1_PadioWoos_Normal.uasset" 386
"../../../../../../shianneschrum/Desktop/ThesisFicka/Ficka/Content/Custom/Meshes/BeachHouse/Texture/HouseUnwrappedTest1_PadioWoos_OcclusionRoughnessMetallic.uasset" 387
"../../../../../../shianneschrum/Desktop/ThesisFicka/Ficka/Content/Custom/Meshes/BeachHouse/Materials/HousePatio_M.uasset" 388
"../../../../../../shianneschrum/Desktop/ThesisFicka/Ficka/Content/Custom/Meshes/BeachHouse/Texture/HouseUnwrappedTest1_Roof_Hay_BaseColor.uasset" 389
"../../../../../../shianneschrum/Desktop/ThesisFicka/Ficka/Content/Custom/Meshes/BeachHouse/Texture/HouseUnwrappedTest1_Roof_Hay_Normal.uasset" 390
"../../../../../../shianneschrum/Desktop/ThesisFicka/Ficka/Content/Custom/Meshes/BeachHouse/Texture/HouseUnwrappedTest1_Roof_Hay_OcclusionRoughnessMetallic.uasset" 391
"../../../../../../shianneschrum/Desktop/ThesisFicka/Ficka/Content/Custom/Meshes/BeachHouse/Materials/HouseRoof_M.uasset" 392
"../../../../../../shianneschrum/Desktop/ThesisFicka/Ficka/Content/Custom/Meshes/BeachHouse/Texture/HouseUnwrappedTest1_Stone_BaseColor.uasset" 393
"../../../../../../shianneschrum/Desktop/ThesisFicka/Ficka/Content/Custom/Meshes/BeachHouse/Texture/HouseUnwrappedTest1_Stone_Normal.uasset" 394
"../../../../../../shianneschrum/Desktop/ThesisFicka/Ficka/Content/Custom/Meshes/BeachHouse/Texture/HouseUnwrappedTest1_Stone_OcclusionRoughnessMetallic.uasset" 395
"../../../../../../shianneschrum/Desktop/ThesisFicka/Ficka/Content/Custom/Meshes/BeachHouse/Materials/HouseStone_M.uasset" 396
"../../../../../../shianneschrum/Desktop/ThesisFicka/Ficka/Content/Custom/Meshes/BeachHouse/Texture/HouseUnwrappedTest1_BackWood_BaseColor.uasset" 397
"../../../../../../shianneschrum/Desktop/ThesisFicka/Ficka/Content/Custom/Meshes/BeachHouse/Texture/HouseUnwrappedTest1_BackWood_Normal.uasset" 398
"../../../../../../shianneschrum/Desktop/ThesisFicka/Ficka/Content/Custom/Meshes/BeachHouse/Texture/HouseUnwrappedTest1_BackWood_OcclusionRoughnessMetallic.uasset" 399
"../../../../../../shianneschrum/Desktop/ThesisFicka/Ficka/Content/Custom/Meshes/BeachHouse/Materials/HouseWood_M.uasset" 400
"../../../../../../shianneschrum/Desktop/ThesisFicka/Ficka/Content/Custom/Meshes/BeachHouse/BeachHouse_SM.uasset" 401
"../../../../../../shianneschrum/Desktop/ThesisFicka/Ficka/Content/Custom/Materials/Waves_MF.uasset" 402
"../../../../../../shianneschrum/Desktop/ThesisFicka/Ficka/Content/Custom/Meshes/Boat/Boat_low_Boat_BaseColor.uasset" 403
"../../../../../../shianneschrum/Desktop/ThesisFicka/Ficka/Content/Custom/Meshes/Boat/Boat_low_Boat_Normal.uasset" 404
"../../../../../../shianneschrum/Desktop/ThesisFicka/Ficka/Content/Custom/Meshes/Boat/Boat_low_Boat_OcclusionRoughnessMetallic.uasset" 405
"../../../../../../shianneschrum/Desktop/ThesisFicka/Ficka/Content/Custom/Meshes/Boat/Boat_Oar.uasset" 406
"../../../../../../shianneschrum/Desktop/ThesisFicka/Ficka/Content/Custom/Meshes/Boat/Boat_low_Boat.uasset" 407
"../../../../../../shianneschrum/Desktop/ThesisFicka/Ficka/Content/Custom/Meshes/Boat/Oar_Row_PhysicsAsset.uasset" 408
"../../../../../../shianneschrum/Desktop/ThesisFicka/Ficka/Content/Custom/Meshes/Boat/Oar_Row.uasset" 409
"../../../../../../shianneschrum/Desktop/ThesisFicka/Ficka/Content/Custom/Meshes/Chair/Cloth_Red.uasset" 410
"../../../../../../shianneschrum/Desktop/ThesisFicka/Ficka/Content/Custom/Meshes/Chair/Metal.uasset" 411
"../../../../../../shianneschrum/Desktop/ThesisFicka/Ficka/Content/Custom/Meshes/Chair/Chair_PhysicsAsset.uasset" 412
"../../../../../../shianneschrum/Desktop/ThesisFicka/Ficka/Content/Custom/Meshes/Chair/Chair.uasset" 413
"../../../../../../shianneschrum/Desktop/ThesisFicka/Ficka/Content/Custom/Meshes/Dolphin/Dolphin_low_Dolphin_BaseColor.uasset" 414
"../../../../../../shianneschrum/Desktop/ThesisFicka/Ficka/Content/Custom/Meshes/Dolphin/Dolphin_low_Dolphin_Normal.uasset" 415
"../../../../../../shianneschrum/Desktop/ThesisFicka/Ficka/Content/Custom/Meshes/Dolphin/Dolphin_low_Dolphin_OcclusionRoughnessMetallic.uasset" 416
"../../../../../../shianneschrum/Desktop/ThesisFicka/Ficka/Content/Custom/Meshes/Dolphin/Dolphin_Body.uasset" 417
"../../../../../../shianneschrum/Desktop/ThesisFicka/Ficka/Content/Custom/Meshes/Dolphin/Dolphin_Color02.uasset" 418
"../../../../../../shianneschrum/Desktop/ThesisFicka/Ficka/Content/Custom/Meshes/Dolphin/Dolphin_Body1.uasset" 419
"../../../../../../shianneschrum/Desktop/ThesisFicka/Ficka/Content/Custom/Meshes/Dolphin/Dolphin_Root_PhysicsAsset.uasset" 420
"../../../../../../shianneschrum/Desktop/ThesisFicka/Ficka/Content/Custom/Meshes/Dolphin/Dolphin_Root.uasset" 421
"../../../../../../shianneschrum/Desktop/ThesisFicka/Ficka/Content/Custom/Meshes/Fish/Fish_PhysicsAsset.uasset" 422
"../../../../../../shianneschrum/Desktop/ThesisFicka/Ficka/Content/Custom/Meshes/Fish/Fish_SkeletalMesh.uasset" 423
"../../../../../../shianneschrum/Desktop/ThesisFicka/Ficka/Content/Custom/Materials/OpacitySphere_MF.uasset" 424
"../../../../../../shianneschrum/Desktop/ThesisFicka/Ficka/Content/WaterMaterials/Textures/T_Noise_Curves.uasset" 425
"../../../../../../shianneschrum/Desktop/ThesisFicka/Ficka/Content/Custom/Materials/Water_M.uasset" 426
"../../../../../../shianneschrum/Desktop/ThesisFicka/Ficka/Content/Custom/Materials/Water_M_Inst.uasset" 427
"../../../../../../shianneschrum/Desktop/ThesisFicka/Ficka/Content/Custom/Meshes/HighPolyWaterPlane.uasset" 428
"../../../../../../shianneschrum/Desktop/ThesisFicka/Ficka/Content/Custom/Meshes/LandMesh.uasset" 429
"../../../../../../shianneschrum/Desktop/ThesisFicka/Ficka/Content/Custom/Meshes/Rod/Textures/RodUnwrapped_FishingPole_BaseColor.uasset" 430
"../../../../../../shianneschrum/Desktop/ThesisFicka/Ficka/Content/Custom/Meshes/Rod/Textures/RodUnwrapped_FishingPole_Normal.uasset" 431
"../../../../../../shianneschrum/Desktop/ThesisFicka/Ficka/Content/Custom/Meshes/Rod/Textures/RodUnwrapped_FishingPole_OcclusionRoughnessMetallic.uasset" 432
"../../../../../../shianneschrum/Desktop/ThesisFicka/Ficka/Content/Custom/Meshes/Rod/Textures/FishingRod_M.uasset" 433
"../../../../../../shianneschrum/Desktop/ThesisFicka/Ficka/Content/Custom/Meshes/Rod/Rod_Root.uasset" 434
"../../../../../../shianneschrum/Desktop/ThesisFicka/Ficka/Content/Custom/Meshes/Sun/Sun_low_Sun_BaseColor.uasset" 435
"../../../../../../shianneschrum/Desktop/ThesisFicka/Ficka/Content/Custom/Meshes/Sun/Sun_low_Sun_OcclusionRoughnessMetallic.uasset" 436
"../../../../../../shianneschrum/Desktop/ThesisFicka/Ficka/Content/Custom/Meshes/Sun/Sun_M.uasset" 437
"../../../../../../shianneschrum/Desktop/ThesisFicka/Ficka/Content/Custom/Meshes/Sun/Sun_Shine_Point7_PhysicsAsset.uasset" 438
"../../../../../../shianneschrum/Desktop/ThesisFicka/Ficka/Content/Custom/Meshes/Sun/Sun_Shine_Sun_PhysicsAsset.uasset" 439
"../../../../../../shianneschrum/Desktop/ThesisFicka/Ficka/Content/Custom/Meshes/Sun/Sun_Shine_Sun_Skeleton.uasset" 440
"../../../../../../shianneschrum/Desktop/ThesisFicka/Ficka/Content/Custom/Meshes/Sun/Sun_Shine.uasset" 441
"../../../../../../shianneschrum/Desktop/ThesisFicka/Ficka/Content/Custom/Meshes/SurfBoard/Surfboard_low.uasset" 442
"../../../../../../shianneschrum/Desktop/ThesisFicka/Ficka/Content/Custom/SubstanceTextures/Leaves/Tree_Trunk01_Tree_Normal.uasset" 443
"../../../../../../shianneschrum/Desktop/ThesisFicka/Ficka/Content/Custom/Meshes/Trees/Materials/M_Bark.uasset" 444
"../../../../../../shianneschrum/Desktop/ThesisFicka/Ficka/Content/Custom/Meshes/Trees/Materials/M_Coconut.uasset" 445
"../../../../../../shianneschrum/Desktop/ThesisFicka/Ficka/Content/Custom/SubstanceTextures/Leaves/PalmLeaf_MAT2.uasset" 446
"../../../../../../shianneschrum/Desktop/ThesisFicka/Ficka/Content/Custom/Meshes/Trees/Materials/M_Leaf_Green02.uasset" 447
"../../../../../../shianneschrum/Desktop/ThesisFicka/Ficka/Content/Custom/SubstanceTextures/Leaves/PalmLeaf_MAT3.uasset" 448
"../../../../../../shianneschrum/Desktop/ThesisFicka/Ficka/Content/Custom/Meshes/Trees/Materials/M_Leaf_Green03.uasset" 449
"../../../../../../shianneschrum/Desktop/ThesisFicka/Ficka/Content/Custom/SubstanceTextures/Leaves/PalmLeaf_MAT4.uasset" 450
"../../../../../../shianneschrum/Desktop/ThesisFicka/Ficka/Content/Custom/Meshes/Trees/Materials/M_Leaf_Green04.uasset" 451
"../../../../../../shianneschrum/Desktop/ThesisFicka/Ficka/Content/Custom/Meshes/Trees/Tree01/Tree01_Root.uasset" 452
"../../../../../../shianneschrum/Desktop/ThesisFicka/Ficka/Content/Custom/Meshes/Trees/Tree02/Tree02_Root.uasset" 453
"../../../../../../shianneschrum/Desktop/ThesisFicka/Ficka/Content/Custom/Meshes/Umbrella/Umbrella_Root.uasset" 454
"../../../../../../shianneschrum/Desktop/ThesisFicka/Ficka/Content/Custom/SFX/FickaAudioNew.uasset" 455
"../../../../../../shianneschrum/Desktop/ThesisFicka/Ficka/Content/Custom/SFX/Fika_Sound_01_Cue.uasset" 456
"../../../../../../shianneschrum/Desktop/ThesisFicka/Ficka/Content/Custom/SFX/Underwater.uasset" 457
"../../../../../../shianneschrum/Desktop/ThesisFicka/Ficka/Content/Custom/SFX/Underwater_Cue.uasset" 458
"../../../../../../shianneschrum/Desktop/ThesisFicka/Ficka/Content/Custom/Blueprints/Scenes/Testing_BP.uasset" 459
"../../../Engine/Content/BasicShapes/BasicShapeMaterial.uasset" 460
"../../../../../../shianneschrum/Desktop/ThesisFicka/Ficka/Content/HandheldARBP/Blueprints/Placeable/T_ContactShadow.uasset" 461
"../../../../../../shianneschrum/Desktop/ThesisFicka/Ficka/Content/HandheldARBP/Blueprints/Placeable/M_ContactShadow.uasset" 462
"../../../Engine/Content/BasicShapes/Cone.uasset" 463
"../../../Engine/Content/BasicShapes/Cylinder.uasset" 464
"../../../Engine/Content/BasicShapes/Plane.uasset" 465
"../../../Engine/Content/BasicShapes/Sphere.uasset" 466
"../../../../../../shianneschrum/Desktop/ThesisFicka/Ficka/Content/HandheldARBP/Blueprints/Placeable/BP_Placeable.uasset" 467
"../../../../../../shianneschrum/Desktop/ThesisFicka/Ficka/Content/HandheldARBP/Blueprints/UI/BP_DebugMenu.uasset" 468
"../../../../../../shianneschrum/Desktop/ThesisFicka/Ficka/Content/HandheldARBP/Blueprints/UI/BP_MainMenu.uasset" 469
"../../../../../../shianneschrum/Desktop/ThesisFicka/Ficka/Content/HandheldARBP/Blueprints/GameFramework/BP_ARPawn.uasset" 470
"../../../../../../shianneschrum/Desktop/ThesisFicka/Ficka/Content/HandheldARBP/Blueprints/GameFramework/BP_ARPlayerController.uasset" 471
"../../../../../../shianneschrum/Desktop/ThesisFicka/Ficka/Content/HandheldARBP/Blueprints/GameFramework/BP_ARGameMode.uasset" 472
"../../../Engine/Content/Maps/Templates/Thumbnails/Default.uasset" 473
"../../../Engine/Content/Maps/Templates/Thumbnails/TimeOfDay.uasset" 474
"../../../Engine/Content/Maps/Templates/Thumbnails/VR-Basic.uasset" 475
"../../../Engine/Content/MobileResources/T_MobileControls_texture.uasset" 476
"../../../Engine/Content/MobileResources/T_MobileMenu2.uasset" 477
"../../../Engine/Content/MobileResources/HUD/MobileHUDDirectionPad3.uasset" 478
"../../../Engine/Content/MobileResources/HUD/MobileHUDButton2_off.uasset" 479
"../../../Engine/Content/MobileResources/HUD/MobileHUDButton3.uasset" 480
"../../../Engine/Content/MobileResources/HUD/T_Castle_ThumbstickInner.uasset" 481
"../../../Engine/Content/MobileResources/HUD/MobileHUDDirectionStick.uasset" 482
"../../../Engine/Content/MobileResources/HUD/VirtualJoystick_Background.uasset" 483
"../../../Engine/Content/MobileResources/HUD/VirtualJoystick_Thumb.uasset" 484
"../../../Engine/Content/MobileResources/HUD/DefaultVirtualJoysticks.uasset" 485
"../../../Engine/Content/MobileResources/HUD/T_Castle_ThumbstickOutter.uasset" 486
"../../../Engine/Content/MobileResources/HUD/MobileHUDButton2_on.uasset" 487
"../../../Engine/Content/MobileResources/HUD/MobileHUDDirectionPad2.uasset" 488
"../../../Engine/Content/MobileResources/HUD/MobileHUDDirectionPad.uasset" 489
"../../../Engine/Content/MobileResources/HUD/AnalogHat.uasset" 490
"../../../Engine/Content/MobileResources/HUD/MobileHUDButton1_on.uasset" 491
"../../../Engine/Content/MobileResources/HUD/MobileHUDButtonFire.uasset" 492
"../../../Engine/Content/MobileResources/HUD/LeftVirtualJoystickOnly.uasset" 493
"../../../Engine/Content/MobileResources/HUD/MobileHUDButton1_off.uasset" 494
"../../../Engine/Content/Tutorial/ContentIntroCurve.uasset" 495
"../../../Engine/Content/Tutorial/Basics/TutorialAssets/icon_tab_Levels_40x.uasset" 496
"../../../Engine/Content/Tutorial/Basics/LevelEditorOverview.uasset" 497
"../../../Engine/Content/Tutorial/Basics/LevelEditorAttract.uasset" 498
"../../Plugins/Runtime/AR/Apple/AppleARKit/Content/M_CameraOverlay.uasset" 499
"../../Plugins/Runtime/AR/Apple/AppleARKit/Content/M_OcclusionOverlay.uasset" 500
"../../Plugins/Runtime/AR/Apple/AppleARKit/Content/MI_DepthOcclusionOverlay.uasset" 501
"../../Plugins/Runtime/AR/Apple/AppleARKit/Content/MI_MatteOcclusionOverlay.uasset" 502
"../../../Engine/Content/ArtTools/RenderToTexture/Textures/127grey.uasset" 503
"../../Plugins/Runtime/AR/Google/GoogleARCore/Content/GoogleARCorePassthroughCameraMaterial.uasset" 504
"../../Plugins/2D/Paper2D/Content/DefaultSpriteMaterial.uasset" 505
"../../Plugins/2D/Paper2D/Content/OpaqueUnlitSpriteMaterial.uasset" 506
"../../Plugins/2D/Paper2D/Content/PlaceholderTextures/DummySpriteTexture.uasset" 507
"../../Plugins/2D/Paper2D/Content/DummySprite.uasset" 508
"../../Plugins/2D/Paper2D/Content/DefaultPaperTerrainMaterial.uasset" 509
"../../Plugins/2D/Paper2D/Content/MaskedUnlitSpriteMaterial.uasset" 510
"../../../../../../shianneschrum/Desktop/ThesisFicka/Ficka/Content/HandheldARBP/Maps/HandheldARBlankMap.umap" 511
"../../../Engine/Content/Maps/Entry_BuiltData.uasset" 512
"../../../Engine/Content/Maps/Entry.umap" 513
