"../../../../../../shianneschrum/Desktop/ThesisFicka/Ficka/Content/WaterMaterials/Maps/Camera_Sequence.uasset" 0
"../../../Engine/Content/Functions/Engine_MaterialFunctions01/Texturing/ComputeMipLevel.uasset" 1
"../../../Engine/Content/EngineMaterials/DefaultDiffuse.uasset" 2
"../../../Engine/Content/Functions/Engine_MaterialFunctions01/Texturing/TextureCropping.uasset" 3
"../../../Engine/Content/Functions/Engine_MaterialFunctions02/ExampleContent/Gradient.uasset" 4
"../../../Engine/Content/Functions/Engine_MaterialFunctions02/ExampleContent/Greyscale.uasset" 5
"../../../Engine/Content/Functions/Engine_MaterialFunctions02/Gradients/GradientMap_Multi.uasset" 6
"../../../Engine/Content/Functions/Engine_MaterialFunctions02/Math/TimeWithSpeedVariable.uasset" 7
"../../../Engine/Content/Functions/Engine_MaterialFunctions02/PassThrough.uasset" 8
"../../../Engine/Content/Functions/Engine_MaterialFunctions02/SafeNormalize.uasset" 9
"../../../Engine/Content/Functions/Engine_MaterialFunctions02/Utility/BreakOutFloat3Components.uasset" 10
"../../../Engine/Content/Functions/Engine_MaterialFunctions02/ExampleContent/DebugNumberStrip.uasset" 11
"../../../Engine/Content/Functions/Engine_MaterialFunctions02/ExampleContent/Textures/DebugNumberPeriod.uasset" 12
"../../../Engine/Content/Functions/Engine_MaterialFunctions02/Utility/DebugScalarValues.uasset" 13
"../../../Engine/Content/Functions/Engine_MaterialFunctions02/Utility/DebugFloat3Values.uasset" 14
"../../../Engine/Content/Functions/Engine_MaterialFunctions02/Utility/BreakOutFloat4Components.uasset" 15
"../../../Engine/Content/Functions/Engine_MaterialFunctions02/Utility/DebugFloat4Values.uasset" 16
"../../../Engine/Content/Functions/Engine_MaterialFunctions02/Utility/MakeFloat3.uasset" 17
"../../../Engine/Content/Functions/Engine_MaterialFunctions02/Normals/UnpackNormalFromFloat.uasset" 18
"../../../Engine/Content/Functions/Engine_MaterialFunctions02/Utility/BreakOutFloat2Components.uasset" 19
"../../../Engine/Content/Functions/Engine_MaterialFunctions02/ExampleContent/TextureBasedWPO/DemoBox.uasset" 20
"../../../Engine/Content/Functions/Engine_MaterialFunctions02/ExampleContent/TextureBasedWPO/DemoBox_Normals.uasset" 21
"../../../Engine/Content/Functions/Engine_MaterialFunctions02/MAXScripts/MS_VertexAnimationTools_MorphTargets.uasset" 22
"../../../../../../shianneschrum/Desktop/ThesisFicka/Ficka/Content/WaterMaterials/Materials/MPC_Globals.uasset" 23
"../../../../../../shianneschrum/Desktop/ThesisFicka/Ficka/Content/WaterMaterials/Textures/T_SpecularHighlights.uasset" 24
"../../../../../../shianneschrum/Desktop/ThesisFicka/Ficka/Content/WaterMaterials/Materials/MF_FakeSpecular.uasset" 25
"../../../../../../shianneschrum/Desktop/ThesisFicka/Ficka/Content/WaterMaterials/Materials/MF_FixedDepth.uasset" 26
"../../../../../../shianneschrum/Desktop/ThesisFicka/Ficka/Content/WaterMaterials/Materials/MF_OceanWavesWPO.uasset" 27
"../../../../../../shianneschrum/Desktop/ThesisFicka/Ficka/Content/WaterMaterials/Materials/MF_OceanDepth_UVs_Radial.uasset" 28
"../../../../../../shianneschrum/Desktop/ThesisFicka/Ficka/Content/WaterMaterials/Materials/MF_Foam_Motion_Radial.uasset" 29
"../../../../../../shianneschrum/Desktop/ThesisFicka/Ficka/Content/WaterMaterials/Materials/MF_OceanDepth_UVs.uasset" 30
"../../../../../../shianneschrum/Desktop/ThesisFicka/Ficka/Content/WaterMaterials/Materials/MF_OceanWave_Motion_Radial.uasset" 31
"../../../../../../shianneschrum/Desktop/ThesisFicka/Ficka/Content/WaterMaterials/Textures/T_Cubemap.uasset" 32
"../../../../../../shianneschrum/Desktop/ThesisFicka/Ficka/Content/WaterMaterials/Textures/T_Noise_Stormy.uasset" 33
"../../../../../../shianneschrum/Desktop/ThesisFicka/Ficka/Content/WaterMaterials/Textures/T_Noises.uasset" 34
"../../../../../../shianneschrum/Desktop/ThesisFicka/Ficka/Content/WaterMaterials/Textures/T_Ocean_EdgeFoam.uasset" 35
"../../../../../../shianneschrum/Desktop/ThesisFicka/Ficka/Content/WaterMaterials/Textures/T_Ocean_Foam.uasset" 36
"../../../../../../shianneschrum/Desktop/ThesisFicka/Ficka/Content/WaterMaterials/Textures/T_Ocean_Waves01.uasset" 37
"../../../../../../shianneschrum/Desktop/ThesisFicka/Ficka/Content/WaterMaterials/Textures/T_Ocean_Waves01_Normals.uasset" 38
"../../../../../../shianneschrum/Desktop/ThesisFicka/Ficka/Content/WaterMaterials/Textures/T_Ocean_Waves02.uasset" 39
"../../../../../../shianneschrum/Desktop/ThesisFicka/Ficka/Content/WaterMaterials/Textures/T_Ocean_Waves02_Normals.uasset" 40
"../../../../../../shianneschrum/Desktop/ThesisFicka/Ficka/Content/WaterMaterials/Textures/T_Water_Normal.uasset" 41
"../../../../../../shianneschrum/Desktop/ThesisFicka/Ficka/Content/WaterMaterials/Textures/T_Water_Normal_Large.uasset" 42
"../../../../../../shianneschrum/Desktop/ThesisFicka/Ficka/Content/WaterMaterials/Materials/M_Ocean_Radial1.uasset" 43
"../../../../../../shianneschrum/Desktop/ThesisFicka/Ficka/Content/WaterMaterials/Materials/M_Ocean_Radial_Cheaper1.uasset" 44
"../../../../../../shianneschrum/Desktop/ThesisFicka/Ficka/Content/WaterMaterials/Materials/M_Ocean_Radial_Cheaper1_Inst.uasset" 45
"../../../../../../shianneschrum/Desktop/ThesisFicka/Ficka/Content/HandheldARBP/Materials/M_BackgroundFade.uasset" 46
"../../../../../../shianneschrum/Desktop/ThesisFicka/Ficka/Content/Custom/Images/SunAndWave.uasset" 47
"../../../../../../shianneschrum/Desktop/ThesisFicka/Ficka/Content/Custom/Images/SunDataAsset.uasset" 48
"../../../../../../shianneschrum/Desktop/ThesisFicka/Ficka/Content/HandheldARBP/D_ARSessionConfig.uasset" 49
"../../../Engine/Content/EditorBlueprintResources/StandardMacros.uasset" 50
"../../../../../../shianneschrum/Desktop/ThesisFicka/Ficka/Content/Custom/Meshes/Dolphin/Dolphin_Root_Skeleton.uasset" 51
"../../../Engine/Content/Functions/Engine_MaterialFunctions01/Density/ExponentialDensity.uasset" 52
"../../../Engine/Content/Functions/Engine_MaterialFunctions01/Gradient/RadialGradientExponential.uasset" 53
"../../../../../../shianneschrum/Desktop/ThesisFicka/Ficka/Content/Custom/Texture/PolyTex_RGB.uasset" 54
"../../../../../../shianneschrum/Desktop/ThesisFicka/Ficka/Content/Custom/Particle/Splash_M.uasset" 55
"../../../../../../shianneschrum/Desktop/ThesisFicka/Ficka/Content/Custom/Particle/Splash_FX.uasset" 56
"../../../../../../shianneschrum/Desktop/ThesisFicka/Ficka/Content/Custom/Meshes/Dolphin/Dolphin_Jump01_Anim.uasset" 57
"../../../../../../shianneschrum/Desktop/ThesisFicka/Ficka/Content/Custom/Meshes/Dolphin/Dolphin_Jump02_Anim.uasset" 58
"../../../../../../shianneschrum/Desktop/ThesisFicka/Ficka/Content/Custom/Meshes/Dolphin/Dolphin_Jump03_Anim.uasset" 59
"../../../../../../shianneschrum/Desktop/ThesisFicka/Ficka/Content/Custom/Meshes/Dolphin/Dolphin_Spin_Anim.uasset" 60
"../../../../../../shianneschrum/Desktop/ThesisFicka/Ficka/Content/Custom/SFX/Dolphins_Clicks.uasset" 61
"../../../../../../shianneschrum/Desktop/ThesisFicka/Ficka/Content/Custom/SFX/Dolphins_Clicks_Cue.uasset" 62
"../../../../../../shianneschrum/Desktop/ThesisFicka/Ficka/Content/Custom/Meshes/Dolphin/Dolphin_Swim_Anim.uasset" 63
"../../../../../../shianneschrum/Desktop/ThesisFicka/Ficka/Content/Custom/Meshes/Dolphin/Dolphin_Root_Skeleton_AnimBlueprint.uasset" 64
"../../../../../../shianneschrum/Desktop/ThesisFicka/Ficka/Content/Custom/Meshes/Boat/Oar_Row_Skeleton.uasset" 65
"../../../../../../shianneschrum/Desktop/ThesisFicka/Ficka/Content/Custom/Meshes/Boat/Oar_Row_Anim.uasset" 66
"../../../../../../shianneschrum/Desktop/ThesisFicka/Ficka/Content/Custom/Meshes/Chair/Chair_Skeleton.uasset" 67
"../../../../../../shianneschrum/Desktop/ThesisFicka/Ficka/Content/Custom/Meshes/Chair/Chair_Anim.uasset" 68
"../../../../../../shianneschrum/Desktop/ThesisFicka/Ficka/Content/Custom/Meshes/Fish/Fish_Skeleton.uasset" 69
"../../../../../../shianneschrum/Desktop/ThesisFicka/Ficka/Content/Custom/Meshes/Fish/Fish_Swim_Anim.uasset" 70
"../../../../../../shianneschrum/Desktop/ThesisFicka/Ficka/Content/Custom/Meshes/Rod/Rod_Skeleton.uasset" 71
"../../../../../../shianneschrum/Desktop/ThesisFicka/Ficka/Content/Custom/Meshes/Rod/Rod_Casting_Anim.uasset" 72
"../../../../../../shianneschrum/Desktop/ThesisFicka/Ficka/Content/Custom/Meshes/Sun/Sun_Shine_Point7_Skeleton.uasset" 73
"../../../../../../shianneschrum/Desktop/ThesisFicka/Ficka/Content/Custom/Meshes/Sun/Sun_Shine_Point7_Anim.uasset" 74
"../../../../../../shianneschrum/Desktop/ThesisFicka/Ficka/Content/Custom/Meshes/Trees/Tree01/Tree01_Skeleton.uasset" 75
"../../../../../../shianneschrum/Desktop/ThesisFicka/Ficka/Content/Custom/Meshes/Trees/Tree01/Tree01_Enter_Anim.uasset" 76
"../../../../../../shianneschrum/Desktop/ThesisFicka/Ficka/Content/Custom/Meshes/Trees/Tree02/Tree02_Skeleton.uasset" 77
"../../../../../../shianneschrum/Desktop/ThesisFicka/Ficka/Content/Custom/Meshes/Trees/Tree02/Tree02_Enter_Anim.uasset" 78
"../../../../../../shianneschrum/Desktop/ThesisFicka/Ficka/Content/Custom/Meshes/Umbrella/Umbrella_Skeleton.uasset" 79
"../../../../../../shianneschrum/Desktop/ThesisFicka/Ficka/Content/Custom/Meshes/Umbrella/Umbrella_Anim.uasset" 80
"../../../../../../shianneschrum/Desktop/ThesisFicka/Ficka/Content/Custom/Blueprints/Scenes/ParentScene_BP.uasset" 81
"../../../../../../shianneschrum/Desktop/ThesisFicka/Ficka/Content/Custom/Meshes/Chair/Cloth_OrangeBURNT.uasset" 82
"../../../../../../shianneschrum/Desktop/ThesisFicka/Ficka/Content/Custom/Meshes/Chair/Chair_Stripes.uasset" 83
"../../../../../../shianneschrum/Desktop/ThesisFicka/Ficka/Content/Custom/Meshes/Chair/Cloth_Stripes.uasset" 84
"../../../../../../shianneschrum/Desktop/ThesisFicka/Ficka/Content/Custom/Meshes/Chair/Wood.uasset" 85
"../../../../../../shianneschrum/Desktop/ThesisFicka/Ficka/Content/Custom/Meshes/Fish/Textures/Fish_Blue_Color.uasset" 86
"../../../../../../shianneschrum/Desktop/ThesisFicka/Ficka/Content/Custom/Meshes/Fish/Textures/Fish_Blue_Normal.uasset" 87
"../../../../../../shianneschrum/Desktop/ThesisFicka/Ficka/Content/Custom/Meshes/Fish/Textures/Fish_Blue_ORM.uasset" 88
"../../../../../../shianneschrum/Desktop/ThesisFicka/Ficka/Content/Custom/Meshes/Fish/M_Fish_Blue.uasset" 89
"../../../../../../shianneschrum/Desktop/ThesisFicka/Ficka/Content/Custom/Meshes/Fish/Textures/Fish_Green_Color.uasset" 90
"../../../../../../shianneschrum/Desktop/ThesisFicka/Ficka/Content/Custom/Meshes/Fish/Textures/Fish_Green_Normal.uasset" 91
"../../../../../../shianneschrum/Desktop/ThesisFicka/Ficka/Content/Custom/Meshes/Fish/Textures/Fish_Green_ORM.uasset" 92
"../../../../../../shianneschrum/Desktop/ThesisFicka/Ficka/Content/Custom/Meshes/Fish/M_Fish_Green.uasset" 93
"../../../../../../shianneschrum/Desktop/ThesisFicka/Ficka/Content/Custom/Meshes/Fish/Textures/Fish_Yellow_Color.uasset" 94
"../../../../../../shianneschrum/Desktop/ThesisFicka/Ficka/Content/Custom/Meshes/Fish/Textures/Fish_Yellow_Normal.uasset" 95
"../../../../../../shianneschrum/Desktop/ThesisFicka/Ficka/Content/Custom/Meshes/Fish/Textures/Fish_Yellow_ORM.uasset" 96
"../../../../../../shianneschrum/Desktop/ThesisFicka/Ficka/Content/Custom/Meshes/Fish/M_Fish_Yellow.uasset" 97
"../../../Engine/Content/Functions/Engine_MaterialFunctions01/Gradient/LinearGradient.uasset" 98
"../../../Engine/Content/Functions/Engine_MaterialFunctions01/WorldPositionOffset/SimpleGrassWind.uasset" 99
"../../../../../../shianneschrum/Desktop/ThesisFicka/Ficka/Content/Custom/SubstanceTextures/Leaves/PalmLeaf_Opacity.uasset" 100
"../../../../../../shianneschrum/Desktop/ThesisFicka/Ficka/Content/Custom/SubstanceTextures/Leaves/Tree_Leaf_Leaf_001_BaseColor.uasset" 101
"../../../../../../shianneschrum/Desktop/ThesisFicka/Ficka/Content/Custom/SubstanceTextures/Leaves/Tree_Leaf_Leaf_001_Normal.uasset" 102
"../../../../../../shianneschrum/Desktop/ThesisFicka/Ficka/Content/Custom/SubstanceTextures/Leaves/Tree_Leaf_Leaf_001_OcclusionRoughnessMetallic.uasset" 103
"../../../../../../shianneschrum/Desktop/ThesisFicka/Ficka/Content/Custom/SubstanceTextures/Leaves/PalmLeaf_MAT.uasset" 104
"../../../Engine/Content/Functions/Engine_MaterialFunctions02/ObjectLocalBounds.uasset" 105
"../../../Engine/Content/Functions/Engine_MaterialFunctions02/Texturing/CustomRotator.uasset" 106
"../../../Engine/Content/Functions/Engine_MaterialFunctions02/UVs/BoundingBoxBased_0-1_UVW.uasset" 107
"../../../../../../shianneschrum/Desktop/ThesisFicka/Ficka/Content/Custom/Materials/RGBColorPicker_MF.uasset" 108
"../../../../../../shianneschrum/Desktop/ThesisFicka/Ficka/Content/Custom/SubstanceTextures/Sand/LandMesh_DefaultMaterial_BaseColor.uasset" 109
"../../../../../../shianneschrum/Desktop/ThesisFicka/Ficka/Content/Custom/SubstanceTextures/Sand/LandMesh_DefaultMaterial_Normal.uasset" 110
"../../../../../../shianneschrum/Desktop/ThesisFicka/Ficka/Content/Custom/SubstanceTextures/Sand/LandMesh_DefaultMaterial_OcclusionRoughnessMetallic.uasset" 111
"../../../../../../shianneschrum/Desktop/ThesisFicka/Ficka/Content/WaterMaterials/Textures/T_Caustics.uasset" 112
"../../../../../../shianneschrum/Desktop/ThesisFicka/Ficka/Content/Custom/Materials/Sand_M.uasset" 113
"../../../../../../shianneschrum/Desktop/ThesisFicka/Ficka/Content/Custom/Materials/Sand_M_Inst.uasset" 114
"../../../../../../shianneschrum/Desktop/ThesisFicka/Ficka/Content/Custom/Meshes/SurfBoard/Textures/Surfboard_low_Surfboard_BaseColor.uasset" 115
"../../../../../../shianneschrum/Desktop/ThesisFicka/Ficka/Content/Custom/Meshes/SurfBoard/Textures/Surfboard_low_Surfboard_Normal.uasset" 116
"../../../../../../shianneschrum/Desktop/ThesisFicka/Ficka/Content/Custom/Meshes/SurfBoard/Textures/Surfboard_low_Surfboard_OcclusionRoughnessMetallic.uasset" 117
"../../../../../../shianneschrum/Desktop/ThesisFicka/Ficka/Content/Custom/Meshes/SurfBoard/Materials/SurfBoard_M.uasset" 118
"../../../../../../shianneschrum/Desktop/ThesisFicka/Ficka/Content/Custom/Meshes/SurfBoard/Textures/Surfboard_low_Surfboard_BaseColor__1_.uasset" 119
"../../../../../../shianneschrum/Desktop/ThesisFicka/Ficka/Content/Custom/Meshes/SurfBoard/Materials/SurfBoard_02_MI.uasset" 120
"../../../../../../shianneschrum/Desktop/ThesisFicka/Ficka/Content/Custom/Meshes/SurfBoard/Textures/Surfboard_low_Surfboard_BaseColor__2_.uasset" 121
"../../../../../../shianneschrum/Desktop/ThesisFicka/Ficka/Content/Custom/Meshes/SurfBoard/Materials/SurfBoard_03_MI.uasset" 122
"../../../../../../shianneschrum/Desktop/ThesisFicka/Ficka/Content/Custom/Meshes/Trees/Materials/M_Leaf_Green01.uasset" 123
"../../../../../../shianneschrum/Desktop/ThesisFicka/Ficka/Content/Custom/Meshes/Trees/Materials/M_Leaf_Green02_Inst.uasset" 124
"../../../../../../shianneschrum/Desktop/ThesisFicka/Ficka/Content/Custom/Meshes/BeachHouse/Texture/HouseUnwrappedTest1_Front_BaseColor.uasset" 125
"../../../../../../shianneschrum/Desktop/ThesisFicka/Ficka/Content/Custom/Meshes/BeachHouse/Texture/HouseUnwrappedTest1_Front_Normal.uasset" 126
"../../../../../../shianneschrum/Desktop/ThesisFicka/Ficka/Content/Custom/Meshes/BeachHouse/Texture/HouseUnwrappedTest1_Front_OcclusionRoughnessMetallic.uasset" 127
"../../../../../../shianneschrum/Desktop/ThesisFicka/Ficka/Content/Custom/Meshes/BeachHouse/Materials/HouseFront_M.uasset" 128
"../../../../../../shianneschrum/Desktop/ThesisFicka/Ficka/Content/Custom/Meshes/BeachHouse/Texture/HouseUnwrappedTest1_Hay_BaseColor.uasset" 129
"../../../../../../shianneschrum/Desktop/ThesisFicka/Ficka/Content/Custom/Meshes/BeachHouse/Texture/HouseUnwrappedTest1_Hay_Normal.uasset" 130
"../../../../../../shianneschrum/Desktop/ThesisFicka/Ficka/Content/Custom/Meshes/BeachHouse/Texture/HouseUnwrappedTest1_Hay_OcclusionRoughnessMetallic.uasset" 131
"../../../../../../shianneschrum/Desktop/ThesisFicka/Ficka/Content/Custom/Meshes/BeachHouse/Materials/HouseHay_M.uasset" 132
"../../../../../../shianneschrum/Desktop/ThesisFicka/Ficka/Content/Custom/Meshes/BeachHouse/Texture/HouseUnwrappedTest1_lambert8_BaseColor.uasset" 133
"../../../../../../shianneschrum/Desktop/ThesisFicka/Ficka/Content/Custom/Meshes/BeachHouse/Texture/HouseUnwrappedTest1_lambert8_Normal.uasset" 134
"../../../../../../shianneschrum/Desktop/ThesisFicka/Ficka/Content/Custom/Meshes/BeachHouse/Texture/HouseUnwrappedTest1_lambert8_OcclusionRoughnessMetallic.uasset" 135
"../../../../../../shianneschrum/Desktop/ThesisFicka/Ficka/Content/Custom/Meshes/BeachHouse/Materials/HouseLambert_M.uasset" 136
"../../../../../../shianneschrum/Desktop/ThesisFicka/Ficka/Content/Custom/Meshes/BeachHouse/Texture/HouseUnwrappedTest1_PadioWoos_BaseColor.uasset" 137
"../../../../../../shianneschrum/Desktop/ThesisFicka/Ficka/Content/Custom/Meshes/BeachHouse/Texture/HouseUnwrappedTest1_PadioWoos_Normal.uasset" 138
"../../../../../../shianneschrum/Desktop/ThesisFicka/Ficka/Content/Custom/Meshes/BeachHouse/Texture/HouseUnwrappedTest1_PadioWoos_OcclusionRoughnessMetallic.uasset" 139
"../../../../../../shianneschrum/Desktop/ThesisFicka/Ficka/Content/Custom/Meshes/BeachHouse/Materials/HousePatio_M.uasset" 140
"../../../../../../shianneschrum/Desktop/ThesisFicka/Ficka/Content/Custom/Meshes/BeachHouse/Texture/HouseUnwrappedTest1_Roof_Hay_BaseColor.uasset" 141
"../../../../../../shianneschrum/Desktop/ThesisFicka/Ficka/Content/Custom/Meshes/BeachHouse/Texture/HouseUnwrappedTest1_Roof_Hay_Normal.uasset" 142
"../../../../../../shianneschrum/Desktop/ThesisFicka/Ficka/Content/Custom/Meshes/BeachHouse/Texture/HouseUnwrappedTest1_Roof_Hay_OcclusionRoughnessMetallic.uasset" 143
"../../../../../../shianneschrum/Desktop/ThesisFicka/Ficka/Content/Custom/Meshes/BeachHouse/Materials/HouseRoof_M.uasset" 144
"../../../../../../shianneschrum/Desktop/ThesisFicka/Ficka/Content/Custom/Meshes/BeachHouse/Texture/HouseUnwrappedTest1_Stone_BaseColor.uasset" 145
"../../../../../../shianneschrum/Desktop/ThesisFicka/Ficka/Content/Custom/Meshes/BeachHouse/Texture/HouseUnwrappedTest1_Stone_Normal.uasset" 146
"../../../../../../shianneschrum/Desktop/ThesisFicka/Ficka/Content/Custom/Meshes/BeachHouse/Texture/HouseUnwrappedTest1_Stone_OcclusionRoughnessMetallic.uasset" 147
"../../../../../../shianneschrum/Desktop/ThesisFicka/Ficka/Content/Custom/Meshes/BeachHouse/Materials/HouseStone_M.uasset" 148
"../../../../../../shianneschrum/Desktop/ThesisFicka/Ficka/Content/Custom/Meshes/BeachHouse/Texture/HouseUnwrappedTest1_BackWood_BaseColor.uasset" 149
"../../../../../../shianneschrum/Desktop/ThesisFicka/Ficka/Content/Custom/Meshes/BeachHouse/Texture/HouseUnwrappedTest1_BackWood_Normal.uasset" 150
"../../../../../../shianneschrum/Desktop/ThesisFicka/Ficka/Content/Custom/Meshes/BeachHouse/Texture/HouseUnwrappedTest1_BackWood_OcclusionRoughnessMetallic.uasset" 151
"../../../../../../shianneschrum/Desktop/ThesisFicka/Ficka/Content/Custom/Meshes/BeachHouse/Materials/HouseWood_M.uasset" 152
"../../../../../../shianneschrum/Desktop/ThesisFicka/Ficka/Content/Custom/Meshes/BeachHouse/BeachHouse_SM.uasset" 153
"../../../../../../shianneschrum/Desktop/ThesisFicka/Ficka/Content/Custom/Materials/Waves_MF.uasset" 154
"../../../../../../shianneschrum/Desktop/ThesisFicka/Ficka/Content/Custom/Meshes/Boat/Boat_low_Boat_BaseColor.uasset" 155
"../../../../../../shianneschrum/Desktop/ThesisFicka/Ficka/Content/Custom/Meshes/Boat/Boat_low_Boat_Normal.uasset" 156
"../../../../../../shianneschrum/Desktop/ThesisFicka/Ficka/Content/Custom/Meshes/Boat/Boat_low_Boat_OcclusionRoughnessMetallic.uasset" 157
"../../../../../../shianneschrum/Desktop/ThesisFicka/Ficka/Content/Custom/Meshes/Boat/Boat_Oar.uasset" 158
"../../../../../../shianneschrum/Desktop/ThesisFicka/Ficka/Content/Custom/Meshes/Boat/Boat_low_Boat.uasset" 159
"../../../../../../shianneschrum/Desktop/ThesisFicka/Ficka/Content/Custom/Meshes/Boat/Oar_Row_PhysicsAsset.uasset" 160
"../../../../../../shianneschrum/Desktop/ThesisFicka/Ficka/Content/Custom/Meshes/Boat/Oar_Row.uasset" 161
"../../../../../../shianneschrum/Desktop/ThesisFicka/Ficka/Content/Custom/Meshes/Chair/Cloth_Red.uasset" 162
"../../../../../../shianneschrum/Desktop/ThesisFicka/Ficka/Content/Custom/Meshes/Chair/Metal.uasset" 163
"../../../../../../shianneschrum/Desktop/ThesisFicka/Ficka/Content/Custom/Meshes/Chair/Chair_PhysicsAsset.uasset" 164
"../../../../../../shianneschrum/Desktop/ThesisFicka/Ficka/Content/Custom/Meshes/Chair/Chair.uasset" 165
"../../../../../../shianneschrum/Desktop/ThesisFicka/Ficka/Content/Custom/Meshes/Dolphin/Dolphin_low_Dolphin_BaseColor.uasset" 166
"../../../../../../shianneschrum/Desktop/ThesisFicka/Ficka/Content/Custom/Meshes/Dolphin/Dolphin_low_Dolphin_Normal.uasset" 167
"../../../../../../shianneschrum/Desktop/ThesisFicka/Ficka/Content/Custom/Meshes/Dolphin/Dolphin_low_Dolphin_OcclusionRoughnessMetallic.uasset" 168
"../../../../../../shianneschrum/Desktop/ThesisFicka/Ficka/Content/Custom/Meshes/Dolphin/Dolphin_Body.uasset" 169
"../../../../../../shianneschrum/Desktop/ThesisFicka/Ficka/Content/Custom/Meshes/Dolphin/Dolphin_Color02.uasset" 170
"../../../../../../shianneschrum/Desktop/ThesisFicka/Ficka/Content/Custom/Meshes/Dolphin/Dolphin_Body1.uasset" 171
"../../../../../../shianneschrum/Desktop/ThesisFicka/Ficka/Content/Custom/Meshes/Dolphin/Dolphin_Root_PhysicsAsset.uasset" 172
"../../../../../../shianneschrum/Desktop/ThesisFicka/Ficka/Content/Custom/Meshes/Dolphin/Dolphin_Root.uasset" 173
"../../../../../../shianneschrum/Desktop/ThesisFicka/Ficka/Content/Custom/Meshes/Fish/Fish_PhysicsAsset.uasset" 174
"../../../../../../shianneschrum/Desktop/ThesisFicka/Ficka/Content/Custom/Meshes/Fish/Fish_SkeletalMesh.uasset" 175
"../../../../../../shianneschrum/Desktop/ThesisFicka/Ficka/Content/Custom/Materials/OpacitySphere_MF.uasset" 176
"../../../../../../shianneschrum/Desktop/ThesisFicka/Ficka/Content/WaterMaterials/Textures/T_Noise_Curves.uasset" 177
"../../../../../../shianneschrum/Desktop/ThesisFicka/Ficka/Content/Custom/Materials/Water_M.uasset" 178
"../../../../../../shianneschrum/Desktop/ThesisFicka/Ficka/Content/Custom/Materials/Water_M_Inst.uasset" 179
"../../../../../../shianneschrum/Desktop/ThesisFicka/Ficka/Content/Custom/Meshes/HighPolyWaterPlane.uasset" 180
"../../../Engine/Content/Functions/Engine_MaterialFunctions01/Opacity/CameraDepthFade.uasset" 181
"../../../Engine/Content/EngineMaterials/T_Default_Material_Grid_M.uasset" 182
"../../../Engine/Content/EngineMaterials/T_Default_Material_Grid_N.uasset" 183
"../../../Engine/Content/EngineMaterials/WorldGridMaterial.uasset" 184
"../../../../../../shianneschrum/Desktop/ThesisFicka/Ficka/Content/Custom/Meshes/LandMesh.uasset" 185
"../../../../../../shianneschrum/Desktop/ThesisFicka/Ficka/Content/Custom/Meshes/Rod/Textures/RodUnwrapped_FishingPole_BaseColor.uasset" 186
"../../../../../../shianneschrum/Desktop/ThesisFicka/Ficka/Content/Custom/Meshes/Rod/Textures/RodUnwrapped_FishingPole_Normal.uasset" 187
"../../../../../../shianneschrum/Desktop/ThesisFicka/Ficka/Content/Custom/Meshes/Rod/Textures/RodUnwrapped_FishingPole_OcclusionRoughnessMetallic.uasset" 188
"../../../../../../shianneschrum/Desktop/ThesisFicka/Ficka/Content/Custom/Meshes/Rod/Textures/FishingRod_M.uasset" 189
"../../../../../../shianneschrum/Desktop/ThesisFicka/Ficka/Content/Custom/Meshes/Rod/Rod_Root.uasset" 190
"../../../../../../shianneschrum/Desktop/ThesisFicka/Ficka/Content/Custom/Meshes/Sun/Sun_low_Sun_BaseColor.uasset" 191
"../../../../../../shianneschrum/Desktop/ThesisFicka/Ficka/Content/Custom/Meshes/Sun/Sun_low_Sun_OcclusionRoughnessMetallic.uasset" 192
"../../../../../../shianneschrum/Desktop/ThesisFicka/Ficka/Content/Custom/Meshes/Sun/Sun_M.uasset" 193
"../../../../../../shianneschrum/Desktop/ThesisFicka/Ficka/Content/Custom/Meshes/Sun/Sun_Shine_Point7_PhysicsAsset.uasset" 194
"../../../../../../shianneschrum/Desktop/ThesisFicka/Ficka/Content/Custom/Meshes/Sun/Sun_Shine_Sun_PhysicsAsset.uasset" 195
"../../../../../../shianneschrum/Desktop/ThesisFicka/Ficka/Content/Custom/Meshes/Sun/Sun_Shine_Sun_Skeleton.uasset" 196
"../../../../../../shianneschrum/Desktop/ThesisFicka/Ficka/Content/Custom/Meshes/Sun/Sun_Shine.uasset" 197
"../../../../../../shianneschrum/Desktop/ThesisFicka/Ficka/Content/Custom/Meshes/SurfBoard/Surfboard_low.uasset" 198
"../../../../../../shianneschrum/Desktop/ThesisFicka/Ficka/Content/Custom/SubstanceTextures/Leaves/Tree_Trunk01_Tree_Normal.uasset" 199
"../../../../../../shianneschrum/Desktop/ThesisFicka/Ficka/Content/Custom/Meshes/Trees/Materials/M_Bark.uasset" 200
"../../../../../../shianneschrum/Desktop/ThesisFicka/Ficka/Content/Custom/Meshes/Trees/Materials/M_Coconut.uasset" 201
"../../../../../../shianneschrum/Desktop/ThesisFicka/Ficka/Content/Custom/SubstanceTextures/Leaves/PalmLeaf_MAT2.uasset" 202
"../../../../../../shianneschrum/Desktop/ThesisFicka/Ficka/Content/Custom/Meshes/Trees/Materials/M_Leaf_Green02.uasset" 203
"../../../../../../shianneschrum/Desktop/ThesisFicka/Ficka/Content/Custom/SubstanceTextures/Leaves/PalmLeaf_MAT3.uasset" 204
"../../../../../../shianneschrum/Desktop/ThesisFicka/Ficka/Content/Custom/Meshes/Trees/Materials/M_Leaf_Green03.uasset" 205
"../../../../../../shianneschrum/Desktop/ThesisFicka/Ficka/Content/Custom/SubstanceTextures/Leaves/PalmLeaf_MAT4.uasset" 206
"../../../../../../shianneschrum/Desktop/ThesisFicka/Ficka/Content/Custom/Meshes/Trees/Materials/M_Leaf_Green04.uasset" 207
"../../../../../../shianneschrum/Desktop/ThesisFicka/Ficka/Content/Custom/Meshes/Trees/Tree01/Tree01_Root.uasset" 208
"../../../../../../shianneschrum/Desktop/ThesisFicka/Ficka/Content/Custom/Meshes/Trees/Tree02/Tree02_Root.uasset" 209
"../../../../../../shianneschrum/Desktop/ThesisFicka/Ficka/Content/Custom/Meshes/Umbrella/Umbrella_Root.uasset" 210
"../../../../../../shianneschrum/Desktop/ThesisFicka/Ficka/Content/Custom/SFX/FickaAudioNew.uasset" 211
"../../../../../../shianneschrum/Desktop/ThesisFicka/Ficka/Content/Custom/SFX/Fika_Sound_01_Cue.uasset" 212
"../../../../../../shianneschrum/Desktop/ThesisFicka/Ficka/Content/Custom/SFX/Underwater.uasset" 213
"../../../../../../shianneschrum/Desktop/ThesisFicka/Ficka/Content/Custom/SFX/Underwater_Cue.uasset" 214
"../../../../../../shianneschrum/Desktop/ThesisFicka/Ficka/Content/Custom/Blueprints/Scenes/Testing_BP.uasset" 215
"../../../Engine/Content/BasicShapes/BasicShapeMaterial.uasset" 216
"../../../../../../shianneschrum/Desktop/ThesisFicka/Ficka/Content/HandheldARBP/Blueprints/Placeable/T_ContactShadow.uasset" 217
"../../../../../../shianneschrum/Desktop/ThesisFicka/Ficka/Content/HandheldARBP/Blueprints/Placeable/M_ContactShadow.uasset" 218
"../../../Engine/Content/EngineMaterials/DefaultMaterial.uasset" 219
"../../../Engine/Content/BasicShapes/Cone.uasset" 220
"../../../Engine/Content/BasicShapes/Cylinder.uasset" 221
"../../../Engine/Content/BasicShapes/Plane.uasset" 222
"../../../Engine/Content/BasicShapes/Sphere.uasset" 223
"../../../../../../shianneschrum/Desktop/ThesisFicka/Ficka/Content/HandheldARBP/Blueprints/Placeable/BP_Placeable.uasset" 224
"../../../../../../shianneschrum/Desktop/ThesisFicka/Ficka/Content/HandheldARBP/Blueprints/UI/BP_DebugMenu.uasset" 225
"../../../../../../shianneschrum/Desktop/ThesisFicka/Ficka/Content/HandheldARBP/Blueprints/UI/BP_MainMenu.uasset" 226
"../../../../../../shianneschrum/Desktop/ThesisFicka/Ficka/Content/HandheldARBP/Blueprints/GameFramework/BP_ARPawn.uasset" 227
"../../../../../../shianneschrum/Desktop/ThesisFicka/Ficka/Content/HandheldARBP/Blueprints/GameFramework/BP_ARPlayerController.uasset" 228
"../../../../../../shianneschrum/Desktop/ThesisFicka/Ficka/Content/HandheldARBP/Blueprints/GameFramework/BP_ARGameMode.uasset" 229
"../../../Engine/Content/Functions/Engine_MaterialFunctions01/Vectors/MF_RotateVector_90.uasset" 230
"../../../Engine/Content/Functions/Engine_MaterialFunctions02/Math/Pi.uasset" 231
"../../../Engine/Content/Functions/Engine_MaterialFunctions02/Utility/BlendAngleCorrectedNormals.uasset" 232
"../../../Engine/Content/Functions/Engine_MaterialFunctions02/Utility/CameraDirectionVector.uasset" 233
"../../../Engine/Content/Functions/Engine_MaterialFunctions02/Utility/Sign.uasset" 234
"../../../Engine/Content/EngineMaterials/BlendFunc_DefBase.uasset" 235
"../../../Engine/Content/EngineMaterials/BlendFunc_DefBlend.uasset" 236
"../../../Engine/Content/Functions/Engine_MaterialFunctions03/Blends/Blend_Screen.uasset" 237
"../../../Engine/Content/Functions/Engine_MaterialFunctions03/ComplexMotion/Motion_4WayChaos.uasset" 238
"../../../Engine/Content/Engine_MI_Shaders/T_Base_Tile_Normal.uasset" 239
"../../../Engine/Content/Functions/Engine_MaterialFunctions03/ComplexMotion/Motion_4WayChaos_Normal.uasset" 240
"../../../Engine/Content/Functions/Engine_MaterialFunctions03/Procedurals/NormalFromFunction.uasset" 241
"../../../../../../shianneschrum/Desktop/ThesisFicka/Ficka/Content/BaseMaterials/Functions/Exp2.uasset" 242
"../../../../../../shianneschrum/Desktop/ThesisFicka/Ficka/Content/BaseMaterials/Functions/Camera2PixelDistance_F.uasset" 243
"../../../../../../shianneschrum/Desktop/ThesisFicka/Ficka/Content/FX/Noise_RGB.uasset" 244
"../../../../../../shianneschrum/Desktop/ThesisFicka/Ficka/Content/BaseMaterials/Functions/DiscMappingUVs_F.uasset" 245
"../../../../../../shianneschrum/Desktop/ThesisFicka/Ficka/Content/BaseMaterials/Functions/FakeDirectionalComponent_F.uasset" 246
"../../../../../../shianneschrum/Desktop/ThesisFicka/Ficka/Content/BaseMaterials/Functions/Ocean_GerstnerWavefunction_F.uasset" 247
"../../../../../../shianneschrum/Desktop/ThesisFicka/Ficka/Content/BaseMaterials/RimeParamCollection.uasset" 248
"../../../../../../shianneschrum/Desktop/ThesisFicka/Ficka/Content/BaseMaterials/Samples/lut.uasset" 249
"../../../../../../shianneschrum/Desktop/ThesisFicka/Ficka/Content/BaseMaterials/SeaShaders/Textures/clearsky.uasset" 250
"../../../../../../shianneschrum/Desktop/ThesisFicka/Ficka/Content/BaseMaterials/SeaShaders/Textures/T_LargeWaves_N.uasset" 251
"../../../../../../shianneschrum/Desktop/ThesisFicka/Ficka/Content/BaseMaterials/SeaShaders/Textures/T_Seafoam_01.uasset" 252
"../../../../../../shianneschrum/Desktop/ThesisFicka/Ficka/Content/BaseMaterials/SeaShaders/Textures/T_SmallWaves_N.uasset" 253
"../../../../../../shianneschrum/Desktop/ThesisFicka/Ficka/Content/FX/Waters/Seapattern3.uasset" 254
"../../../../../../shianneschrum/Desktop/ThesisFicka/Ficka/Content/BaseMaterials/SeaShaders/Shaders/OceanMaster_M.uasset" 255
"../../../../../../shianneschrum/Desktop/ThesisFicka/Ficka/Content/BaseMaterials/Samples/LUTnewsea.uasset" 256
"../../../../../../shianneschrum/Desktop/ThesisFicka/Ficka/Content/BaseMaterials/SeaShaders/Settings/Settings_SeaStage1.uasset" 257
"../../../../../../shianneschrum/Desktop/ThesisFicka/Ficka/Content/Custom/Texture/SunRaysSmall.uasset" 258
"../../../../../../shianneschrum/Desktop/ThesisFicka/Ficka/Content/Custom/Materials/SunRays_M.uasset" 259
"../../../Engine/Content/Functions/Engine_MaterialFunctions02/Utility/VectorLength.uasset" 260
"../../../Engine/Content/Functions/Engine_MaterialFunctions01/Gradient/BoxMask-3D.uasset" 261
"../../../../../../shianneschrum/Desktop/ThesisFicka/Ficka/Content/Custom/Materials/CustomCollection.uasset" 262
"../../../../../../shianneschrum/Desktop/ThesisFicka/Ficka/Content/Custom/Materials/Sun_M.uasset" 263
"../../../../../../shianneschrum/Desktop/ThesisFicka/Ficka/Content/Custom/Materials/WaterDepth_MF.uasset" 264
"../../../../../../shianneschrum/Desktop/ThesisFicka/Ficka/Content/Custom/Images/Sun_ImageTrack.uasset" 265
"../../../../../../shianneschrum/Desktop/ThesisFicka/Ficka/Content/Custom/Images/Asset_18.uasset" 266
"../../../../../../shianneschrum/Desktop/ThesisFicka/Ficka/Content/Custom/SubstanceTextures/Leaves/PalmLeaf_INST_AO.uasset" 267
"../../../../../../shianneschrum/Desktop/ThesisFicka/Ficka/Content/Custom/SubstanceTextures/Leaves/PalmLeaf_INST_normal.uasset" 268
"../../../../../../shianneschrum/Desktop/ThesisFicka/Ficka/Content/Custom/SubstanceTextures/Leaves/Tree_Trunk01_Tree_BaseColor.uasset" 269
"../../../../../../shianneschrum/Desktop/ThesisFicka/Ficka/Content/Custom/SubstanceTextures/Leaves/PalmLeaf_INST_roughness.uasset" 270
"../../../../../../shianneschrum/Desktop/ThesisFicka/Ficka/Content/Custom/SubstanceTextures/Leaves/PalmLeaf_INST_metallic.uasset" 271
"../../../../../../shianneschrum/Desktop/ThesisFicka/Ficka/Content/Custom/SubstanceTextures/Leaves/Tree_Trunk01_Tree_OcclusionRoughnessMetallic.uasset" 272
"../../../../../../shianneschrum/Desktop/ThesisFicka/Ficka/Content/Custom/SubstanceTextures/Sand/Sand_INST_AO.uasset" 273
"../../../../../../shianneschrum/Desktop/ThesisFicka/Ficka/Content/Custom/SubstanceTextures/Sand/Sand_INST_basecolor.uasset" 274
"../../../../../../shianneschrum/Desktop/ThesisFicka/Ficka/Content/Custom/SubstanceTextures/Sand/Sand_INST_metallic.uasset" 275
"../../../../../../shianneschrum/Desktop/ThesisFicka/Ficka/Content/Custom/SubstanceTextures/Sand/Sand_INST_normal.uasset" 276
"../../../../../../shianneschrum/Desktop/ThesisFicka/Ficka/Content/Custom/SubstanceTextures/Sand/Sand_INST_roughness.uasset" 277
"../../../../../../shianneschrum/Desktop/ThesisFicka/Ficka/Content/Custom/SubstanceTextures/Sand/Sand_MAT.uasset" 278
"../../../../../../shianneschrum/Desktop/ThesisFicka/Ficka/Content/Custom/SubstanceTextures/Sand/SandTexture.uasset" 279
"../../../../../../shianneschrum/Desktop/ThesisFicka/Ficka/Content/Custom/Meshes/Tree01_SkeletalMesh.uasset" 280
"../../../../../../shianneschrum/Desktop/ThesisFicka/Ficka/Content/Custom/Meshes/Tree01_Test2.uasset" 281
"../../../../../../shianneschrum/Desktop/ThesisFicka/Ficka/Content/Custom/Meshes/LandMesh_SM.uasset" 282
"../../../../../../shianneschrum/Desktop/ThesisFicka/Ficka/Content/Custom/Materials/Invisible_M.uasset" 283
"../../../../../../shianneschrum/Desktop/ThesisFicka/Ficka/Content/Custom/Meshes/BeachHouse.uasset" 284
"../../../../../../shianneschrum/Desktop/ThesisFicka/Ficka/Content/Custom/Meshes/Tree01_Enter_Anim.uasset" 285
"../../../../../../shianneschrum/Desktop/ThesisFicka/Ficka/Content/Custom/Meshes/Sun/Sun_Shine_Sun_Anim.uasset" 286
"../../../../../../shianneschrum/Desktop/ThesisFicka/Ficka/Content/Custom/Meshes/Sun/Sun_low_Sun_Normal.uasset" 287
"../../../../../../shianneschrum/Desktop/ThesisFicka/Ficka/Content/Custom/SubstanceTextures/Leaves/PalmLeaf_INST_basecolor.uasset" 288
"../../../../../../shianneschrum/Desktop/ThesisFicka/Ficka/Content/Custom/SubstanceTextures/Leaves/PalmLeaf_INST_Opacity.uasset" 289
"../../../../../../shianneschrum/Desktop/ThesisFicka/Ficka/Content/Custom/Meshes/Trees/Materials/M_Leaf_PARENT.uasset" 290
"../../../../../../shianneschrum/Desktop/ThesisFicka/Ficka/Content/Custom/Meshes/Dolphin/Dolphin_Jump01_Anim_Montage.uasset" 291
"../../../../../../shianneschrum/Desktop/ThesisFicka/Ficka/Content/Custom/Meshes/Dolphin/Dolphin_Eyes.uasset" 292
"../../../../../../shianneschrum/Desktop/ThesisFicka/Ficka/Content/Custom/Meshes/Dolphin/Dolphin_Jump03_Anim_Montage.uasset" 293
"../../../../../../shianneschrum/Desktop/ThesisFicka/Ficka/Content/Custom/Meshes/Dolphin/Dolphin_Jump02_Anim_Montage.uasset" 294
"../../../../../../shianneschrum/Desktop/ThesisFicka/Ficka/Content/Custom/Meshes/Chair/Cloth_Blue.uasset" 295
"../../../../../../shianneschrum/Desktop/ThesisFicka/Ficka/Content/Custom/Meshes/SurfBoard/Materials/SurfBoard_01_MI.uasset" 296
"../../../../../../shianneschrum/Desktop/ThesisFicka/Ficka/Content/Custom/Meshes/Umbrella/Umbrella_PhysicsAsset.uasset" 297
"../../../../../../shianneschrum/Desktop/ThesisFicka/Ficka/Content/Custom/Texture/SunRaysLArge.uasset" 298
"../../../../../../shianneschrum/Desktop/ThesisFicka/Ficka/Content/Custom/Texture/TestTriangle_T.uasset" 299
"../../../Engine/Content/Maps/Templates/Thumbnails/Default.uasset" 300
"../../../Engine/Content/Maps/Templates/Thumbnails/TimeOfDay.uasset" 301
"../../../Engine/Content/Maps/Templates/Thumbnails/VR-Basic.uasset" 302
"../../../Engine/Content/MobileResources/T_MobileControls_texture.uasset" 303
"../../../Engine/Content/MobileResources/T_MobileMenu2.uasset" 304
"../../../Engine/Content/MobileResources/HUD/MobileHUDDirectionPad3.uasset" 305
"../../../Engine/Content/MobileResources/HUD/MobileHUDButton2_off.uasset" 306
"../../../Engine/Content/MobileResources/HUD/MobileHUDButton3.uasset" 307
"../../../Engine/Content/MobileResources/HUD/T_Castle_ThumbstickInner.uasset" 308
"../../../Engine/Content/MobileResources/HUD/MobileHUDDirectionStick.uasset" 309
"../../../Engine/Content/MobileResources/HUD/VirtualJoystick_Background.uasset" 310
"../../../Engine/Content/MobileResources/HUD/VirtualJoystick_Thumb.uasset" 311
"../../../Engine/Content/MobileResources/HUD/DefaultVirtualJoysticks.uasset" 312
"../../../Engine/Content/MobileResources/HUD/T_Castle_ThumbstickOutter.uasset" 313
"../../../Engine/Content/MobileResources/HUD/MobileHUDButton2_on.uasset" 314
"../../../Engine/Content/MobileResources/HUD/MobileHUDDirectionPad2.uasset" 315
"../../../Engine/Content/MobileResources/HUD/MobileHUDDirectionPad.uasset" 316
"../../../Engine/Content/MobileResources/HUD/AnalogHat.uasset" 317
"../../../Engine/Content/MobileResources/HUD/MobileHUDButton1_on.uasset" 318
"../../../Engine/Content/MobileResources/HUD/MobileHUDButtonFire.uasset" 319
"../../../Engine/Content/MobileResources/HUD/LeftVirtualJoystickOnly.uasset" 320
"../../../Engine/Content/MobileResources/HUD/MobileHUDButton1_off.uasset" 321
"../../../Engine/Content/Tutorial/ContentIntroCurve.uasset" 322
"../../../Engine/Content/Tutorial/Basics/LevelEditorAttract.uasset" 323
"../../../Engine/Content/Tutorial/Mobile/TutorialAssets/IOS.uasset" 324
"../../../Engine/Content/Tutorial/Mobile/CreatingSigningCertAndProvisionTutorial.uasset" 325
"../../../Engine/Content/EngineResources/DefaultTextureCube.uasset" 326
"../../../Engine/Content/EngineResources/DefaultTexture.uasset" 327
"../../../Engine/Content/EngineResources/Black.uasset" 328
"../../../Engine/Content/EngineResources/DefaultVolumeTexture2D.uasset" 329
"../../../Engine/Content/EngineResources/DefaultVolumeTexture.uasset" 330
"../../../Engine/Content/EngineResources/GradientTexture0.uasset" 331
"../../../Engine/Content/EditorLandscapeResources/DataLayer.uasset" 332
"../../../Engine/Content/EditorSounds/Notifications/CompileSuccess.uasset" 333
"../../../Engine/Content/EditorSounds/Notifications/CompileSuccess_Cue.uasset" 334
"../../../Engine/Content/EditorSounds/Notifications/CompileFailed.uasset" 335
"../../../Engine/Content/EditorSounds/Notifications/CompileFailed_Cue.uasset" 336
"../../../Engine/Content/EditorSounds/Notifications/CompileStart_Cue.uasset" 337
"../../../Engine/Content/EditorMaterials/Camera/CineMat.uasset" 338
"../../../Engine/Content/EditorMaterials/Camera/MI_CineMat_Rig.uasset" 339
"../../../Engine/Content/EditorMeshes/Camera/SM_CraneRig_Body.uasset" 340
"../../../Engine/Content/EditorMeshes/Camera/SM_RailRig_Mount.uasset" 341
"../../../Engine/Content/EditorMeshes/Camera/SM_CraneRig_Base.uasset" 342
"../../../Engine/Content/EditorMeshes/Camera/SM_CraneRig_Mount.uasset" 343
"../../../Engine/Content/EditorMeshes/Camera/SM_CraneRig_Arm.uasset" 344
"../../../Engine/Content/EditorMeshes/Camera/SM_RailRig_Track.uasset" 345
"../../../Engine/Content/EngineFonts/Faces/DroidSansFallback.uasset" 346
"../../../Engine/Content/EngineFonts/Faces/RobotoBold.uasset" 347
"../../../Engine/Content/EngineFonts/Faces/RobotoBoldItalic.uasset" 348
"../../../Engine/Content/EngineFonts/Faces/RobotoItalic.uasset" 349
"../../../Engine/Content/EngineFonts/Faces/RobotoLight.uasset" 350
"../../../Engine/Content/EngineFonts/Faces/RobotoRegular.uasset" 351
"../../../Engine/Content/EngineFonts/Roboto.uasset" 352
"../../../Engine/Content/EngineDamageTypes/DmgTypeBP_Environmental.uasset" 353
"../../../Engine/Content/ArtTools/RenderToTexture/Meshes/S_1_Unit_Plane.uasset" 354
"../../../Engine/Content/Animation/DefaultAnimCurveCompressionSettings.uasset" 355
"../../../Engine/Content/EngineResources/WhiteSquareTexture.uasset" 356
"../../../Engine/Content/EngineMaterials/Widget3DPassThrough.uasset" 357
"../../../Engine/Content/EngineMaterials/Widget3DPassThrough_Masked.uasset" 358
"../../../Engine/Content/EngineMaterials/WeightMapPlaceholderTexture.uasset" 359
"../../../Engine/Content/EngineMaterials/Widget3DPassThrough_Translucent.uasset" 360
"../../../Engine/Content/EngineMaterials/Widget3DPassThrough_Translucent_OneSided.uasset" 361
"../../../Engine/Content/Functions/Engine_MaterialFunctions02/WorldPositionOffset/CameraOffset.uasset" 362
"../../../Engine/Content/EngineMaterials/PhAT_JointLimitMaterial.uasset" 363
"../../../Engine/Content/EngineMaterials/GizmoMaterial.uasset" 364
"../../../Engine/Content/EngineMaterials/BlueNoise.uasset" 365
"../../../Engine/Content/EngineMaterials/DefaultWhiteGrid_Low.uasset" 366
"../../../Engine/Content/EngineMaterials/EmissiveMeshMaterial.uasset" 367
"../../../Engine/Content/EngineMaterials/Widget3DPassThrough_Opaque.uasset" 368
"../../../Engine/Content/EngineMaterials/Widget3DPassThrough_Masked_OneSided.uasset" 369
"../../../Engine/Content/EngineMaterials/Good64x64TilingNoiseHighFreq.uasset" 370
"../../../Engine/Content/EngineMaterials/DefaultBloomKernel.uasset" 371
"../../../Engine/Content/EngineMaterials/RemoveSurfaceMaterial.uasset" 372
"../../../Engine/Content/EngineMaterials/DefaultDeferredDecalMaterial.uasset" 373
"../../../Engine/Content/EngineMaterials/HairDefaultMaterial.uasset" 374
"../../../Engine/Content/EngineMaterials/DefaultPostProcessMaterial.uasset" 375
"../../../Engine/Content/EngineMaterials/DefaultPhysicalMaterial.uasset" 376
"../../../Engine/Content/EngineMaterials/BaseFlattenDiffuseMap.uasset" 377
"../../../Engine/Content/EngineMaterials/BaseFlattenEmissiveMap.uasset" 378
"../../../Engine/Content/EngineMaterials/BaseFlattenGrayscaleMap.uasset" 379
"../../../Engine/Content/EngineMaterials/BaseFlattenNormalMap.uasset" 380
"../../../Engine/Content/EngineMaterials/BaseFlattenMaterial.uasset" 381
"../../../Engine/Content/EngineMaterials/InvalidLightmapSettings.uasset" 382
"../../../Engine/Content/EngineMaterials/M_InvalidLightmapSettings.uasset" 383
"../../../Engine/Content/EngineFonts/RobotoDistanceField.uasset" 384
"../../../Engine/Content/EngineMaterials/DefaultTextMaterialOpaque.uasset" 385
"../../../Engine/Content/EngineMaterials/PreintegratedSkinBRDF.uasset" 386
"../../../Engine/Content/EngineMaterials/DefaultVirtualTextureMaterial.uasset" 387
"../../../Engine/Content/EngineMaterials/Widget3DPassThrough_Opaque_OneSided.uasset" 388
"../../../Engine/Content/EngineMaterials/DefaultBokeh.uasset" 389
"../../../Engine/Content/EngineMaterials/DefaultLightFunctionMaterial.uasset" 390
"../../../Engine/Content/EngineMaterials/MiniFont.uasset" 391
"../../../Engine/Content/EngineMaterials/DefaultWhiteGrid.uasset" 392
"../../../Engine/Content/EngineDebugMaterials/DebugEditorMaterial.uasset" 393
"../../../Engine/Content/EngineDebugMaterials/WireframeMaterial.uasset" 394
"../../../Engine/Content/EngineDebugMaterials/VolumeToRender.uasset" 395
"../../../Engine/Content/EngineDebugMaterials/M_VolumeRenderSphereTracePP.uasset" 396
"../../../Engine/Content/EngineDebugMaterials/DebugMeshMaterial.uasset" 397
"../../../Engine/Content/EngineDebugMaterials/M_SimpleTranslucent.uasset" 398
"../../../Engine/Content/EditorResources/S_Note.uasset" 399
"../../../Engine/Content/EditorResources/S_Solver.uasset" 400
"../../../Engine/Content/EditorResources/S_Trigger.uasset" 401
"../../../Engine/Content/EditorResources/S_Actor.uasset" 402
"../../../Engine/Content/EditorResources/EmptyActor.uasset" 403
"../../../Engine/Content/EditorResources/BSPVertex.uasset" 404
"../../../Engine/Content/EditorResources/SequenceRecorder/Countdown.uasset" 405
"../../../Engine/Content/EditorResources/SequenceRecorder/RecordingIndicator.uasset" 406
"../../../Engine/Content/EditorResources/AudioIcons/S_AudioComponent_AutoActivate.uasset" 407
"../../../Engine/Content/EditorResources/LightIcons/S_LightError.uasset" 408
"../../../Engine/Content/Functions/Engine_MaterialFunctions01/Shading/ConvertFromDiffSpec.uasset" 409
"../../../Engine/Content/Functions/Engine_MaterialFunctions01/Shading/PowerToRoughness.uasset" 410
"../../../Engine/Content/EditorMaterials/PreviewShadowIndicator.uasset" 411
"../../../Engine/Content/EditorMaterials/PreviewShadowIndicatorMaterial.uasset" 412
"../../../Engine/Content/EditorMaterials/MAT_Groups_Toggle.uasset" 413
"../../../Engine/Content/EditorMaterials/MAT_Groups_Visibility.uasset" 414
"../../../Engine/Content/EditorMaterials/ParticleSystems/PSysThumbnail_NoImage.uasset" 415
"../../../Engine/Content/EditorMaterials/ParticleSystems/PSysThumbnail_OOD.uasset" 416
"../../../Engine/Content/EditorMaterials/MatineeGroups/MAT_Groups_Vector.uasset" 417
"../../../Engine/Content/EditorMaterials/MatineeGroups/MAT_ColorTrack.uasset" 418
"../../../Engine/Content/EditorMaterials/MatineeGroups/MAT_Groups_AudioMaster.uasset" 419
"../../../Engine/Content/EditorMaterials/MatineeGroups/MAT_Groups_Sound.uasset" 420
"../../../Engine/Content/EditorMaterials/MatineeGroups/MAT_Groups_Float.uasset" 421
"../../../Engine/Content/EditorMaterials/MatineeGroups/MAT_Groups_Director.uasset" 422
"../../../Engine/Content/EditorMaterials/MatineeGroups/MAT_Groups_Move.uasset" 423
"../../../Engine/Content/EditorMaterials/MatineeGroups/MAT_Groups_Event.uasset" 424
"../../../Engine/Content/EditorMaterials/MatineeGroups/MAT_Groups_Fade.uasset" 425
"../../../Engine/Content/EditorMaterials/MatineeGroups/MAT_Groups_Anim.uasset" 426
"../../../Engine/Content/EditorMaterials/MatineeGroups/MAT_Groups_Slomo.uasset" 427
"../../../Engine/Content/EngineSounds/Master.uasset" 428
"../../../Engine/Content/EngineMeshes/Cylinder.uasset" 429
"../../../Engine/Content/EngineMeshes/Sphere.uasset" 430
"../../../Engine/Content/VREditor/LaserPointer/VR_LaserPower_01.uasset" 431
"../../../Engine/Content/VREditor/TransformGizmo/TransformGizmoMaterial.uasset" 432
"../../../Engine/Content/VREditor/TransformGizmo/TranslucentTransformGizmoMaterial.uasset" 433
"../../../Engine/Content/VREditor/TransformGizmo/PlaneTranslationHandle.uasset" 434
"../../../Engine/Content/VREditor/TransformGizmo/Main.uasset" 435
"../../../Engine/Content/VREditor/TransformGizmo/Xray.uasset" 436
"../../../Engine/Content/VREditor/TransformGizmo/SM_Sequencer_Key.uasset" 437
"../../../Engine/Content/VREditor/TransformGizmo/BoundingBoxCorner.uasset" 438
"../../../Engine/Content/VREditor/TransformGizmo/SM_Sequencer_Node.uasset" 439
"../../../Engine/Content/VREditor/TransformGizmo/BoundingBoxEdge.uasset" 440
"../../Plugins/Runtime/AR/Apple/AppleARKit/Content/M_CameraOverlay.uasset" 441
"../../../Engine/Content/Functions/Engine_MaterialFunctions02/Utility/MakeFloat2.uasset" 442
"../../Plugins/Runtime/AR/Apple/AppleARKit/Content/M_OcclusionOverlay.uasset" 443
"../../Plugins/Runtime/AR/Apple/AppleARKit/Content/MI_DepthOcclusionOverlay.uasset" 444
"../../Plugins/Runtime/AR/Apple/AppleARKit/Content/MI_MatteOcclusionOverlay.uasset" 445
"../../../Engine/Content/ArtTools/RenderToTexture/Textures/127grey.uasset" 446
"../../Plugins/Runtime/AR/Google/GoogleARCore/Content/GoogleARCorePassthroughCameraMaterial.uasset" 447
"../../Plugins/2D/Paper2D/Content/PlaceholderTextures/DummySpriteTexture.uasset" 448
"../../Plugins/2D/Paper2D/Content/DummySpriteTexture.uasset" 449
"../../Plugins/2D/Paper2D/Content/DefaultSpriteMaterial.uasset" 450
"../../Plugins/2D/Paper2D/Content/OpaqueUnlitSpriteMaterial.uasset" 451
"../../Plugins/2D/Paper2D/Content/DummySprite.uasset" 452
"../../Plugins/2D/Paper2D/Content/DefaultPaperTerrainMaterial.uasset" 453
"../../Plugins/2D/Paper2D/Content/MaskedUnlitSpriteMaterial.uasset" 454
"../../../Engine/Content/EngineSky/C_Sky_Cloud_Color.uasset" 455
"../../../Engine/Content/EngineSky/C_Sky_Horizon_Color.uasset" 456
"../../../Engine/Content/EngineSky/C_Sky_Zenith_Color.uasset" 457
"../../../Engine/Content/EngineSky/T_Sky_Blue.uasset" 458
"../../../Engine/Content/EngineSky/T_Sky_Clouds_M.uasset" 459
"../../../Engine/Content/EngineSky/T_Sky_Stars.uasset" 460
"../../../Engine/Content/EngineSky/M_Sky_Panning_Clouds2.uasset" 461
"../../../Engine/Content/EngineSky/SM_SkySphere.uasset" 462
"../../../Engine/Content/EngineSky/BP_Sky_Sphere.uasset" 463
"../../../../../../shianneschrum/Desktop/ThesisFicka/Ficka/Content/WaterMaterials/Blueprints/BP_Sunlight.uasset" 464
"../../../../../../shianneschrum/Desktop/ThesisFicka/Ficka/Content/WaterMaterials/Materials/M_Caustics.uasset" 465
"../../../Engine/Content/Functions/Engine_MaterialFunctions02/Utility/Swizzle.uasset" 466
"../../../../../../shianneschrum/Desktop/ThesisFicka/Ficka/Content/WaterMaterials/Materials/MF_RiverWavesWPO.uasset" 467
"../../../../../../shianneschrum/Desktop/ThesisFicka/Ficka/Content/WaterMaterials/Materials/MF_RiverDepth_UVs.uasset" 468
"../../../../../../shianneschrum/Desktop/ThesisFicka/Ficka/Content/WaterMaterials/Textures/T_Lake_Waves01.uasset" 469
"../../../../../../shianneschrum/Desktop/ThesisFicka/Ficka/Content/WaterMaterials/Textures/T_Lake_Waves01_Normals.uasset" 470
"../../../../../../shianneschrum/Desktop/ThesisFicka/Ficka/Content/WaterMaterials/Textures/T_Lake_Waves02.uasset" 471
"../../../../../../shianneschrum/Desktop/ThesisFicka/Ficka/Content/WaterMaterials/Textures/T_Lake_Waves02_Normals.uasset" 472
"../../../../../../shianneschrum/Desktop/ThesisFicka/Ficka/Content/WaterMaterials/Textures/T_Water_EdgeNormals.uasset" 473
"../../../../../../shianneschrum/Desktop/ThesisFicka/Ficka/Content/WaterMaterials/Textures/T_Water_Normal_Subtle.uasset" 474
"../../../../../../shianneschrum/Desktop/ThesisFicka/Ficka/Content/WaterMaterials/Materials/M_Lake.uasset" 475
"../../../../../../shianneschrum/Desktop/ThesisFicka/Ficka/Content/WaterMaterials/Materials/M_Lake_Cheaper.uasset" 476
"../../../../../../shianneschrum/Desktop/ThesisFicka/Ficka/Content/WaterMaterials/Materials/MF_Foam_Motion.uasset" 477
"../../../../../../shianneschrum/Desktop/ThesisFicka/Ficka/Content/WaterMaterials/Materials/MF_OceanWave_Motion.uasset" 478
"../../../../../../shianneschrum/Desktop/ThesisFicka/Ficka/Content/WaterMaterials/Textures/T_Ocean_Waves_Shore.uasset" 479
"../../../../../../shianneschrum/Desktop/ThesisFicka/Ficka/Content/WaterMaterials/Textures/T_Ocean_Waves_Shore_Normals.uasset" 480
"../../../../../../shianneschrum/Desktop/ThesisFicka/Ficka/Content/WaterMaterials/Materials/M_Ocean.uasset" 481
"../../../../../../shianneschrum/Desktop/ThesisFicka/Ficka/Content/WaterMaterials/Materials/M_Ocean_Cheaper.uasset" 482
"../../../../../../shianneschrum/Desktop/ThesisFicka/Ficka/Content/WaterMaterials/Materials/M_Ocean_Distance.uasset" 483
"../../../../../../shianneschrum/Desktop/ThesisFicka/Ficka/Content/WaterMaterials/Materials/M_Ocean_Radial.uasset" 484
"../../../../../../shianneschrum/Desktop/ThesisFicka/Ficka/Content/WaterMaterials/Materials/M_Ocean_Radial_Cheaper.uasset" 485
"../../../../../../shianneschrum/Desktop/ThesisFicka/Ficka/Content/WaterMaterials/Materials/M_Rapids_Cheaper.uasset" 486
"../../../../../../shianneschrum/Desktop/ThesisFicka/Ficka/Content/WaterMaterials/Textures/T_River_Waves01.uasset" 487
"../../../../../../shianneschrum/Desktop/ThesisFicka/Ficka/Content/WaterMaterials/Textures/T_River_Waves01_Normals.uasset" 488
"../../../../../../shianneschrum/Desktop/ThesisFicka/Ficka/Content/WaterMaterials/Textures/T_River_Waves02.uasset" 489
"../../../../../../shianneschrum/Desktop/ThesisFicka/Ficka/Content/WaterMaterials/Textures/T_River_Waves02_Normals.uasset" 490
"../../../../../../shianneschrum/Desktop/ThesisFicka/Ficka/Content/WaterMaterials/Materials/M_River.uasset" 491
"../../../../../../shianneschrum/Desktop/ThesisFicka/Ficka/Content/WaterMaterials/Materials/M_River_Cheaper.uasset" 492
"../../../../../../shianneschrum/Desktop/ThesisFicka/Ficka/Content/WaterMaterials/Materials/M_Water_Clean.uasset" 493
"../../../../../../shianneschrum/Desktop/ThesisFicka/Ficka/Content/WaterMaterials/Materials/M_Water_Clean_Cheaper.uasset" 494
"../../../../../../shianneschrum/Desktop/ThesisFicka/Ficka/Content/WaterMaterials/Materials/M_Water_Opaque.uasset" 495
"../../../Engine/Content/Functions/Engine_MaterialFunctions02/Utility/DebugFloat2Values.uasset" 496
"../../../Engine/Content/Functions/Engine_MaterialFunctions02/ExampleContent/Textures/flipbook.uasset" 497
"../../../Engine/Content/Functions/Engine_MaterialFunctions02/Texturing/FlipBook.uasset" 498
"../../../Engine/Content/Functions/Engine_MaterialFunctions02/Utility/Round.uasset" 499
"../../../../../../shianneschrum/Desktop/ThesisFicka/Ficka/Content/WaterMaterials/Textures/T_Water_Gradient.uasset" 500
"../../../../../../shianneschrum/Desktop/ThesisFicka/Ficka/Content/WaterMaterials/Textures/T_Water_Pixelated.uasset" 501
"../../../../../../shianneschrum/Desktop/ThesisFicka/Ficka/Content/WaterMaterials/Materials/M_Water_Pixelated.uasset" 502
"../../../../../../shianneschrum/Desktop/ThesisFicka/Ficka/Content/WaterMaterials/Textures/T_Waterfall_Foam.uasset" 503
"../../../../../../shianneschrum/Desktop/ThesisFicka/Ficka/Content/WaterMaterials/Textures/T_Waterfall_Foam_Directional.uasset" 504
"../../../../../../shianneschrum/Desktop/ThesisFicka/Ficka/Content/WaterMaterials/Materials/M_Waterfall.uasset" 505
"../../../../../../shianneschrum/Desktop/ThesisFicka/Ficka/Content/WaterMaterials/Materials/M_Waterfall_Cheaper.uasset" 506
"../../../../../../shianneschrum/Desktop/ThesisFicka/Ficka/Content/WaterMaterials/Materials/MIC_Lake_Waterfall.uasset" 507
"../../../../../../shianneschrum/Desktop/ThesisFicka/Ficka/Content/WaterMaterials/Materials/MIC_Lake_Waterfall_Cheaper.uasset" 508
"../../../../../../shianneschrum/Desktop/ThesisFicka/Ficka/Content/WaterMaterials/Textures/T_Noise_Progressive.uasset" 509
"../../../../../../shianneschrum/Desktop/ThesisFicka/Ficka/Content/WaterMaterials/Textures/T_Pond_Foam.uasset" 510
"../../../../../../shianneschrum/Desktop/ThesisFicka/Ficka/Content/WaterMaterials/Textures/T_Pond_Moss.uasset" 511
"../../../../../../shianneschrum/Desktop/ThesisFicka/Ficka/Content/WaterMaterials/Textures/T_Pond_Plants.uasset" 512
"../../../../../../shianneschrum/Desktop/ThesisFicka/Ficka/Content/WaterMaterials/Textures/T_Pond_Scum.uasset" 513
"../../../../../../shianneschrum/Desktop/ThesisFicka/Ficka/Content/WaterMaterials/Textures/T_Pond_SurfacePlants.uasset" 514
"../../../../../../shianneschrum/Desktop/ThesisFicka/Ficka/Content/WaterMaterials/Textures/T_Pond_SurfacePlants_N.uasset" 515
"../../../../../../shianneschrum/Desktop/ThesisFicka/Ficka/Content/WaterMaterials/Materials/M_PondScum.uasset" 516
"../../../../../../shianneschrum/Desktop/ThesisFicka/Ficka/Content/WaterMaterials/Materials/MIC_PondScum.uasset" 517
"../../../../../../shianneschrum/Desktop/ThesisFicka/Ficka/Content/WaterMaterials/Materials/M_PondScum_Cheaper.uasset" 518
"../../../../../../shianneschrum/Desktop/ThesisFicka/Ficka/Content/WaterMaterials/Materials/MIC_PondScum_Cheaper.uasset" 519
"../../../../../../shianneschrum/Desktop/ThesisFicka/Ficka/Content/WaterMaterials/Textures/T_Riverbank.uasset" 520
"../../../../../../shianneschrum/Desktop/ThesisFicka/Ficka/Content/WaterMaterials/Textures/T_Riverbank_N.uasset" 521
"../../../../../../shianneschrum/Desktop/ThesisFicka/Ficka/Content/WaterMaterials/Materials/M_Riverbank.uasset" 522
"../../../../../../shianneschrum/Desktop/ThesisFicka/Ficka/Content/WaterMaterials/Materials/MIC_Riverbank_Pond.uasset" 523
"../../../../../../shianneschrum/Desktop/ThesisFicka/Ficka/Content/WaterMaterials/Materials/MIC_Waterfall_Arc_Cheaper.uasset" 524
"../../../Engine/Content/BasicShapes/Cube.uasset" 525
"../../../../../../shianneschrum/Desktop/ThesisFicka/Ficka/Content/WaterMaterials/Textures/T_Stone.uasset" 526
"../../../../../../shianneschrum/Desktop/ThesisFicka/Ficka/Content/WaterMaterials/Textures/T_Stone_N.uasset" 527
"../../../../../../shianneschrum/Desktop/ThesisFicka/Ficka/Content/WaterMaterials/Materials/M_River_Rock.uasset" 528
"../../../../../../shianneschrum/Desktop/ThesisFicka/Ficka/Content/WaterMaterials/Meshes/SM_Cliff.uasset" 529
"../../../../../../shianneschrum/Desktop/ThesisFicka/Ficka/Content/WaterMaterials/Textures/T_Sand.uasset" 530
"../../../../../../shianneschrum/Desktop/ThesisFicka/Ficka/Content/WaterMaterials/Textures/T_Sand_N.uasset" 531
"../../../../../../shianneschrum/Desktop/ThesisFicka/Ficka/Content/WaterMaterials/Materials/M_Sand.uasset" 532
"../../../../../../shianneschrum/Desktop/ThesisFicka/Ficka/Content/WaterMaterials/Meshes/SM_Island.uasset" 533
"../../../../../../shianneschrum/Desktop/ThesisFicka/Ficka/Content/WaterMaterials/Meshes/SM_LakeBank.uasset" 534
"../../../../../../shianneschrum/Desktop/ThesisFicka/Ficka/Content/WaterMaterials/Materials/M_Rapids.uasset" 535
"../../../../../../shianneschrum/Desktop/ThesisFicka/Ficka/Content/WaterMaterials/Meshes/SM_Rapids.uasset" 536
"../../../../../../shianneschrum/Desktop/ThesisFicka/Ficka/Content/WaterMaterials/Materials/M_RapidsBank.uasset" 537
"../../../../../../shianneschrum/Desktop/ThesisFicka/Ficka/Content/WaterMaterials/Meshes/SM_RapidsBank.uasset" 538
"../../../../../../shianneschrum/Desktop/ThesisFicka/Ficka/Content/WaterMaterials/Meshes/SM_River_Rock.uasset" 539
"../../../../../../shianneschrum/Desktop/ThesisFicka/Ficka/Content/WaterMaterials/Meshes/SM_Riverbank.uasset" 540
"../../../../../../shianneschrum/Desktop/ThesisFicka/Ficka/Content/WaterMaterials/Meshes/SM_Shore.uasset" 541
"../../../../../../shianneschrum/Desktop/ThesisFicka/Ficka/Content/WaterMaterials/Meshes/SM_Water_Plane.uasset" 542
"../../../../../../shianneschrum/Desktop/ThesisFicka/Ficka/Content/WaterMaterials/Materials/MIC_Waterfall_Arc.uasset" 543
"../../../../../../shianneschrum/Desktop/ThesisFicka/Ficka/Content/WaterMaterials/Meshes/SM_Waterfall_Arc.uasset" 544
"../../../../../../shianneschrum/Desktop/ThesisFicka/Ficka/Content/WaterMaterials/Meshes/SM_Waterfall_Base.uasset" 545
"../../../../../../shianneschrum/Desktop/ThesisFicka/Ficka/Content/WaterMaterials/Textures/T_FrameClamp.uasset" 546
"../../../../../../shianneschrum/Desktop/ThesisFicka/Ficka/Content/WaterMaterials/Textures/T_WaterSplash2.uasset" 547
"../../../../../../shianneschrum/Desktop/ThesisFicka/Ficka/Content/WaterMaterials/Textures/T_WaterSplash2_N.uasset" 548
"../../../../../../shianneschrum/Desktop/ThesisFicka/Ficka/Content/WaterMaterials/Materials/M_WaterSplash.uasset" 549
"../../../../../../shianneschrum/Desktop/ThesisFicka/Ficka/Content/WaterMaterials/Particles/P_Water_Splashes.uasset" 550
"../../../../../../shianneschrum/Desktop/ThesisFicka/Ficka/Content/WaterMaterials/Materials/M_Waterfall_Foam.uasset" 551
"../../../../../../shianneschrum/Desktop/ThesisFicka/Ficka/Content/WaterMaterials/Particles/P_Waterfall_Foam.uasset" 552
"../../../../../../shianneschrum/Desktop/ThesisFicka/Ficka/Content/WaterMaterials/Maps/Overview.umap" 553
"../../../../../../shianneschrum/Desktop/ThesisFicka/Ficka/Content/HandheldARBP/Maps/HandheldARBlankMap.umap" 554
"../../../../../../shianneschrum/Desktop/ThesisFicka/Ficka/Content/Custom/TestingMap_BuiltData.uasset" 555
"../../../Engine/Content/Functions/Engine_MaterialFunctions02/SplitComponents.uasset" 556
"../../../Engine/Content/MapTemplates/TilingNoise05.uasset" 557
"../../../Engine/Content/EngineSky/M_SkyTimeOfDay.uasset" 558
"../../../Engine/Content/TemplateResources/M_Template_Master.uasset" 559
"../../../Engine/Content/TemplateResources/MI_Template_BaseGray_02_Metal.uasset" 560
"../../../Engine/Content/TemplateResources/MI_Template_BaseGray_03_Metal.uasset" 561
"../../../Engine/Content/EngineMeshes/T_Mat_UnrealTech_01_D.uasset" 562
"../../../Engine/Content/EngineMeshes/M_Mat_UnrealTech.uasset" 563
"../../../Engine/Content/EngineMeshes/SM_MatPreviewMesh_01.uasset" 564
"../../../Engine/Content/MapTemplates/SM_Template_Map_Floor.uasset" 565
"../../../../../../shianneschrum/Desktop/ThesisFicka/Ficka/Content/Custom/TestingMap.umap" 566
"../../../../../../shianneschrum/Desktop/ThesisFicka/Ficka/Content/Custom/Maps/L_KentonAnimations.umap" 567
"../../../Engine/Content/Maps/Entry_BuiltData.uasset" 568
"../../../Engine/Content/Maps/Entry.umap" 569
